#
# A fatal error has been detected by the Java Runtime Environment:
#
#  SIGSEGV (0xb) at pc=0x76c46703, pid=5954, tid=2003319616
#
# JRE version: 6.0_24-b24
# Java VM: OpenJDK Server VM (20.0-b12 mixed mode linux-x86 )
# Derivative: IcedTea6 1.11.5
# Distribution: Ubuntu 12.04 LTS, package 6b24-1.11.5-0ubuntu1~12.04.1
# Problematic frame:
# C  [libXnVHandGenerator_1_5_2.so+0x9f703]  NAFarfield::Feedback(Box2D<int>&)+0x453
#
# If you would like to submit a bug report, please include
# instructions how to reproduce the bug and visit:
#   https://bugs.launchpad.net/ubuntu/+source/openjdk-6/
# The crash happened outside the Java Virtual Machine in native code.
# See problematic frame for where to report the bug.
#

---------------  T H R E A D  ---------------

Current thread (0x73a94800):  JavaThread "Thread-3" [_thread_in_native, id=5988, stack(0x77633000,0x77684000)]

siginfo:si_signo=SIGSEGV: si_errno=0, si_code=1 (SEGV_MAPERR), si_addr=0x7511a248

Registers:
EAX=0x750da290, EBX=0x76c9fff4, ECX=0x0000000a, EDX=0x0000ffee
ESP=0x77681990, EBP=0x78fe0bbc, ESI=0x00000015, EDI=0x756ffd68
EIP=0x76c46703, EFLAGS=0x00010202, CR2=0x7511a248

Top of Stack: (sp=0x77681990)
0x77681990:   78fe0bbc 78fe1710 0000009f 0000001e
0x776819a0:   0000003b 00000000 74b8d080 74b70df0
0x776819b0:   74bb2940 74b966b0 7543dfc0 75440540
0x776819c0:   75440540 0000008e 78bdcff4 78bb504f
0x776819d0:   776819f8 0052ba07 08f47c20 78ffc844
0x776819e0:   7543e600 78ffc844 74b600a0 00000024
0x776819f0:   0000008b 00000023 74b8b000 00000022
0x77681a00:   00000001 0000008e 7543ba40 00000002 

Instructions: (pc=0x76c46703)
0x76c466e3:   8b 8a d4 bc 01 00 89 d5 89 7c 24 7c 8b 7a 38 8b
0x76c466f3:   92 5c be 01 00 db 44 24 7c 0f b7 14 02 8b 47 38
0x76c46703:   d8 0c 90 8b 44 24 64 2b 44 24 6c 89 44 24 7c db
0x76c46713:   44 24 7c de c9 db 4c 24 7c 8b 44 24 7c 01 84 8d 

Register to memory mapping:

EAX=0x750da290 is an unknown value
EBX=0x76c9fff4: <offset 0xf8ff4> in /usr/lib/libXnVHandGenerator_1_5_2.so at 0x76ba7000
ECX=0x0000000a is an unknown value
EDX=0x0000ffee is an unknown value
ESP=0x77681990 is pointing into the stack for thread: 0x73a94800
EBP=0x78fe0bbc is an unknown value
ESI=0x00000015 is an unknown value
EDI=0x756ffd68 is an unknown value


Stack: [0x77633000,0x77684000],  sp=0x77681990,  free space=314k
Native frames: (J=compiled Java code, j=interpreted, Vv=VM code, C=native code)
C  [libXnVHandGenerator_1_5_2.so+0x9f703]  NAFarfield::Feedback(Box2D<int>&)+0x453

Java frames: (J=compiled Java code, j=interpreted, Vv=VM code)
j  org.OpenNI.NativeMethods.xnWaitAnyUpdateAll(J)I+0
j  org.OpenNI.Context.waitAnyUpdateAll()V+4
J  openGeppetto.HandTracker.updateDepth()V
j  openGeppetto.HandTrackerNUI.run()V+37
j  java.lang.Thread.run()V+11
v  ~StubRoutines::call_stub

---------------  P R O C E S S  ---------------

Java Threads: ( => current thread )
  0x711fcc00 JavaThread "Thread-4" [_thread_in_vm, id=5991, stack(0x7571f000,0x75770000)]
=>0x73a94800 JavaThread "Thread-3" [_thread_in_native, id=5988, stack(0x77633000,0x77684000)]
  0x78f64400 JavaThread "Thread-2" [_thread_in_native, id=5978, stack(0x78caf000,0x78d00000)]
  0x77868400 JavaThread "Thread-1" [_thread_in_native, id=5977, stack(0x78e14000,0x78e65000)]
  0x7785ec00 JavaThread "TimerQueue" daemon [_thread_blocked, id=5976, stack(0x7775e000,0x777af000)]
  0xb6605800 JavaThread "DestroyJavaVM" [_thread_blocked, id=5958, stack(0xb67b5000,0xb6806000)]
  0x7781cc00 JavaThread "AWT-EventQueue-0" [_thread_in_Java, id=5975, stack(0x777af000,0x77800000)]
  0x7781b800 JavaThread "AWT-Shutdown" [_thread_blocked, id=5974, stack(0x77b22000,0x77b73000)]
  0x7b0c7400 JavaThread "AWT-XAWT" daemon [_thread_in_native, id=5970, stack(0x7ac43000,0x7ac94000)]
  0x7b011400 JavaThread "Java2D Disposer" daemon [_thread_blocked, id=5969, stack(0x7ad55000,0x7ada6000)]
  0xb66a4400 JavaThread "Low Memory Detector" daemon [_thread_blocked, id=5967, stack(0x7b279000,0x7b2ca000)]
  0xb66a2800 JavaThread "C2 CompilerThread1" daemon [_thread_blocked, id=5966, stack(0x7b2ca000,0x7b34b000)]
  0xb66a0800 JavaThread "C2 CompilerThread0" daemon [_thread_blocked, id=5965, stack(0x7b34b000,0x7b3cc000)]
  0xb669f000 JavaThread "Signal Dispatcher" daemon [_thread_blocked, id=5964, stack(0x7b3cc000,0x7b41d000)]
  0xb668f800 JavaThread "Finalizer" daemon [_thread_blocked, id=5963, stack(0x7b61d000,0x7b66e000)]
  0xb668e000 JavaThread "Reference Handler" daemon [_thread_blocked, id=5962, stack(0x7b92e000,0x7b97f000)]

Other Threads:
  0xb668a400 VMThread [stack: 0x7b97f000,0x7ba00000] [id=5961]
  0xb66a6000 WatcherThread [stack: 0x7b1f8000,0x7b279000] [id=5968]

VM state:not at safepoint (normal execution)

VM Mutex/Monitor currently owned by a thread: None

Heap
 PSYoungGen      total 14144K, used 12497K [0xa38a0000, 0xa5440000, 0xb3540000)
  eden space 12160K, 90% used [0xa38a0000,0xa4360828,0xa4480000)
  from space 1984K, 74% used [0xa4480000,0xa45f3d68,0xa4670000)
  to   space 1984K, 0% used [0xa5250000,0xa5250000,0xa5440000)
 PSOldGen        total 32320K, used 0K [0x83f40000, 0x85ed0000, 0xa38a0000)
  object space 32320K, 0% used [0x83f40000,0x83f40000,0x85ed0000)
 PSPermGen       total 16384K, used 11024K [0x7bf40000, 0x7cf40000, 0x83f40000)
  object space 16384K, 67% used [0x7bf40000,0x7ca04108,0x7cf40000)

Code Cache  [0xb3600000, 0xb3840000, 0xb6600000)
 total_blobs=332 nmethods=100 adapters=186 free_code_cache=49814848 largest_free_block=7616

Dynamic libraries:
08048000-08051000 r-xp 00000000 08:05 1333819    /usr/lib/jvm/java-6-openjdk-i386/jre/bin/java
08051000-08052000 r--p 00008000 08:05 1333819    /usr/lib/jvm/java-6-openjdk-i386/jre/bin/java
08052000-08053000 rw-p 00009000 08:05 1333819    /usr/lib/jvm/java-6-openjdk-i386/jre/bin/java
08ea8000-09014000 rw-p 00000000 00:00 0          [heap]
6ecfb000-7084b000 rw-p 00000000 00:00 0 
7084b000-70977000 rw-s 00000000 00:04 190218250  /SYSV00000000 (deleted)
70977000-70aa7000 rw-p 00000000 00:00 0 
70b38000-70d00000 rw-p 00000000 00:00 0 
70d00000-70d2f000 rw-p 00000000 00:00 0 
70d2f000-70e00000 ---p 00000000 00:00 0 
70e68000-70f00000 rw-p 00000000 00:00 0 
70f00000-70ff4000 rw-p 00000000 00:00 0 
70ff4000-71000000 ---p 00000000 00:00 0 
71068000-71100000 rw-p 00000000 00:00 0 
71100000-711fd000 rw-p 00000000 00:00 0 
711fd000-71200000 ---p 00000000 00:00 0 
71256000-71a00000 rw-p 00000000 00:00 0 
71a00000-71af7000 rw-p 00000000 00:00 0 
71af7000-71b00000 ---p 00000000 00:00 0 
71b69000-71c00000 rw-p 00000000 00:00 0 
71c00000-71cfd000 rw-p 00000000 00:00 0 
71cfd000-71d00000 ---p 00000000 00:00 0 
71d69000-71e00000 rw-p 00000000 00:00 0 
71e00000-71f00000 rw-p 00000000 00:00 0 
71f00000-72000000 rw-p 00000000 00:00 0 
72068000-72100000 rw-p 00000000 00:00 0 
72100000-721ff000 rw-p 00000000 00:00 0 
721ff000-72200000 ---p 00000000 00:00 0 
7223e000-72946000 r--s 00000000 00:12 3332346    /run/shm/5982_045e.02ae@2.7_Depth
72946000-72a73000 rw-p 00000000 00:00 0 
72a73000-72a74000 ---p 00000000 00:00 0 
72a74000-73274000 rwxp 00000000 00:00 0 
73274000-73a00000 rw-p 00000000 00:00 0 
73a00000-73afe000 rw-p 00000000 00:00 0 
73afe000-73b00000 ---p 00000000 00:00 0 
73b4b000-74000000 rw-p 00000000 00:00 0 
74000000-740fe000 rw-p 00000000 00:00 0 
740fe000-74100000 ---p 00000000 00:00 0 
74157000-74900000 rw-p 00000000 00:00 0 
74900000-749fb000 rw-p 00000000 00:00 0 
749fb000-74a00000 ---p 00000000 00:00 0 
74a69000-74b00000 rw-p 00000000 00:00 0 
74b00000-74c00000 rw-p 00000000 00:00 0 
74c69000-74d00000 rw-p 00000000 00:00 0 
74d00000-74e00000 rw-p 00000000 00:00 0 
74e00000-74f00000 rw-p 00000000 00:00 0 
74f69000-75000000 rw-p 00000000 00:00 0 
75000000-750fe000 rw-p 00000000 00:00 0 
750fe000-75100000 ---p 00000000 00:00 0 
75169000-75200000 rw-p 00000000 00:00 0 
75200000-752e0000 rw-p 00000000 00:00 0 
752e0000-75300000 ---p 00000000 00:00 0 
75369000-75400000 rw-p 00000000 00:00 0 
75400000-75600000 rw-p 00000000 00:00 0 
75600000-75700000 rw-p 00000000 00:00 0 
7571f000-75722000 ---p 00000000 00:00 0 
75722000-75770000 rwxp 00000000 00:00 0 
75770000-75e78000 r--s 00000000 00:12 3332346    /run/shm/5982_045e.02ae@2.7_Depth
75e78000-75fa5000 rw-p 00000000 00:00 0 
75fa5000-75fa6000 ---p 00000000 00:00 0 
75fa6000-767a6000 rwxp 00000000 00:00 0 
767a6000-76ba7000 rw-p 00000000 00:00 0 
76ba7000-76c9d000 r-xp 00000000 08:05 161654     /usr/lib/libXnVHandGenerator_1_5_2.so
76c9d000-76ca0000 r--p 000f5000 08:05 161654     /usr/lib/libXnVHandGenerator_1_5_2.so
76ca0000-76ca1000 rw-p 000f8000 08:05 161654     /usr/lib/libXnVHandGenerator_1_5_2.so
76ca1000-76cad000 rw-p 00000000 00:00 0 
76cad000-76d82000 r-xp 00000000 08:05 161653     /usr/lib/libXnVHandGenerator_1_4_2.so
76d82000-76d83000 ---p 000d5000 08:05 161653     /usr/lib/libXnVHandGenerator_1_4_2.so
76d83000-76d85000 r--p 000d5000 08:05 161653     /usr/lib/libXnVHandGenerator_1_4_2.so
76d85000-76d86000 rw-p 000d7000 08:05 161653     /usr/lib/libXnVHandGenerator_1_4_2.so
76d86000-76d88000 rw-p 00000000 00:00 0 
76d88000-771a3000 r-xp 00000000 08:05 161648     /usr/lib/libXnVFeatures_1_5_2.so
771a3000-771ab000 r--p 0041a000 08:05 161648     /usr/lib/libXnVFeatures_1_5_2.so
771ab000-771ac000 rw-p 00422000 08:05 161648     /usr/lib/libXnVFeatures_1_5_2.so
771ac000-771c0000 rw-p 00000000 00:00 0 
771c0000-773a7000 r-xp 00000000 08:05 161639     /usr/lib/libXnVFeatures_1_4_2.so
773a7000-773aa000 r--p 001e6000 08:05 161639     /usr/lib/libXnVFeatures_1_4_2.so
773aa000-773ab000 rw-p 001e9000 08:05 161639     /usr/lib/libXnVFeatures_1_4_2.so
773ab000-773b0000 rw-p 00000000 00:00 0 
773b0000-77597000 r-xp 00000000 08:05 161635     /usr/lib/libXnVFeatures_1_4_1.so
77597000-7759a000 r--p 001e6000 08:05 161635     /usr/lib/libXnVFeatures_1_4_1.so
7759a000-7759b000 rw-p 001e9000 08:05 161635     /usr/lib/libXnVFeatures_1_4_1.so
7759b000-775a0000 rw-p 00000000 00:00 0 
775a0000-77600000 rw-s 00000000 00:04 189726729  /SYSV00000000 (deleted)
77633000-77636000 ---p 00000000 00:00 0 
77636000-77684000 rwxp 00000000 00:00 0 
77684000-77758000 r-xp 00000000 08:05 161652     /usr/lib/libXnVHandGenerator_1_4_1.so
77758000-77759000 ---p 000d4000 08:05 161652     /usr/lib/libXnVHandGenerator_1_4_1.so
77759000-7775b000 r--p 000d4000 08:05 161652     /usr/lib/libXnVHandGenerator_1_4_1.so
7775b000-7775c000 rw-p 000d6000 08:05 161652     /usr/lib/libXnVHandGenerator_1_4_1.so
7775c000-7775e000 rw-p 00000000 00:00 0 
7775e000-77800000 rwxp 00000000 00:00 0 
77800000-778f1000 rw-p 00000000 00:00 0 
778f1000-77900000 ---p 00000000 00:00 0 
77900000-779fe000 rw-p 00000000 00:00 0 
779fe000-77a00000 ---p 00000000 00:00 0 
77a00000-77afa000 rw-p 00000000 00:00 0 
77afa000-77b00000 ---p 00000000 00:00 0 
77b22000-77b73000 rwxp 00000000 00:00 0 
77b73000-77b74000 ---p 00000000 00:00 0 
77b74000-78374000 rwxp 00000000 00:00 0 
78374000-7838e000 r-xp 00000000 08:05 395193     /usr/lib/i386-linux-gnu/libdbusmenu-glib.so.4.0.13
7838e000-7838f000 r--p 00019000 08:05 395193     /usr/lib/i386-linux-gnu/libdbusmenu-glib.so.4.0.13
7838f000-78390000 rw-p 0001a000 08:05 395193     /usr/lib/i386-linux-gnu/libdbusmenu-glib.so.4.0.13
78390000-783a1000 r-xp 00000000 08:05 395148     /usr/lib/i386-linux-gnu/libdbusmenu-gtk.so.4.0.13
783a1000-783a2000 r--p 00010000 08:05 395148     /usr/lib/i386-linux-gnu/libdbusmenu-gtk.so.4.0.13
783a2000-783a3000 rw-p 00011000 08:05 395148     /usr/lib/i386-linux-gnu/libdbusmenu-gtk.so.4.0.13
783e5000-783f3000 r-xp 00000000 08:05 2239330    /lib/i386-linux-gnu/libudev.so.0.13.0
783f3000-783f4000 r--p 0000e000 08:05 2239330    /lib/i386-linux-gnu/libudev.so.0.13.0
783f4000-783f5000 rw-p 0000f000 08:05 2239330    /lib/i386-linux-gnu/libudev.so.0.13.0
783f5000-7843c000 r-xp 00000000 08:05 2254951    /lib/i386-linux-gnu/libdbus-1.so.3.5.8
7843c000-7843d000 r--p 00047000 08:05 2254951    /lib/i386-linux-gnu/libdbus-1.so.3.5.8
7843d000-7843e000 rw-p 00048000 08:05 2254951    /lib/i386-linux-gnu/libdbus-1.so.3.5.8
7844f000-78454000 r-xp 00000000 08:05 788095     /usr/lib/gtk-2.0/2.10.0/menuproxies/libappmenu.so
78454000-78455000 r--p 00004000 08:05 788095     /usr/lib/gtk-2.0/2.10.0/menuproxies/libappmenu.so
78455000-78456000 rw-p 00005000 08:05 788095     /usr/lib/gtk-2.0/2.10.0/menuproxies/libappmenu.so
78456000-7847f000 r-xp 00000000 08:05 792411     /usr/lib/i386-linux-gnu/gio/modules/libgvfsdbus.so
7847f000-78480000 r--p 00028000 08:05 792411     /usr/lib/i386-linux-gnu/gio/modules/libgvfsdbus.so
78480000-78481000 rw-p 00029000 08:05 792411     /usr/lib/i386-linux-gnu/gio/modules/libgvfsdbus.so
78481000-784c5000 r-xp 00000000 08:05 395924     /usr/lib/i386-linux-gnu/libibus-1.0.so.0.401.0
784c5000-784c6000 r--p 00043000 08:05 395924     /usr/lib/i386-linux-gnu/libibus-1.0.so.0.401.0
784c6000-784c7000 rw-p 00044000 08:05 395924     /usr/lib/i386-linux-gnu/libibus-1.0.so.0.401.0
784c8000-784dd000 r-xp 00000000 08:05 792412     /usr/lib/i386-linux-gnu/gvfs/libgvfscommon.so
784dd000-784de000 r--p 00014000 08:05 792412     /usr/lib/i386-linux-gnu/gvfs/libgvfscommon.so
784de000-784df000 rw-p 00015000 08:05 792412     /usr/lib/i386-linux-gnu/gvfs/libgvfscommon.so
784df000-784e5000 r-xp 00000000 08:05 788628     /usr/lib/i386-linux-gnu/gtk-2.0/2.10.0/immodules/im-ibus.so
784e5000-784e6000 r--p 00005000 08:05 788628     /usr/lib/i386-linux-gnu/gtk-2.0/2.10.0/immodules/im-ibus.so
784e6000-784e7000 rw-p 00006000 08:05 788628     /usr/lib/i386-linux-gnu/gtk-2.0/2.10.0/immodules/im-ibus.so
784e7000-78539000 r--p 00000000 08:05 1184653    /usr/share/fonts/truetype/ttf-dejavu/DejaVuSansMono.ttf
78539000-78590000 r--p 00000000 08:05 1184682    /usr/share/fonts/truetype/ubuntu-font-family/Ubuntu-R.ttf
78590000-78592000 r-xp 00000000 08:05 791707     /usr/lib/i386-linux-gnu/pango/1.6.0/modules/pango-basic-fc.so
78592000-78593000 r--p 00001000 08:05 791707     /usr/lib/i386-linux-gnu/pango/1.6.0/modules/pango-basic-fc.so
78593000-78594000 rw-p 00002000 08:05 791707     /usr/lib/i386-linux-gnu/pango/1.6.0/modules/pango-basic-fc.so
78594000-78595000 r--s 00000000 08:05 1465822    /var/cache/fontconfig/c05880de57d1f5e948fdfacc138775d9-le32d4.cache-3
78595000-7859b000 r--s 00000000 08:05 1463331    /var/cache/fontconfig/945677eb7aeaf62f1d50efc3fb3ec7d8-le32d4.cache-3
7859b000-7859d000 r--s 00000000 08:05 1465820    /var/cache/fontconfig/99e8ed0e538f840c565b6ed5dad60d56-le32d4.cache-3
7859d000-785a0000 r--s 00000000 08:05 1465819    /var/cache/fontconfig/2cd17615ca594fa2959ae173292e504c-le32d4.cache-3
785a0000-785a1000 r--s 00000000 08:05 1465818    /var/cache/fontconfig/e7071f4a29fa870f4323321c154eba04-le32d4.cache-3
785a1000-785a2000 r--s 00000000 08:05 1465817    /var/cache/fontconfig/0d8c3b2ac0904cb8a57a757ad11a4a08-le32d4.cache-3
785a2000-785a6000 r--s 00000000 08:05 1465816    /var/cache/fontconfig/a755afe4a08bf5b97852ceb7400b47bc-le32d4.cache-3
785a6000-785ad000 r--s 00000000 08:05 1465815    /var/cache/fontconfig/6d41288fd70b0be22e8c3a91e032eec0-le32d4.cache-3
785ad000-785b8000 r--s 00000000 08:05 1465814    /var/cache/fontconfig/04aabc0a78ac019cf9454389977116d2-le32d4.cache-3
785b8000-785bb000 r--s 00000000 08:05 1465813    /var/cache/fontconfig/385c0604a188198f04d133e54aba7fe7-le32d4.cache-3
785bb000-785bc000 r--s 00000000 08:05 1465812    /var/cache/fontconfig/4794a0821666d79190d59a36cb4f44b5-le32d4.cache-3
785bc000-785bf000 r--s 00000000 08:05 1465811    /var/cache/fontconfig/8801497958630a81b71ace7c5f9b32a8-le32d4.cache-3
785bf000-785c3000 r--s 00000000 08:05 1465810    /var/cache/fontconfig/3047814df9a2f067bd2d96a2b9c36e5a-le32d4.cache-3
785c3000-785c4000 r--s 00000000 08:05 1465809    /var/cache/fontconfig/56cf4f4769d0f4abc89a4895d7bd3ae1-le32d4.cache-3
785c4000-785c5000 r--s 00000000 08:05 1465801    /var/cache/fontconfig/b9d506c9ac06c20b433354fa67a72993-le32d4.cache-3
785c5000-785c9000 r--s 00000000 08:05 1465800    /var/cache/fontconfig/b47c4e1ecd0709278f4910c18777a504-le32d4.cache-3
785c9000-785d6000 r--s 00000000 08:05 1465799    /var/cache/fontconfig/d52a8644073d54c13679302ca1180695-le32d4.cache-3
785d6000-785de000 r--s 00000000 08:05 1475047    /var/cache/fontconfig/e13b20fdb08344e0e664864cc2ede53d-le32d4.cache-3
785de000-785e4000 r--s 00000000 08:05 1461815    /var/cache/fontconfig/41d598709ec5cc4c9ba1df9a59d93441-le32d4.cache-3
78628000-7865c000 r-xp 00000000 08:05 1317277    /usr/lib/jvm/java-6-openjdk-i386/jre/lib/i386/liblcms.so
7865c000-7865d000 r--p 00033000 08:05 1317277    /usr/lib/jvm/java-6-openjdk-i386/jre/lib/i386/liblcms.so
7865d000-7865e000 rw-p 00034000 08:05 1317277    /usr/lib/jvm/java-6-openjdk-i386/jre/lib/i386/liblcms.so
7865e000-78660000 rw-p 00000000 00:00 0 
78660000-7873e000 r-xp 00000000 08:05 161651     /usr/lib/libXnVHandGenerator_1_3_1.so
7873e000-78741000 r--p 000dd000 08:05 161651     /usr/lib/libXnVHandGenerator_1_3_1.so
78741000-78742000 rw-p 000e0000 08:05 161651     /usr/lib/libXnVHandGenerator_1_3_1.so
78742000-78744000 rw-p 00000000 00:00 0 
78744000-78962000 r-xp 00000000 08:05 161631     /usr/lib/libXnVFeatures_1_3_1.so
78962000-78963000 ---p 0021e000 08:05 161631     /usr/lib/libXnVFeatures_1_3_1.so
78963000-78966000 r--p 0021e000 08:05 161631     /usr/lib/libXnVFeatures_1_3_1.so
78966000-78967000 rw-p 00221000 08:05 161631     /usr/lib/libXnVFeatures_1_3_1.so
78967000-7896c000 rw-p 00000000 00:00 0 
7896c000-78993000 r-xp 00000000 08:05 161537     /usr/lib/libXnDeviceFile.so
78993000-78994000 r--p 00027000 08:05 161537     /usr/lib/libXnDeviceFile.so
78994000-78995000 rw-p 00028000 08:05 161537     /usr/lib/libXnDeviceFile.so
78995000-789da000 r-xp 00000000 08:05 161536     /usr/lib/libXnDDK.so
789da000-789dc000 r--p 00044000 08:05 161536     /usr/lib/libXnDDK.so
789dc000-789dd000 rw-p 00046000 08:05 161536     /usr/lib/libXnDDK.so
789dd000-78a01000 r-xp 00000000 08:05 161539     /usr/lib/libXnFormats.so
78a01000-78a02000 r--p 00023000 08:05 161539     /usr/lib/libXnFormats.so
78a02000-78a03000 rw-p 00024000 08:05 161539     /usr/lib/libXnFormats.so
78a03000-78a23000 rw-p 00000000 00:00 0 
78a23000-78a26000 r-xp 00000000 08:05 161535     /usr/lib/libXnCore.so
78a26000-78a27000 r--p 00002000 08:05 161535     /usr/lib/libXnCore.so
78a27000-78a28000 rw-p 00003000 08:05 161535     /usr/lib/libXnCore.so
78a28000-78aa8000 r-xp 00000000 08:05 161538     /usr/lib/libXnDeviceSensorV2KM.so
78aa8000-78ab0000 r--p 00080000 08:05 161538     /usr/lib/libXnDeviceSensorV2KM.so
78ab0000-78ab1000 rw-p 00088000 08:05 161538     /usr/lib/libXnDeviceSensorV2KM.so
78ab1000-78ad0000 r-xp 00000000 08:05 161440     /usr/lib/libnimRecorder.so
78ad0000-78ad1000 r--p 0001f000 08:05 161440     /usr/lib/libnimRecorder.so
78ad1000-78ad2000 rw-p 00020000 08:05 161440     /usr/lib/libnimRecorder.so
78ad2000-78b07000 r-xp 00000000 08:05 161438     /usr/lib/libnimCodecs.so
78b07000-78b09000 r--p 00034000 08:05 161438     /usr/lib/libnimCodecs.so
78b09000-78b0a000 rw-p 00036000 08:05 161438     /usr/lib/libnimCodecs.so
78b0a000-78b2a000 rw-p 00000000 00:00 0 
78b2a000-78b56000 r-xp 00000000 08:05 161439     /usr/lib/libnimMockNodes.so
78b56000-78b5d000 r--p 0002b000 08:05 161439     /usr/lib/libnimMockNodes.so
78b5d000-78b5e000 rw-p 00032000 08:05 161439     /usr/lib/libnimMockNodes.so
78b5e000-78bdb000 r-xp 00000000 08:05 161442     /usr/lib/libOpenNI.so
78bdb000-78bdd000 r--p 0007c000 08:05 161442     /usr/lib/libOpenNI.so
78bdd000-78bdf000 rw-p 0007e000 08:05 161442     /usr/lib/libOpenNI.so
78bf4000-78c8c000 rw-p 00000000 00:00 0 
78c8c000-78cac000 r-xp 00000000 08:05 161441     /usr/lib/libOpenNI.jni.so
78cac000-78cad000 r--p 0001f000 08:05 161441     /usr/lib/libOpenNI.jni.so
78cad000-78caf000 rw-p 00020000 08:05 161441     /usr/lib/libOpenNI.jni.so
78caf000-78d00000 rwxp 00000000 00:00 0 
78d00000-78dff000 rw-p 00000000 00:00 0 
78dff000-78e00000 ---p 00000000 00:00 0 
78e00000-78e0e000 r-xp 00000000 08:05 2233925    /lib/i386-linux-gnu/libusb-1.0.so.0.1.0
78e0e000-78e0f000 r--p 0000d000 08:05 2233925    /lib/i386-linux-gnu/libusb-1.0.so.0.1.0
78e0f000-78e10000 rw-p 0000e000 08:05 2233925    /lib/i386-linux-gnu/libusb-1.0.so.0.1.0
78e10000-78e14000 r--s 0007d000 08:05 1312379    /usr/lib/jvm/java-6-openjdk-common/jre/lib/jsse.jar
78e14000-78e65000 rwxp 00000000 00:00 0 
78e65000-78e6d000 r-xp 00000000 08:05 1317132    /usr/lib/jvm/java-6-openjdk-i386/jre/lib/i386/libnio.so
78e6d000-78e6e000 r--p 00007000 08:05 1317132    /usr/lib/jvm/java-6-openjdk-i386/jre/lib/i386/libnio.so
78e6e000-78e6f000 rw-p 00008000 08:05 1317132    /usr/lib/jvm/java-6-openjdk-i386/jre/lib/i386/libnio.so
78e6f000-78e75000 r-xp 00000000 08:05 396009     /usr/lib/i386-linux-gnu/libogg.so.0.7.1
78e75000-78e76000 r--p 00005000 08:05 396009     /usr/lib/i386-linux-gnu/libogg.so.0.7.1
78e76000-78e77000 rw-p 00006000 08:05 396009     /usr/lib/i386-linux-gnu/libogg.so.0.7.1
78e77000-78ea0000 r-xp 00000000 08:05 396167     /usr/lib/i386-linux-gnu/libvorbis.so.0.4.5
78ea0000-78ea1000 r--p 00028000 08:05 396167     /usr/lib/i386-linux-gnu/libvorbis.so.0.4.5
78ea1000-78ea2000 rw-p 00029000 08:05 396167     /usr/lib/i386-linux-gnu/libvorbis.so.0.4.5
78ea2000-78eaa000 r-xp 00000000 08:05 395966     /usr/lib/i386-linux-gnu/libltdl.so.7.3.0
78eaa000-78eab000 r--p 00008000 08:05 395966     /usr/lib/i386-linux-gnu/libltdl.so.7.3.0
78eab000-78eac000 rw-p 00009000 08:05 395966     /usr/lib/i386-linux-gnu/libltdl.so.7.3.0
78eac000-78ebd000 r-xp 00000000 08:05 396134     /usr/lib/i386-linux-gnu/libtdb.so.1.2.9
78ebd000-78ebe000 r--p 00010000 08:05 396134     /usr/lib/i386-linux-gnu/libtdb.so.1.2.9
78ebe000-78ebf000 rw-p 00011000 08:05 396134     /usr/lib/i386-linux-gnu/libtdb.so.1.2.9
78ebf000-78ec7000 r-xp 00000000 08:05 396171     /usr/lib/i386-linux-gnu/libvorbisfile.so.3.3.4
78ec7000-78ec8000 r--p 00007000 08:05 396171     /usr/lib/i386-linux-gnu/libvorbisfile.so.3.3.4
78ec8000-78ec9000 rw-p 00008000 08:05 396171     /usr/lib/i386-linux-gnu/libvorbisfile.so.3.3.4
78ec9000-78efe000 r-xp 00000000 08:05 788621     /usr/lib/i386-linux-gnu/gtk-2.0/2.10.0/engines/libmurrine.so
78efe000-78eff000 r--p 00034000 08:05 788621     /usr/lib/i386-linux-gnu/gtk-2.0/2.10.0/engines/libmurrine.so
78eff000-78f00000 rw-p 00035000 08:05 788621     /usr/lib/i386-linux-gnu/gtk-2.0/2.10.0/engines/libmurrine.so
78f00000-79000000 rw-p 00000000 00:00 0 
79000000-7900f000 r-xp 00000000 08:05 395704     /usr/lib/i386-linux-gnu/libcanberra.so.0.2.5
7900f000-79010000 r--p 0000e000 08:05 395704     /usr/lib/i386-linux-gnu/libcanberra.so.0.2.5
79010000-79011000 rw-p 0000f000 08:05 395704     /usr/lib/i386-linux-gnu/libcanberra.so.0.2.5
79011000-79015000 r-xp 00000000 08:05 395700     /usr/lib/i386-linux-gnu/libcanberra-gtk.so.0.1.8
79015000-79016000 r--p 00003000 08:05 395700     /usr/lib/i386-linux-gnu/libcanberra-gtk.so.0.1.8
79016000-79017000 rw-p 00004000 08:05 395700     /usr/lib/i386-linux-gnu/libcanberra-gtk.so.0.1.8
79018000-7902d000 r-xp 00000000 08:05 1317209    /usr/lib/jvm/java-6-openjdk-i386/jre/lib/i386/libnet.so
7902d000-7902e000 r--p 00014000 08:05 1317209    /usr/lib/jvm/java-6-openjdk-i386/jre/lib/i386/libnet.so
7902e000-7902f000 rw-p 00015000 08:05 1317209    /usr/lib/jvm/java-6-openjdk-i386/jre/lib/i386/libnet.so
7902f000-79034000 r-xp 00000000 08:05 788642     /usr/lib/i386-linux-gnu/gtk-2.0/modules/libcanberra-gtk-module.so
79034000-79035000 r--p 00004000 08:05 788642     /usr/lib/i386-linux-gnu/gtk-2.0/modules/libcanberra-gtk-module.so
79035000-79036000 rw-p 00005000 08:05 788642     /usr/lib/i386-linux-gnu/gtk-2.0/modules/libcanberra-gtk-module.so
79036000-79037000 ---p 00000000 00:00 0 
79037000-79837000 rwxp 00000000 00:00 0 
79837000-79838000 ---p 00000000 00:00 0 
79838000-7a038000 rwxp 00000000 00:00 0 
7a038000-7a03f000 r-xp 00000000 08:05 788828     /usr/lib/i386-linux-gnu/gio/modules/libdconfsettings.so
7a03f000-7a040000 r--p 00006000 08:05 788828     /usr/lib/i386-linux-gnu/gio/modules/libdconfsettings.so
7a040000-7a041000 rw-p 00007000 08:05 788828     /usr/lib/i386-linux-gnu/gio/modules/libdconfsettings.so
7a041000-7a065000 r--p 00000000 08:05 1181481    /usr/share/glib-2.0/schemas/gschemas.compiled
7a065000-7a09f000 r-xp 00000000 08:05 2233895    /lib/i386-linux-gnu/libpcre.so.3.12.1
7a09f000-7a0a0000 r--p 00039000 08:05 2233895    /lib/i386-linux-gnu/libpcre.so.3.12.1
7a0a0000-7a0a1000 rw-p 0003a000 08:05 2233895    /lib/i386-linux-gnu/libpcre.so.3.12.1
7a0a1000-7a0a6000 r-xp 00000000 08:05 395784     /usr/lib/i386-linux-gnu/libffi.so.6.0.0
7a0a6000-7a0a7000 r--p 00004000 08:05 395784     /usr/lib/i386-linux-gnu/libffi.so.6.0.0
7a0a7000-7a0a8000 rw-p 00005000 08:05 395784     /usr/lib/i386-linux-gnu/libffi.so.6.0.0
7a0a8000-7a0ce000 r-xp 00000000 08:05 2239363    /lib/i386-linux-gnu/libexpat.so.1.5.2
7a0ce000-7a0cf000 ---p 00026000 08:05 2239363    /lib/i386-linux-gnu/libexpat.so.1.5.2
7a0cf000-7a0d1000 r--p 00026000 08:05 2239363    /lib/i386-linux-gnu/libexpat.so.1.5.2
7a0d1000-7a0d2000 rw-p 00028000 08:05 2239363    /lib/i386-linux-gnu/libexpat.so.1.5.2
7a0d2000-7a0e5000 r-xp 00000000 08:05 2230107    /lib/i386-linux-gnu/libresolv-2.15.so
7a0e5000-7a0e6000 ---p 00013000 08:05 2230107    /lib/i386-linux-gnu/libresolv-2.15.so
7a0e6000-7a0e7000 r--p 00013000 08:05 2230107    /lib/i386-linux-gnu/libresolv-2.15.so
7a0e7000-7a0e8000 rw-p 00014000 08:05 2230107    /lib/i386-linux-gnu/libresolv-2.15.so
7a0e8000-7a0ea000 rw-p 00000000 00:00 0 
7a0ea000-7a107000 r-xp 00000000 08:05 2233910    /lib/i386-linux-gnu/libselinux.so.1
7a107000-7a108000 r--p 0001c000 08:05 2233910    /lib/i386-linux-gnu/libselinux.so.1
7a108000-7a109000 rw-p 0001d000 08:05 2233910    /lib/i386-linux-gnu/libselinux.so.1
7a109000-7a111000 r-xp 00000000 08:05 403857     /usr/lib/i386-linux-gnu/libxcb-render.so.0.0.0
7a111000-7a112000 r--p 00008000 08:05 403857     /usr/lib/i386-linux-gnu/libxcb-render.so.0.0.0
7a112000-7a113000 rw-p 00009000 08:05 403857     /usr/lib/i386-linux-gnu/libxcb-render.so.0.0.0
7a113000-7a13b000 r-xp 00000000 08:05 2233899    /lib/i386-linux-gnu/libpng12.so.0.46.0
7a13b000-7a13c000 r--p 00027000 08:05 2233899    /lib/i386-linux-gnu/libpng12.so.0.46.0
7a13c000-7a13d000 rw-p 00028000 08:05 2233899    /lib/i386-linux-gnu/libpng12.so.0.46.0
7a13d000-7a1d0000 r-xp 00000000 08:05 396041     /usr/lib/i386-linux-gnu/libpixman-1.so.0.24.4
7a1d0000-7a1d4000 r--p 00092000 08:05 396041     /usr/lib/i386-linux-gnu/libpixman-1.so.0.24.4
7a1d4000-7a1d5000 rw-p 00096000 08:05 396041     /usr/lib/i386-linux-gnu/libpixman-1.so.0.24.4
7a1d5000-7a2cc000 r-xp 00000000 08:05 2238598    /lib/i386-linux-gnu/libglib-2.0.so.0.3200.3
7a2cc000-7a2cd000 r--p 000f6000 08:05 2238598    /lib/i386-linux-gnu/libglib-2.0.so.0.3200.3
7a2cd000-7a2ce000 rw-p 000f7000 08:05 2238598    /lib/i386-linux-gnu/libglib-2.0.so.0.3200.3
7a2ce000-7a31b000 r-xp 00000000 08:05 395048     /usr/lib/i386-linux-gnu/libgobject-2.0.so.0.3200.3
7a31b000-7a31c000 r--p 0004c000 08:05 395048     /usr/lib/i386-linux-gnu/libgobject-2.0.so.0.3200.3
7a31c000-7a31d000 rw-p 0004d000 08:05 395048     /usr/lib/i386-linux-gnu/libgobject-2.0.so.0.3200.3
7a31d000-7a34f000 r-xp 00000000 08:05 395025     /usr/lib/i386-linux-gnu/libfontconfig.so.1.4.4
7a34f000-7a350000 r--p 00032000 08:05 395025     /usr/lib/i386-linux-gnu/libfontconfig.so.1.4.4
7a350000-7a351000 rw-p 00033000 08:05 395025     /usr/lib/i386-linux-gnu/libfontconfig.so.1.4.4
7a351000-7a398000 r-xp 00000000 08:05 394891     /usr/lib/i386-linux-gnu/libpango-1.0.so.0.3000.0
7a398000-7a399000 ---p 00047000 08:05 394891     /usr/lib/i386-linux-gnu/libpango-1.0.so.0.3000.0
7a399000-7a39a000 r--p 00047000 08:05 394891     /usr/lib/i386-linux-gnu/libpango-1.0.so.0.3000.0
7a39a000-7a39b000 rw-p 00048000 08:05 394891     /usr/lib/i386-linux-gnu/libpango-1.0.so.0.3000.0
7a39b000-7a3c5000 r-xp 00000000 08:05 395645     /usr/lib/i386-linux-gnu/libpangoft2-1.0.so.0.3000.0
7a3c5000-7a3c6000 r--p 00029000 08:05 395645     /usr/lib/i386-linux-gnu/libpangoft2-1.0.so.0.3000.0
7a3c6000-7a3c7000 rw-p 0002a000 08:05 395645     /usr/lib/i386-linux-gnu/libpangoft2-1.0.so.0.3000.0
7a3c7000-7a51a000 r-xp 00000000 08:05 395031     /usr/lib/i386-linux-gnu/libgio-2.0.so.0.3200.3
7a51a000-7a51c000 r--p 00153000 08:05 395031     /usr/lib/i386-linux-gnu/libgio-2.0.so.0.3200.3
7a51c000-7a51d000 rw-p 00155000 08:05 395031     /usr/lib/i386-linux-gnu/libgio-2.0.so.0.3200.3
7a51d000-7a51e000 rw-p 00000000 00:00 0 
7a51e000-7a5e5000 r-xp 00000000 08:05 394874     /usr/lib/i386-linux-gnu/libcairo.so.2.11000.2
7a5e5000-7a5e6000 r--p 000c7000 08:05 394874     /usr/lib/i386-linux-gnu/libcairo.so.2.11000.2
7a5e6000-7a5e7000 rw-p 000c8000 08:05 394874     /usr/lib/i386-linux-gnu/libcairo.so.2.11000.2
7a5e7000-7a5e9000 rw-p 00000000 00:00 0 
7a5e9000-7a694000 r-xp 00000000 08:05 395809     /usr/lib/i386-linux-gnu/libgdk-x11-2.0.so.0.2400.10
7a694000-7a695000 ---p 000ab000 08:05 395809     /usr/lib/i386-linux-gnu/libgdk-x11-2.0.so.0.2400.10
7a695000-7a697000 r--p 000ab000 08:05 395809     /usr/lib/i386-linux-gnu/libgdk-x11-2.0.so.0.2400.10
7a697000-7a698000 rw-p 000ad000 08:05 395809     /usr/lib/i386-linux-gnu/libgdk-x11-2.0.so.0.2400.10
7a698000-7aaf8000 r-xp 00000000 08:05 395904     /usr/lib/i386-linux-gnu/libgtk-x11-2.0.so.0.2400.10
7aaf8000-7aafc000 r--p 00460000 08:05 395904     /usr/lib/i386-linux-gnu/libgtk-x11-2.0.so.0.2400.10
7aafc000-7aafe000 rw-p 00464000 08:05 395904     /usr/lib/i386-linux-gnu/libgtk-x11-2.0.so.0.2400.10
7aafe000-7ab00000 rw-p 00000000 00:00 0 
7ab00000-7abff000 rw-p 00000000 00:00 0 
7abff000-7ac00000 ---p 00000000 00:00 0 
7ac02000-7ac21000 r-xp 00000000 08:05 395811     /usr/lib/i386-linux-gnu/libgdk_pixbuf-2.0.so.0.2600.1
7ac21000-7ac22000 r--p 0001e000 08:05 395811     /usr/lib/i386-linux-gnu/libgdk_pixbuf-2.0.so.0.2600.1
7ac22000-7ac23000 rw-p 0001f000 08:05 395811     /usr/lib/i386-linux-gnu/libgdk_pixbuf-2.0.so.0.2600.1
7ac23000-7ac40000 r-xp 00000000 08:05 395658     /usr/lib/i386-linux-gnu/libatk-1.0.so.0.20409.1
7ac40000-7ac42000 r--p 0001c000 08:05 395658     /usr/lib/i386-linux-gnu/libatk-1.0.so.0.20409.1
7ac42000-7ac43000 rw-p 0001e000 08:05 395658     /usr/lib/i386-linux-gnu/libatk-1.0.so.0.20409.1
7ac43000-7ac94000 rwxp 00000000 00:00 0 
7ac94000-7ac95000 r--s 00000000 08:05 1465822    /var/cache/fontconfig/c05880de57d1f5e948fdfacc138775d9-le32d4.cache-3
7ac95000-7ac9b000 r--s 00000000 08:05 1463331    /var/cache/fontconfig/945677eb7aeaf62f1d50efc3fb3ec7d8-le32d4.cache-3
7ac9b000-7ac9d000 r--s 00000000 08:05 1465820    /var/cache/fontconfig/99e8ed0e538f840c565b6ed5dad60d56-le32d4.cache-3
7ac9d000-7aca0000 r--s 00000000 08:05 1465819    /var/cache/fontconfig/2cd17615ca594fa2959ae173292e504c-le32d4.cache-3
7aca0000-7aca1000 r--s 00000000 08:05 1465818    /var/cache/fontconfig/e7071f4a29fa870f4323321c154eba04-le32d4.cache-3
7aca1000-7aca2000 r--s 00000000 08:05 1465817    /var/cache/fontconfig/0d8c3b2ac0904cb8a57a757ad11a4a08-le32d4.cache-3
7aca2000-7aca6000 r--s 00000000 08:05 1465816    /var/cache/fontconfig/a755afe4a08bf5b97852ceb7400b47bc-le32d4.cache-3
7aca6000-7acad000 r--s 00000000 08:05 1465815    /var/cache/fontconfig/6d41288fd70b0be22e8c3a91e032eec0-le32d4.cache-3
7acad000-7acb8000 r--s 00000000 08:05 1465814    /var/cache/fontconfig/04aabc0a78ac019cf9454389977116d2-le32d4.cache-3
7acb8000-7acbb000 r--s 00000000 08:05 1465813    /var/cache/fontconfig/385c0604a188198f04d133e54aba7fe7-le32d4.cache-3
7acbb000-7acbc000 r--s 00000000 08:05 1465812    /var/cache/fontconfig/4794a0821666d79190d59a36cb4f44b5-le32d4.cache-3
7acbc000-7acbf000 r--s 00000000 08:05 1463308    /var/cache/fontconfig/7ef2298fde41cc6eeb7af42e48b7d293-le32d4.cache-3
7acbf000-7acc2000 r-xp 00000000 08:05 395047     /usr/lib/i386-linux-gnu/libgmodule-2.0.so.0.3200.3
7acc2000-7acc3000 r--p 00002000 08:05 395047     /usr/lib/i386-linux-gnu/libgmodule-2.0.so.0.3200.3
7acc3000-7acc4000 rw-p 00003000 08:05 395047     /usr/lib/i386-linux-gnu/libgmodule-2.0.so.0.3200.3
7acc4000-7acc6000 r-xp 00000000 08:05 403891     /usr/lib/i386-linux-gnu/libxcb-shm.so.0.0.0
7acc6000-7acc7000 r--p 00001000 08:05 403891     /usr/lib/i386-linux-gnu/libxcb-shm.so.0.0.0
7acc7000-7acc8000 rw-p 00002000 08:05 403891     /usr/lib/i386-linux-gnu/libxcb-shm.so.0.0.0
7acc8000-7acca000 r-xp 00000000 08:05 395608     /usr/lib/i386-linux-gnu/libXdamage.so.1.1.0
7acca000-7accb000 r--p 00001000 08:05 395608     /usr/lib/i386-linux-gnu/libXdamage.so.1.1.0
7accb000-7accc000 rw-p 00002000 08:05 395608     /usr/lib/i386-linux-gnu/libXdamage.so.1.1.0
7accc000-7acce000 r-xp 00000000 08:05 395604     /usr/lib/i386-linux-gnu/libXcomposite.so.1.0.0
7acce000-7accf000 r--p 00001000 08:05 395604     /usr/lib/i386-linux-gnu/libXcomposite.so.1.0.0
7accf000-7acd0000 rw-p 00002000 08:05 395604     /usr/lib/i386-linux-gnu/libXcomposite.so.1.0.0
7acd0000-7acd7000 r-xp 00000000 08:05 395630     /usr/lib/i386-linux-gnu/libXrandr.so.2.2.0
7acd7000-7acd8000 r--p 00006000 08:05 395630     /usr/lib/i386-linux-gnu/libXrandr.so.2.2.0
7acd8000-7acd9000 rw-p 00007000 08:05 395630     /usr/lib/i386-linux-gnu/libXrandr.so.2.2.0
7acd9000-7ace4000 r-xp 00000000 08:05 395559     /usr/lib/i386-linux-gnu/libpangocairo-1.0.so.0.3000.0
7ace4000-7ace5000 r--p 0000a000 08:05 395559     /usr/lib/i386-linux-gnu/libpangocairo-1.0.so.0.3000.0
7ace5000-7ace6000 rw-p 0000b000 08:05 395559     /usr/lib/i386-linux-gnu/libpangocairo-1.0.so.0.3000.0
7ace6000-7acec000 r--s 00000000 08:05 1463331    /var/cache/fontconfig/945677eb7aeaf62f1d50efc3fb3ec7d8-le32d4.cache-3
7acec000-7acf0000 r--s 00000000 08:05 1465816    /var/cache/fontconfig/a755afe4a08bf5b97852ceb7400b47bc-le32d4.cache-3
7acf0000-7acf7000 r--s 00000000 08:05 1465815    /var/cache/fontconfig/6d41288fd70b0be22e8c3a91e032eec0-le32d4.cache-3
7acf7000-7acf8000 r--s 00000000 08:05 1465801    /var/cache/fontconfig/b9d506c9ac06c20b433354fa67a72993-le32d4.cache-3
7acf8000-7acfc000 r--s 00000000 08:05 1465800    /var/cache/fontconfig/b47c4e1ecd0709278f4910c18777a504-le32d4.cache-3
7acfc000-7ad09000 r--s 00000000 08:05 1465799    /var/cache/fontconfig/d52a8644073d54c13679302ca1180695-le32d4.cache-3
7ad09000-7ad0b000 r-xp 00000000 08:05 395620     /usr/lib/i386-linux-gnu/libXinerama.so.1.0.0
7ad0b000-7ad0c000 r--p 00001000 08:05 395620     /usr/lib/i386-linux-gnu/libXinerama.so.1.0.0
7ad0c000-7ad0d000 rw-p 00002000 08:05 395620     /usr/lib/i386-linux-gnu/libXinerama.so.1.0.0
7ad0d000-7ad11000 r-xp 00000000 08:05 395614     /usr/lib/i386-linux-gnu/libXfixes.so.3.1.0
7ad11000-7ad12000 r--p 00004000 08:05 395614     /usr/lib/i386-linux-gnu/libXfixes.so.3.1.0
7ad12000-7ad13000 rw-p 00005000 08:05 395614     /usr/lib/i386-linux-gnu/libXfixes.so.3.1.0
7ad13000-7ad1c000 r-xp 00000000 08:05 395606     /usr/lib/i386-linux-gnu/libXcursor.so.1.0.2
7ad1c000-7ad1d000 r--p 00008000 08:05 395606     /usr/lib/i386-linux-gnu/libXcursor.so.1.0.2
7ad1d000-7ad1e000 rw-p 00009000 08:05 395606     /usr/lib/i386-linux-gnu/libXcursor.so.1.0.2
7ad1e000-7ad23000 r--p 00000000 08:05 1998002    /home/cj/.config/dconf/user (deleted)
7ad23000-7ad24000 r--s 00000000 08:05 1998315    /home/cj/.cache/dconf/user (deleted)
7ad24000-7ad34000 r-xp 00000000 08:05 132856     /usr/lib/liboverlay-scrollbar-0.2.so.0.0.16
7ad34000-7ad35000 r--p 0000f000 08:05 132856     /usr/lib/liboverlay-scrollbar-0.2.so.0.0.16
7ad35000-7ad36000 rw-p 00010000 08:05 132856     /usr/lib/liboverlay-scrollbar-0.2.so.0.0.16
7ad36000-7ad3d000 r--s 000fb000 08:05 1317123    /usr/lib/jvm/java-6-openjdk-common/jre/lib/resources.jar
7ad3d000-7ad40000 r--s 00000000 08:05 1465811    /var/cache/fontconfig/8801497958630a81b71ace7c5f9b32a8-le32d4.cache-3
7ad40000-7ad44000 r--s 00000000 08:05 1465810    /var/cache/fontconfig/3047814df9a2f067bd2d96a2b9c36e5a-le32d4.cache-3
7ad44000-7ad4c000 r--s 00000000 08:05 1475047    /var/cache/fontconfig/e13b20fdb08344e0e664864cc2ede53d-le32d4.cache-3
7ad4c000-7ad52000 r--s 00000000 08:05 1461815    /var/cache/fontconfig/41d598709ec5cc4c9ba1df9a59d93441-le32d4.cache-3
7ad52000-7ad55000 r--s 00000000 08:05 1463308    /var/cache/fontconfig/7ef2298fde41cc6eeb7af42e48b7d293-le32d4.cache-3
7ad55000-7ada6000 rwxp 00000000 00:00 0 
7ada6000-7ae3b000 r-xp 00000000 08:05 395792     /usr/lib/i386-linux-gnu/libfreetype.so.6.8.0
7ae3b000-7ae3f000 r--p 00094000 08:05 395792     /usr/lib/i386-linux-gnu/libfreetype.so.6.8.0
7ae3f000-7ae40000 rw-p 00098000 08:05 395792     /usr/lib/i386-linux-gnu/libfreetype.so.6.8.0
7ae40000-7ae7a000 r-xp 00000000 08:05 1317261    /usr/lib/jvm/java-6-openjdk-i386/jre/lib/i386/libfontmanager.so
7ae7a000-7ae7b000 r--p 00039000 08:05 1317261    /usr/lib/jvm/java-6-openjdk-i386/jre/lib/i386/libfontmanager.so
7ae7b000-7ae7c000 rw-p 0003a000 08:05 1317261    /usr/lib/jvm/java-6-openjdk-i386/jre/lib/i386/libfontmanager.so
7ae7c000-7afac000 r-xp 00000000 08:05 395597     /usr/lib/i386-linux-gnu/libX11.so.6.3.0
7afac000-7afad000 r--p 0012f000 08:05 395597     /usr/lib/i386-linux-gnu/libX11.so.6.3.0
7afad000-7afaf000 rw-p 00130000 08:05 395597     /usr/lib/i386-linux-gnu/libX11.so.6.3.0
7afaf000-7afb0000 rw-p 00000000 00:00 0 
7afb0000-7affc000 r-xp 00000000 08:05 1315753    /usr/lib/jvm/java-6-openjdk-i386/jre/lib/i386/xawt/libmawt.so
7affc000-7affd000 r--p 0004b000 08:05 1315753    /usr/lib/jvm/java-6-openjdk-i386/jre/lib/i386/xawt/libmawt.so
7affd000-7afff000 rw-p 0004c000 08:05 1315753    /usr/lib/jvm/java-6-openjdk-i386/jre/lib/i386/xawt/libmawt.so
7afff000-7b000000 rw-p 00000000 00:00 0 
7b000000-7b100000 rw-p 00000000 00:00 0 
7b100000-7b102000 r--s 00000000 08:05 1465820    /var/cache/fontconfig/99e8ed0e538f840c565b6ed5dad60d56-le32d4.cache-3
7b102000-7b10d000 r--s 00000000 08:05 1465814    /var/cache/fontconfig/04aabc0a78ac019cf9454389977116d2-le32d4.cache-3
7b10d000-7b110000 r--s 00000000 08:05 1465813    /var/cache/fontconfig/385c0604a188198f04d133e54aba7fe7-le32d4.cache-3
7b110000-7b111000 r--s 00000000 08:05 1465812    /var/cache/fontconfig/4794a0821666d79190d59a36cb4f44b5-le32d4.cache-3
7b111000-7b114000 r--s 00000000 08:05 1465811    /var/cache/fontconfig/8801497958630a81b71ace7c5f9b32a8-le32d4.cache-3
7b114000-7b118000 r--s 00000000 08:05 1465810    /var/cache/fontconfig/3047814df9a2f067bd2d96a2b9c36e5a-le32d4.cache-3
7b118000-7b137000 r-xp 00000000 08:05 395481     /usr/lib/i386-linux-gnu/libxcb.so.1.1.0
7b137000-7b138000 r--p 0001f000 08:05 395481     /usr/lib/i386-linux-gnu/libxcb.so.1.1.0
7b138000-7b139000 rw-p 00020000 08:05 395481     /usr/lib/i386-linux-gnu/libxcb.so.1.1.0
7b139000-7b1cc000 r-xp 00000000 08:05 1317134    /usr/lib/jvm/java-6-openjdk-i386/jre/lib/i386/libawt.so
7b1cc000-7b1cd000 r--p 00092000 08:05 1317134    /usr/lib/jvm/java-6-openjdk-i386/jre/lib/i386/libawt.so
7b1cd000-7b1d4000 rw-p 00093000 08:05 1317134    /usr/lib/jvm/java-6-openjdk-i386/jre/lib/i386/libawt.so
7b1d4000-7b1f8000 rw-p 00000000 00:00 0 
7b1f8000-7b1f9000 ---p 00000000 00:00 0 
7b1f9000-7b2ca000 rwxp 00000000 00:00 0 
7b2ca000-7b2cb000 ---p 00000000 00:00 0 
7b2cb000-7b34b000 rwxp 00000000 00:00 0 
7b34b000-7b34c000 ---p 00000000 00:00 0 
7b34c000-7b41d000 rwxp 00000000 00:00 0 
7b41d000-7b61d000 r--p 00000000 08:05 396324     /usr/lib/locale/locale-archive
7b61d000-7b66e000 rwxp 00000000 00:00 0 
7b66e000-7b800000 r--s 037c2000 08:05 1315490    /usr/lib/jvm/java-6-openjdk-i386/jre/lib/rt.jar
7b800000-7b8f6000 rw-p 00000000 00:00 0 
7b8f6000-7b900000 ---p 00000000 00:00 0 
7b900000-7b903000 r--s 00000000 08:05 1465819    /var/cache/fontconfig/2cd17615ca594fa2959ae173292e504c-le32d4.cache-3
7b903000-7b910000 r--s 00000000 08:05 1465799    /var/cache/fontconfig/d52a8644073d54c13679302ca1180695-le32d4.cache-3
7b910000-7b915000 r-xp 00000000 08:05 395610     /usr/lib/i386-linux-gnu/libXdmcp.so.6.0.0
7b915000-7b916000 r--p 00004000 08:05 395610     /usr/lib/i386-linux-gnu/libXdmcp.so.6.0.0
7b916000-7b917000 rw-p 00005000 08:05 395610     /usr/lib/i386-linux-gnu/libXdmcp.so.6.0.0
7b917000-7b925000 r-xp 00000000 08:05 395618     /usr/lib/i386-linux-gnu/libXi.so.6.1.0
7b925000-7b926000 r--p 0000d000 08:05 395618     /usr/lib/i386-linux-gnu/libXi.so.6.1.0
7b926000-7b927000 rw-p 0000e000 08:05 395618     /usr/lib/i386-linux-gnu/libXi.so.6.1.0
7b927000-7b92c000 r-xp 00000000 08:05 395636     /usr/lib/i386-linux-gnu/libXtst.so.6.1.0
7b92c000-7b92d000 r--p 00004000 08:05 395636     /usr/lib/i386-linux-gnu/libXtst.so.6.1.0
7b92d000-7b92e000 rw-p 00005000 08:05 395636     /usr/lib/i386-linux-gnu/libXtst.so.6.1.0
7b92e000-7b97f000 rwxp 00000000 00:00 0 
7b97f000-7b980000 ---p 00000000 00:00 0 
7b980000-7ba00000 rwxp 00000000 00:00 0 
7ba00000-7ba21000 rw-p 00000000 00:00 0 
7ba21000-7bb00000 ---p 00000000 00:00 0 
7bb00000-7bb10000 r-xp 00000000 08:05 395612     /usr/lib/i386-linux-gnu/libXext.so.6.4.0
7bb10000-7bb11000 r--p 0000f000 08:05 395612     /usr/lib/i386-linux-gnu/libXext.so.6.4.0
7bb11000-7bb12000 rw-p 00010000 08:05 395612     /usr/lib/i386-linux-gnu/libXext.so.6.4.0
7bb12000-7bb45000 rw-p 00000000 00:00 0 
7bb45000-7bb46000 ---p 00000000 00:00 0 
7bb46000-7bbc6000 rwxp 00000000 00:00 0 
7bbc6000-7bbc7000 ---p 00000000 00:00 0 
7bbc7000-7bc47000 rwxp 00000000 00:00 0 
7bc47000-7bc4f000 rw-p 00000000 00:00 0 
7bc4f000-7bc87000 rw-p 00000000 00:00 0 
7bc87000-7bc97000 rw-p 00000000 00:00 0 
7bc97000-7bd84000 rw-p 00000000 00:00 0 
7bd84000-7bd8c000 rw-p 00000000 00:00 0 
7bd8c000-7bdc4000 rw-p 00000000 00:00 0 
7bdc4000-7bdd4000 rw-p 00000000 00:00 0 
7bdd4000-7bec0000 rw-p 00000000 00:00 0 
7bec0000-7becf000 rw-p 00000000 00:00 0 
7becf000-7bf3f000 rw-p 00000000 00:00 0 
7bf3f000-7cf40000 rw-p 00000000 00:00 0 
7cf40000-83f40000 rw-p 00000000 00:00 0 
83f40000-85ed0000 rw-p 00000000 00:00 0 
85ed0000-a38a0000 rw-p 00000000 00:00 0 
a38a0000-a5440000 rw-p 00000000 00:00 0 
a5440000-b3540000 rw-p 00000000 00:00 0 
b3540000-b3549000 rw-p 00000000 00:00 0 
b3549000-b3600000 rw-p 00000000 00:00 0 
b3600000-b3840000 rwxp 00000000 00:00 0 
b3840000-b66f1000 rw-p 00000000 00:00 0 
b66f1000-b6700000 ---p 00000000 00:00 0 
b6700000-b6701000 r--s 00000000 08:05 1465809    /var/cache/fontconfig/56cf4f4769d0f4abc89a4895d7bd3ae1-le32d4.cache-3
b6701000-b6703000 r-xp 00000000 08:05 395599     /usr/lib/i386-linux-gnu/libXau.so.6.0.0
b6703000-b6704000 r--p 00001000 08:05 395599     /usr/lib/i386-linux-gnu/libXau.so.6.0.0
b6704000-b6705000 rw-p 00002000 08:05 395599     /usr/lib/i386-linux-gnu/libXau.so.6.0.0
b6705000-b670d000 r-xp 00000000 08:05 395632     /usr/lib/i386-linux-gnu/libXrender.so.1.3.0
b670d000-b670e000 r--p 00007000 08:05 395632     /usr/lib/i386-linux-gnu/libXrender.so.1.3.0
b670e000-b670f000 rw-p 00008000 08:05 395632     /usr/lib/i386-linux-gnu/libXrender.so.1.3.0
b670f000-b6710000 r--s 00000000 08:05 1465822    /var/cache/fontconfig/c05880de57d1f5e948fdfacc138775d9-le32d4.cache-3
b6710000-b6711000 r--s 00000000 08:05 1465809    /var/cache/fontconfig/56cf4f4769d0f4abc89a4895d7bd3ae1-le32d4.cache-3
b6711000-b6712000 r--s 00000000 08:05 1465801    /var/cache/fontconfig/b9d506c9ac06c20b433354fa67a72993-le32d4.cache-3
b6712000-b6716000 r--s 00000000 08:05 1465800    /var/cache/fontconfig/b47c4e1ecd0709278f4910c18777a504-le32d4.cache-3
b6716000-b671e000 r--s 00000000 08:05 1475047    /var/cache/fontconfig/e13b20fdb08344e0e664864cc2ede53d-le32d4.cache-3
b671e000-b6724000 r--s 00000000 08:05 1461815    /var/cache/fontconfig/41d598709ec5cc4c9ba1df9a59d93441-le32d4.cache-3
b6724000-b6727000 r--s 00000000 08:05 1463308    /var/cache/fontconfig/7ef2298fde41cc6eeb7af42e48b7d293-le32d4.cache-3
b6727000-b672b000 r--s 0001c000 08:05 161351     /usr/download/OpenNI/Platform/Linux/Bin/x86-Release/org.OpenNI.jar
b672b000-b672f000 r--s 00038000 08:05 1315760    /usr/lib/jvm/java-6-openjdk-common/jre/lib/ext/sunpkcs11.jar
b672f000-b673a000 r-xp 00000000 08:05 2230103    /lib/i386-linux-gnu/libnss_files-2.15.so
b673a000-b673b000 r--p 0000a000 08:05 2230103    /lib/i386-linux-gnu/libnss_files-2.15.so
b673b000-b673c000 rw-p 0000b000 08:05 2230103    /lib/i386-linux-gnu/libnss_files-2.15.so
b673c000-b6746000 r-xp 00000000 08:05 2230115    /lib/i386-linux-gnu/libnss_nis-2.15.so
b6746000-b6747000 r--p 00009000 08:05 2230115    /lib/i386-linux-gnu/libnss_nis-2.15.so
b6747000-b6748000 rw-p 0000a000 08:05 2230115    /lib/i386-linux-gnu/libnss_nis-2.15.so
b6748000-b675e000 r-xp 00000000 08:05 2230192    /lib/i386-linux-gnu/libnsl-2.15.so
b675e000-b675f000 r--p 00015000 08:05 2230192    /lib/i386-linux-gnu/libnsl-2.15.so
b675f000-b6760000 rw-p 00016000 08:05 2230192    /lib/i386-linux-gnu/libnsl-2.15.so
b6760000-b6762000 rw-p 00000000 00:00 0 
b6762000-b6769000 r-xp 00000000 08:05 2230098    /lib/i386-linux-gnu/libnss_compat-2.15.so
b6769000-b676a000 r--p 00006000 08:05 2230098    /lib/i386-linux-gnu/libnss_compat-2.15.so
b676a000-b676b000 rw-p 00007000 08:05 2230098    /lib/i386-linux-gnu/libnss_compat-2.15.so
b676b000-b676c000 r--s 00000000 08:05 1465818    /var/cache/fontconfig/e7071f4a29fa870f4323321c154eba04-le32d4.cache-3
b676c000-b676d000 r--s 00000000 08:05 1465817    /var/cache/fontconfig/0d8c3b2ac0904cb8a57a757ad11a4a08-le32d4.cache-3
b676d000-b676e000 r--s 0001c000 08:05 942735     /usr/share/java/swing-layout-1.0.4.jar
b676e000-b6771000 r--s 00031000 08:05 1315755    /usr/lib/jvm/java-6-openjdk-common/jre/lib/ext/sunjce_provider.jar
b6771000-b6774000 r--s 00077000 08:05 1317122    /usr/lib/jvm/java-6-openjdk-common/jre/lib/ext/localedata.jar
b6774000-b6776000 r--s 00001000 08:05 1315762    /usr/lib/jvm/java-6-openjdk-common/jre/lib/ext/dnsns.jar
b6776000-b6778000 r--s 0000f000 08:05 1315757    /usr/lib/jvm/java-6-openjdk-common/jre/lib/ext/pulse-java.jar
b6778000-b6779000 r--s 00007000 08:05 935309     /usr/share/java/java-atk-wrapper.jar
b6779000-b677a000 r--p 005e0000 08:05 396324     /usr/lib/locale/locale-archive
b677a000-b6781000 r-xp 00000000 08:05 1317130    /usr/lib/jvm/java-6-openjdk-i386/jre/lib/i386/libzip.so
b6781000-b6782000 r--p 00006000 08:05 1317130    /usr/lib/jvm/java-6-openjdk-i386/jre/lib/i386/libzip.so
b6782000-b6783000 rw-p 00007000 08:05 1317130    /usr/lib/jvm/java-6-openjdk-i386/jre/lib/i386/libzip.so
b6783000-b67a9000 r-xp 00000000 08:05 1317129    /usr/lib/jvm/java-6-openjdk-i386/jre/lib/i386/libjava.so
b67a9000-b67aa000 r--p 00025000 08:05 1317129    /usr/lib/jvm/java-6-openjdk-i386/jre/lib/i386/libjava.so
b67aa000-b67ac000 rw-p 00026000 08:05 1317129    /usr/lib/jvm/java-6-openjdk-i386/jre/lib/i386/libjava.so
b67ac000-b67b3000 r-xp 00000000 08:05 2230109    /lib/i386-linux-gnu/librt-2.15.so
b67b3000-b67b4000 r--p 00006000 08:05 2230109    /lib/i386-linux-gnu/librt-2.15.so
b67b4000-b67b5000 rw-p 00007000 08:05 2230109    /lib/i386-linux-gnu/librt-2.15.so
b67b5000-b67b6000 ---p 00000000 00:00 0 
b67b6000-b6806000 rwxp 00000000 00:00 0 
b6806000-b6822000 r-xp 00000000 08:05 2233843    /lib/i386-linux-gnu/libgcc_s.so.1
b6822000-b6823000 r--p 0001b000 08:05 2233843    /lib/i386-linux-gnu/libgcc_s.so.1
b6823000-b6824000 rw-p 0001c000 08:05 2233843    /lib/i386-linux-gnu/libgcc_s.so.1
b6824000-b684e000 r-xp 00000000 08:05 2230159    /lib/i386-linux-gnu/libm-2.15.so
b684e000-b684f000 r--p 00029000 08:05 2230159    /lib/i386-linux-gnu/libm-2.15.so
b684f000-b6850000 rw-p 0002a000 08:05 2230159    /lib/i386-linux-gnu/libm-2.15.so
b6850000-b6928000 r-xp 00000000 08:05 396126     /usr/lib/i386-linux-gnu/libstdc++.so.6.0.16
b6928000-b6929000 ---p 000d8000 08:05 396126     /usr/lib/i386-linux-gnu/libstdc++.so.6.0.16
b6929000-b692d000 r--p 000d8000 08:05 396126     /usr/lib/i386-linux-gnu/libstdc++.so.6.0.16
b692d000-b692e000 rw-p 000dc000 08:05 396126     /usr/lib/i386-linux-gnu/libstdc++.so.6.0.16
b692e000-b6935000 rw-p 00000000 00:00 0 
b6935000-b7154000 r-xp 00000000 08:05 1317232    /usr/lib/jvm/java-6-openjdk-i386/jre/lib/i386/server/libjvm.so
b7154000-b7155000 ---p 0081f000 08:05 1317232    /usr/lib/jvm/java-6-openjdk-i386/jre/lib/i386/server/libjvm.so
b7155000-b719a000 r--p 0081f000 08:05 1317232    /usr/lib/jvm/java-6-openjdk-i386/jre/lib/i386/server/libjvm.so
b719a000-b71a9000 rw-p 00864000 08:05 1317232    /usr/lib/jvm/java-6-openjdk-i386/jre/lib/i386/server/libjvm.so
b71a9000-b75c5000 rw-p 00000000 00:00 0 
b75c5000-b75d9000 r-xp 00000000 08:05 2233933    /lib/i386-linux-gnu/libz.so.1.2.3.4
b75d9000-b75da000 r--p 00013000 08:05 2233933    /lib/i386-linux-gnu/libz.so.1.2.3.4
b75da000-b75db000 rw-p 00014000 08:05 2233933    /lib/i386-linux-gnu/libz.so.1.2.3.4
b75db000-b777e000 r-xp 00000000 08:05 2230056    /lib/i386-linux-gnu/libc-2.15.so
b777e000-b777f000 ---p 001a3000 08:05 2230056    /lib/i386-linux-gnu/libc-2.15.so
b777f000-b7781000 r--p 001a3000 08:05 2230056    /lib/i386-linux-gnu/libc-2.15.so
b7781000-b7782000 rw-p 001a5000 08:05 2230056    /lib/i386-linux-gnu/libc-2.15.so
b7782000-b7785000 rw-p 00000000 00:00 0 
b7785000-b7788000 r-xp 00000000 08:05 2230177    /lib/i386-linux-gnu/libdl-2.15.so
b7788000-b7789000 r--p 00002000 08:05 2230177    /lib/i386-linux-gnu/libdl-2.15.so
b7789000-b778a000 rw-p 00003000 08:05 2230177    /lib/i386-linux-gnu/libdl-2.15.so
b778a000-b778e000 r-xp 00000000 08:05 1317329    /usr/lib/jvm/java-6-openjdk-i386/jre/lib/i386/jli/libjli.so
b778e000-b778f000 r--p 00003000 08:05 1317329    /usr/lib/jvm/java-6-openjdk-i386/jre/lib/i386/jli/libjli.so
b778f000-b7790000 rw-p 00004000 08:05 1317329    /usr/lib/jvm/java-6-openjdk-i386/jre/lib/i386/jli/libjli.so
b7790000-b7791000 rw-p 00000000 00:00 0 
b7791000-b77a8000 r-xp 00000000 08:05 2230155    /lib/i386-linux-gnu/libpthread-2.15.so
b77a8000-b77a9000 r--p 00016000 08:05 2230155    /lib/i386-linux-gnu/libpthread-2.15.so
b77a9000-b77aa000 rw-p 00017000 08:05 2230155    /lib/i386-linux-gnu/libpthread-2.15.so
b77aa000-b77ac000 rw-p 00000000 00:00 0 
b77ac000-b77b4000 rw-s 00000000 08:05 2257679    /tmp/hsperfdata_cj/5954
b77b4000-b77b5000 rw-p 00000000 00:00 0 
b77b5000-b77b6000 r--p 00000000 00:00 0 
b77b6000-b77c1000 r-xp 00000000 08:05 1317306    /usr/lib/jvm/java-6-openjdk-i386/jre/lib/i386/libverify.so
b77c1000-b77c2000 ---p 0000b000 08:05 1317306    /usr/lib/jvm/java-6-openjdk-i386/jre/lib/i386/libverify.so
b77c2000-b77c3000 r--p 0000b000 08:05 1317306    /usr/lib/jvm/java-6-openjdk-i386/jre/lib/i386/libverify.so
b77c3000-b77c4000 rw-p 0000c000 08:05 1317306    /usr/lib/jvm/java-6-openjdk-i386/jre/lib/i386/libverify.so
b77c4000-b77c6000 rw-p 00000000 00:00 0 
b77c6000-b77c7000 r-xp 00000000 00:00 0          [vdso]
b77c7000-b77e7000 r-xp 00000000 08:05 2230160    /lib/i386-linux-gnu/ld-2.15.so
b77e7000-b77e8000 r--p 0001f000 08:05 2230160    /lib/i386-linux-gnu/ld-2.15.so
b77e8000-b77e9000 rw-p 00020000 08:05 2230160    /lib/i386-linux-gnu/ld-2.15.so
bfee1000-bff00000 rwxp 00000000 00:00 0          [stack]
bff00000-bff02000 rw-p 00000000 00:00 0 

VM Arguments:
jvm_args: -Dfile.encoding=UTF-8 
java_command: openGeppetto.controlGUI
Launcher Type: SUN_STANDARD

Environment Variables:
PATH=/usr/local/Tekkotsu/tools/bin:/usr/local/Tekkotsu/tools/sbin:/usr/local/Tekkotsu/tools/bin:/usr/local/Tekkotsu/tools/sbin:/usr/lib/lightdm/lightdm:/usr/local/sbin:/usr/local/bin:/usr/sbin:/usr/bin:/sbin:/bin:/usr/games
LD_LIBRARY_PATH=/usr/lib/jvm/java-6-openjdk-i386/jre/lib/i386/server:/usr/lib/jvm/java-6-openjdk-i386/jre/lib/i386:/usr/lib/jvm/java-6-openjdk-i386/jre/../lib/i386:/usr/lib/jvm/java-6-openjdk-i386/jre/lib/i386/client:/usr/lib/jvm/java-6-openjdk-i386/jre/lib/i386:/usr/lib/jvm/java-6-openjdk-i386/jre/../lib/i386::/usr/local/lib
SHELL=/bin/bash
DISPLAY=:0.0

Signal Handlers:
SIGSEGV: [libjvm.so+0x66b320], sa_mask[0]=0x7ffbfeff, sa_flags=0x10000004
SIGBUS: [libjvm.so+0x66b320], sa_mask[0]=0x7ffbfeff, sa_flags=0x10000004
SIGFPE: [libjvm.so+0x52e8c0], sa_mask[0]=0x7ffbfeff, sa_flags=0x10000004
SIGPIPE: SIG_IGN, sa_mask[0]=0x00001000, sa_flags=0x10000000
SIGXFSZ: [libjvm.so+0x52e8c0], sa_mask[0]=0x7ffbfeff, sa_flags=0x10000004
SIGILL: [libjvm.so+0x52e8c0], sa_mask[0]=0x7ffbfeff, sa_flags=0x10000004
SIGUSR1: SIG_DFL, sa_mask[0]=0x00000000, sa_flags=0x00000000
SIGUSR2: [libjvm.so+0x52e750], sa_mask[0]=0x00000004, sa_flags=0x10000004
SIGHUP: [libjvm.so+0x5317f0], sa_mask[0]=0x7ffbfeff, sa_flags=0x10000004
SIGINT: SIG_IGN, sa_mask[0]=0x00000000, sa_flags=0x00000000
SIGTERM: [libjvm.so+0x5317f0], sa_mask[0]=0x7ffbfeff, sa_flags=0x10000004
SIGQUIT: [libjvm.so+0x5317f0], sa_mask[0]=0x7ffbfeff, sa_flags=0x10000004


---------------  S Y S T E M  ---------------

OS:Ubuntu 12.04 (precise)
uname:Linux 3.2.0-32-generic-pae #51-Ubuntu SMP Wed Sep 26 21:54:23 UTC 2012 i686
libc:glibc 2.15 NPTL 2.15 
rlimit: STACK 8192k, CORE 0k, NPROC 24083, NOFILE 4096, AS infinity
load average:0.54 0.52 0.53

/proc/meminfo:
MemTotal:        3097280 kB
MemFree:          961964 kB
Buffers:          153108 kB
Cached:           887976 kB
SwapCached:            0 kB
Active:          1301268 kB
Inactive:         718360 kB
Active(anon):     979456 kB
Inactive(anon):    16668 kB
Active(file):     321812 kB
Inactive(file):   701692 kB
Unevictable:          68 kB
Mlocked:              68 kB
HighTotal:       2231816 kB
HighFree:         327920 kB
LowTotal:         865464 kB
LowFree:          634044 kB
SwapTotal:        999900 kB
SwapFree:         999900 kB
Dirty:               164 kB
Writeback:             0 kB
AnonPages:        978592 kB
Mapped:           193928 kB
Shmem:             17584 kB
Slab:              52972 kB
SReclaimable:      35628 kB
SUnreclaim:        17344 kB
KernelStack:        4176 kB
PageTables:        13316 kB
NFS_Unstable:          0 kB
Bounce:                0 kB
WritebackTmp:          0 kB
CommitLimit:     2548540 kB
Committed_AS:    3982720 kB
VmallocTotal:     122880 kB
VmallocUsed:       14540 kB
VmallocChunk:     104940 kB
HardwareCorrupted:     0 kB
AnonHugePages:         0 kB
HugePages_Total:       0
HugePages_Free:        0
HugePages_Rsvd:        0
HugePages_Surp:        0
Hugepagesize:       2048 kB
DirectMap4k:        8184 kB
DirectMap2M:      905216 kB


CPU:total 2 (2 cores per cpu, 1 threads per core) family 6 model 23 stepping 6, cmov, cx8, fxsr, mmx, sse, sse2, sse3, ssse3, sse4.1

Memory: 4k page, physical 3097280k(961964k free), swap 999900k(999900k free)

vm_info: OpenJDK Server VM (20.0-b12) for linux-x86 JRE (1.6.0_24-b24), built on Oct 24 2012 16:19:13 by "buildd" with gcc 4.6.3

time: Wed Nov  7 18:39:41 2012
elapsed time: 14 seconds

