#
# A fatal error has been detected by the Java Runtime Environment:
#
#  SIGSEGV (0xb) at pc=0x76f6cb07, pid=4010, tid=1952447296
#
# JRE version: 6.0_24-b24
# Java VM: OpenJDK Server VM (20.0-b12 mixed mode linux-x86 )
# Derivative: IcedTea6 1.11.5
# Distribution: Ubuntu 12.04 LTS, package 6b24-1.11.5-0ubuntu1~12.04.1
# Problematic frame:
# C  [libXnVHandGenerator_1_5_2.so+0x7cb07]  NHAHandTrackerManager::UpdateHandPartition(NADepthMapContainer const&)+0x307
#
# If you would like to submit a bug report, please include
# instructions how to reproduce the bug and visit:
#   https://bugs.launchpad.net/ubuntu/+source/openjdk-6/
# The crash happened outside the Java Virtual Machine in native code.
# See problematic frame for where to report the bug.
#

---------------  T H R E A D  ---------------

Current thread (0x7466e400):  JavaThread "Thread-2" [_thread_in_native, id=4190, stack(0x745af000,0x74600000)]

siginfo:si_signo=SIGSEGV: si_errno=0, si_code=2 (SEGV_ACCERR), si_addr=0x7abf4000

Registers:
EAX=0x7abf3ff4, EBX=0x76fe8ff4, ECX=0x0000001c, EDX=0x00000001
ESP=0x745fe010, EBP=0x00000077, ESI=0x00000008, EDI=0x00000000
EIP=0x76f6cb07, EFLAGS=0x00010202, CR2=0x7abf4000

Top of Stack: (sp=0x745fe010)
0x745fe010:   756d608c 756d6ae4 756d6af0 ff7fffff
0x745fe020:   76fe7c80 7f7fffff 7f7fffff 7f7fffff
0x745fe030:   ff7fffff b675cdba 78b6bff4 78b44003
0x745fe040:   00000000 0000007e 7abf3fd8 49249248
0x745fe050:   756d6b3c 756d6af0 756d6074 78b4404f
0x745fe060:   745fe088 00000000 7fffffff 7fffffff
0x745fe070:   80000000 80000000 00000000 00000000
0x745fe080:   00000000 00000000 00000000 00000000 

Instructions: (pc=0x76f6cb07)
0x76f6cae7:   00 00 8b 70 08 3b 74 24 34 7e 07 89 b4 24 88 00
0x76f6caf7:   00 00 8b 70 04 39 fe 7d 07 89 b4 24 84 00 00 00
0x76f6cb07:   8b 40 0c 39 e8 7e 07 89 84 24 8c 00 00 00 83 c2
0x76f6cb17:   01 83 c1 1c 3b 54 24 3c 75 8f 8b 84 24 88 00 00 

Register to memory mapping:

EAX=0x7abf3ff4 is an unknown value
EBX=0x76fe8ff4: <offset 0xf8ff4> in /usr/lib/libXnVHandGenerator_1_5_2.so at 0x76ef0000
ECX=0x0000001c is an unknown value
EDX=0x00000001 is an unknown value
ESP=0x745fe010 is pointing into the stack for thread: 0x7466e400
EBP=0x00000077 is an unknown value
ESI=0x00000008 is an unknown value
EDI=0x00000000 is an unknown value


Stack: [0x745af000,0x74600000],  sp=0x745fe010,  free space=316k
Native frames: (J=compiled Java code, j=interpreted, Vv=VM code, C=native code)
C  [libXnVHandGenerator_1_5_2.so+0x7cb07]  NHAHandTrackerManager::UpdateHandPartition(NADepthMapContainer const&)+0x307

Java frames: (J=compiled Java code, j=interpreted, Vv=VM code)
j  org.OpenNI.NativeMethods.xnWaitAnyUpdateAll(J)I+0
j  org.OpenNI.Context.waitAnyUpdateAll()V+4
J  openGeppetto.HandTracker.updateDepth()V
j  openGeppetto.HandTrackerNUI.run()V+37
j  java.lang.Thread.run()V+11
v  ~StubRoutines::call_stub

---------------  P R O C E S S  ---------------

Java Threads: ( => current thread )
  0x75b25c00 JavaThread "Thread-3" [_thread_in_native, id=4193, stack(0x7197f000,0x719d0000)]
=>0x7466e400 JavaThread "Thread-2" [_thread_in_native, id=4190, stack(0x745af000,0x74600000)]
  0x7bafa400 JavaThread "Thread-1" [_thread_in_native, id=4182, stack(0x78daf000,0x78e00000)]
  0x7ba4b800 JavaThread "TimerQueue" daemon [_thread_blocked, id=4034, stack(0x77a23000,0x77a74000)]
  0xb6605800 JavaThread "DestroyJavaVM" [_thread_blocked, id=4013, stack(0xb6762000,0xb67b3000)]
  0x78ee3400 JavaThread "AWT-EventQueue-0" [_thread_blocked, id=4033, stack(0x77a74000,0x77ac5000)]
  0x78ee2400 JavaThread "AWT-Shutdown" [_thread_blocked, id=4032, stack(0x77ac5000,0x77b16000)]
  0x7b077400 JavaThread "AWT-XAWT" daemon [_thread_in_native, id=4028, stack(0x7aaaf000,0x7ab00000)]
  0x7b024400 JavaThread "Java2D Disposer" daemon [_thread_blocked, id=4027, stack(0x7ace6000,0x7ad37000)]
  0xb66a4400 JavaThread "Low Memory Detector" daemon [_thread_blocked, id=4025, stack(0x7b228000,0x7b279000)]
  0xb66a2800 JavaThread "C2 CompilerThread1" daemon [_thread_blocked, id=4024, stack(0x7b279000,0x7b2fa000)]
  0xb66a0400 JavaThread "C2 CompilerThread0" daemon [_thread_blocked, id=4023, stack(0x7b2fa000,0x7b37b000)]
  0xb669f000 JavaThread "Signal Dispatcher" daemon [_thread_blocked, id=4022, stack(0x7b37b000,0x7b3cc000)]
  0xb668f800 JavaThread "Finalizer" daemon [_thread_blocked, id=4019, stack(0x7b5cc000,0x7b61d000)]
  0xb668e000 JavaThread "Reference Handler" daemon [_thread_blocked, id=4018, stack(0x7b61d000,0x7b66e000)]

Other Threads:
  0xb668a400 VMThread [stack: 0x7b94c000,0x7b9cd000] [id=4017]
  0xb66a6000 WatcherThread [stack: 0x7b1a7000,0x7b228000] [id=4026]

VM state:not at safepoint (normal execution)

VM Mutex/Monitor currently owned by a thread: None

Heap
 PSYoungGen      total 14144K, used 538K [0xa3870000, 0xa4830000, 0xb3510000)
  eden space 12160K, 4% used [0xa3870000,0xa38f69e0,0xa4450000)
  from space 1984K, 0% used [0xa4450000,0xa4450000,0xa4640000)
  to   space 1984K, 0% used [0xa4640000,0xa4640000,0xa4830000)
 PSOldGen        total 32320K, used 6711K [0x83f10000, 0x85ea0000, 0xa3870000)
  object space 32320K, 20% used [0x83f10000,0x8459de20,0x85ea0000)
 PSPermGen       total 22272K, used 11076K [0x7bf10000, 0x7d4d0000, 0x83f10000)
  object space 22272K, 49% used [0x7bf10000,0x7c9e1218,0x7d4d0000)

Code Cache  [0xb35d9000, 0xb3819000, 0xb65d9000)
 total_blobs=351 nmethods=119 adapters=186 free_code_cache=49803840 largest_free_block=8576

Dynamic libraries:
08048000-08051000 r-xp 00000000 08:05 1333819    /usr/lib/jvm/java-6-openjdk-i386/jre/bin/java
08051000-08052000 r--p 00008000 08:05 1333819    /usr/lib/jvm/java-6-openjdk-i386/jre/bin/java
08052000-08053000 rw-p 00009000 08:05 1333819    /usr/lib/jvm/java-6-openjdk-i386/jre/bin/java
08c75000-08e7a000 rw-p 00000000 00:00 0          [heap]
46fe9000-47081000 rw-p 00000000 00:00 0 
56651000-566e8000 rw-p 00000000 00:00 0 
6b400000-6b465000 rw-p 00000000 00:00 0 
6b465000-6b500000 ---p 00000000 00:00 0 
6d79b000-71723000 rw-p 00000000 00:00 0 
71723000-7184f000 rw-s 00000000 00:04 98336777   /SYSV00000000 (deleted)
7184f000-7197f000 rw-p 00000000 00:00 0 
7197f000-71982000 ---p 00000000 00:00 0 
71982000-719d0000 rwxp 00000000 00:00 0 
719d0000-71b00000 rw-p 00000000 00:00 0 
71b00000-71bf9000 rw-p 00000000 00:00 0 
71bf9000-71c00000 ---p 00000000 00:00 0 
71c00000-71c2a000 rw-p 00000000 00:00 0 
71c2a000-71d00000 ---p 00000000 00:00 0 
71d00000-71dfd000 rw-p 00000000 00:00 0 
71dfd000-71e00000 ---p 00000000 00:00 0 
71e56000-72600000 rw-p 00000000 00:00 0 
72600000-726ee000 rw-p 00000000 00:00 0 
726ee000-72700000 ---p 00000000 00:00 0 
72769000-72800000 rw-p 00000000 00:00 0 
72800000-728fa000 rw-p 00000000 00:00 0 
728fa000-72900000 ---p 00000000 00:00 0 
72969000-72a00000 rw-p 00000000 00:00 0 
72a00000-72b00000 rw-p 00000000 00:00 0 
72b00000-72c00000 rw-p 00000000 00:00 0 
72c68000-72d00000 rw-p 00000000 00:00 0 
72d00000-72dfd000 rw-p 00000000 00:00 0 
72dfd000-72e00000 ---p 00000000 00:00 0 
72e05000-7350d000 r--s 00000000 00:12 1571173    /run/shm/4184_045e.02ae@2.7_Depth
7350d000-7363a000 rw-p 00000000 00:00 0 
7363a000-7363b000 ---p 00000000 00:00 0 
7363b000-73e3b000 rwxp 00000000 00:00 0 
73e3b000-74400000 rw-p 00000000 00:00 0 
74400000-744c4000 rw-p 00000000 00:00 0 
744c4000-74500000 ---p 00000000 00:00 0 
74517000-745af000 rw-p 00000000 00:00 0 
745af000-745b2000 ---p 00000000 00:00 0 
745b2000-74600000 rwxp 00000000 00:00 0 
74600000-74700000 rw-p 00000000 00:00 0 
7471d000-74d00000 rw-p 00000000 00:00 0 
74d00000-74dfd000 rw-p 00000000 00:00 0 
74dfd000-74e00000 ---p 00000000 00:00 0 
74e1c000-75400000 rw-p 00000000 00:00 0 
75400000-754fb000 rw-p 00000000 00:00 0 
754fb000-75500000 ---p 00000000 00:00 0 
75569000-75600000 rw-p 00000000 00:00 0 
75600000-756fe000 rw-p 00000000 00:00 0 
756fe000-75700000 ---p 00000000 00:00 0 
7573b000-75900000 rw-p 00000000 00:00 0 
75900000-759e2000 rw-p 00000000 00:00 0 
759e2000-75a00000 ---p 00000000 00:00 0 
75a31000-75a65000 r-xp 00000000 08:05 1317277    /usr/lib/jvm/java-6-openjdk-i386/jre/lib/i386/liblcms.so
75a65000-75a66000 r--p 00033000 08:05 1317277    /usr/lib/jvm/java-6-openjdk-i386/jre/lib/i386/liblcms.so
75a66000-75a67000 rw-p 00034000 08:05 1317277    /usr/lib/jvm/java-6-openjdk-i386/jre/lib/i386/liblcms.so
75a67000-75b00000 rw-p 00000000 00:00 0 
75b00000-75bfb000 rw-p 00000000 00:00 0 
75bfb000-75c00000 ---p 00000000 00:00 0 
75c00000-75d00000 rw-p 00000000 00:00 0 
75d00000-75ee5000 rw-p 00000000 00:00 0 
75ee5000-75f00000 ---p 00000000 00:00 0 
75f00000-75ffe000 rw-p 00000000 00:00 0 
75ffe000-76000000 ---p 00000000 00:00 0 
76000000-76100000 rw-p 00000000 00:00 0 
76100000-761fd000 rw-p 00000000 00:00 0 
761fd000-76200000 ---p 00000000 00:00 0 
76223000-762ba000 rw-p 00000000 00:00 0 
762ba000-769c2000 r--s 00000000 00:12 1571173    /run/shm/4184_045e.02ae@2.7_Depth
769c2000-76ef0000 rw-p 00000000 00:00 0 
76ef0000-76fe6000 r-xp 00000000 08:05 161654     /usr/lib/libXnVHandGenerator_1_5_2.so
76fe6000-76fe9000 r--p 000f5000 08:05 161654     /usr/lib/libXnVHandGenerator_1_5_2.so
76fe9000-76fea000 rw-p 000f8000 08:05 161654     /usr/lib/libXnVHandGenerator_1_5_2.so
76fea000-76ff6000 rw-p 00000000 00:00 0 
76ff6000-770cb000 r-xp 00000000 08:05 161653     /usr/lib/libXnVHandGenerator_1_4_2.so
770cb000-770cc000 ---p 000d5000 08:05 161653     /usr/lib/libXnVHandGenerator_1_4_2.so
770cc000-770ce000 r--p 000d5000 08:05 161653     /usr/lib/libXnVHandGenerator_1_4_2.so
770ce000-770cf000 rw-p 000d7000 08:05 161653     /usr/lib/libXnVHandGenerator_1_4_2.so
770cf000-770d1000 rw-p 00000000 00:00 0 
770d1000-771a5000 r-xp 00000000 08:05 161652     /usr/lib/libXnVHandGenerator_1_4_1.so
771a5000-771a6000 ---p 000d4000 08:05 161652     /usr/lib/libXnVHandGenerator_1_4_1.so
771a6000-771a8000 r--p 000d4000 08:05 161652     /usr/lib/libXnVHandGenerator_1_4_1.so
771a8000-771a9000 rw-p 000d6000 08:05 161652     /usr/lib/libXnVHandGenerator_1_4_1.so
771a9000-771ab000 rw-p 00000000 00:00 0 
771ab000-775c6000 r-xp 00000000 08:05 161648     /usr/lib/libXnVFeatures_1_5_2.so
775c6000-775ce000 r--p 0041a000 08:05 161648     /usr/lib/libXnVFeatures_1_5_2.so
775ce000-775cf000 rw-p 00422000 08:05 161648     /usr/lib/libXnVFeatures_1_5_2.so
775cf000-775e3000 rw-p 00000000 00:00 0 
775e3000-777ca000 r-xp 00000000 08:05 161639     /usr/lib/libXnVFeatures_1_4_2.so
777ca000-777cd000 r--p 001e6000 08:05 161639     /usr/lib/libXnVFeatures_1_4_2.so
777cd000-777ce000 rw-p 001e9000 08:05 161639     /usr/lib/libXnVFeatures_1_4_2.so
777ce000-777d3000 rw-p 00000000 00:00 0 
777d3000-779ba000 r-xp 00000000 08:05 161635     /usr/lib/libXnVFeatures_1_4_1.so
779ba000-779bd000 r--p 001e6000 08:05 161635     /usr/lib/libXnVFeatures_1_4_1.so
779bd000-779be000 rw-p 001e9000 08:05 161635     /usr/lib/libXnVFeatures_1_4_1.so
779be000-779c3000 rw-p 00000000 00:00 0 
779c3000-77a23000 rw-s 00000000 00:04 95387651   /SYSV00000000 (deleted)
77a23000-77b16000 rwxp 00000000 00:00 0 
77b16000-77b17000 ---p 00000000 00:00 0 
77b17000-78317000 rwxp 00000000 00:00 0 
78317000-78325000 r-xp 00000000 08:05 2239330    /lib/i386-linux-gnu/libudev.so.0.13.0
78325000-78326000 r--p 0000e000 08:05 2239330    /lib/i386-linux-gnu/libudev.so.0.13.0
78326000-78327000 rw-p 0000f000 08:05 2239330    /lib/i386-linux-gnu/libudev.so.0.13.0
78327000-7836e000 r-xp 00000000 08:05 2254951    /lib/i386-linux-gnu/libdbus-1.so.3.5.8
7836e000-7836f000 r--p 00047000 08:05 2254951    /lib/i386-linux-gnu/libdbus-1.so.3.5.8
7836f000-78370000 rw-p 00048000 08:05 2254951    /lib/i386-linux-gnu/libdbus-1.so.3.5.8
78388000-783b1000 r-xp 00000000 08:05 792411     /usr/lib/i386-linux-gnu/gio/modules/libgvfsdbus.so
783b1000-783b2000 r--p 00028000 08:05 792411     /usr/lib/i386-linux-gnu/gio/modules/libgvfsdbus.so
783b2000-783b3000 rw-p 00029000 08:05 792411     /usr/lib/i386-linux-gnu/gio/modules/libgvfsdbus.so
783b4000-783ce000 r-xp 00000000 08:05 395193     /usr/lib/i386-linux-gnu/libdbusmenu-glib.so.4.0.13
783ce000-783cf000 r--p 00019000 08:05 395193     /usr/lib/i386-linux-gnu/libdbusmenu-glib.so.4.0.13
783cf000-783d0000 rw-p 0001a000 08:05 395193     /usr/lib/i386-linux-gnu/libdbusmenu-glib.so.4.0.13
783d0000-783e1000 r-xp 00000000 08:05 395148     /usr/lib/i386-linux-gnu/libdbusmenu-gtk.so.4.0.13
783e1000-783e2000 r--p 00010000 08:05 395148     /usr/lib/i386-linux-gnu/libdbusmenu-gtk.so.4.0.13
783e2000-783e3000 rw-p 00011000 08:05 395148     /usr/lib/i386-linux-gnu/libdbusmenu-gtk.so.4.0.13
783fb000-78400000 r-xp 00000000 08:05 788095     /usr/lib/gtk-2.0/2.10.0/menuproxies/libappmenu.so
78400000-78401000 r--p 00004000 08:05 788095     /usr/lib/gtk-2.0/2.10.0/menuproxies/libappmenu.so
78401000-78402000 rw-p 00005000 08:05 788095     /usr/lib/gtk-2.0/2.10.0/menuproxies/libappmenu.so
78402000-78446000 r-xp 00000000 08:05 395924     /usr/lib/i386-linux-gnu/libibus-1.0.so.0.401.0
78446000-78447000 r--p 00043000 08:05 395924     /usr/lib/i386-linux-gnu/libibus-1.0.so.0.401.0
78447000-78448000 rw-p 00044000 08:05 395924     /usr/lib/i386-linux-gnu/libibus-1.0.so.0.401.0
78449000-7845e000 r-xp 00000000 08:05 792412     /usr/lib/i386-linux-gnu/gvfs/libgvfscommon.so
7845e000-7845f000 r--p 00014000 08:05 792412     /usr/lib/i386-linux-gnu/gvfs/libgvfscommon.so
7845f000-78460000 rw-p 00015000 08:05 792412     /usr/lib/i386-linux-gnu/gvfs/libgvfscommon.so
78460000-78466000 r-xp 00000000 08:05 788628     /usr/lib/i386-linux-gnu/gtk-2.0/2.10.0/immodules/im-ibus.so
78466000-78467000 r--p 00005000 08:05 788628     /usr/lib/i386-linux-gnu/gtk-2.0/2.10.0/immodules/im-ibus.so
78467000-78468000 rw-p 00006000 08:05 788628     /usr/lib/i386-linux-gnu/gtk-2.0/2.10.0/immodules/im-ibus.so
78468000-784ba000 r--p 00000000 08:05 1184653    /usr/share/fonts/truetype/ttf-dejavu/DejaVuSansMono.ttf
784ba000-78511000 r--p 00000000 08:05 1184682    /usr/share/fonts/truetype/ubuntu-font-family/Ubuntu-R.ttf
7853b000-7853d000 r-xp 00000000 08:05 791707     /usr/lib/i386-linux-gnu/pango/1.6.0/modules/pango-basic-fc.so
7853d000-7853e000 r--p 00001000 08:05 791707     /usr/lib/i386-linux-gnu/pango/1.6.0/modules/pango-basic-fc.so
7853e000-7853f000 rw-p 00002000 08:05 791707     /usr/lib/i386-linux-gnu/pango/1.6.0/modules/pango-basic-fc.so
7853f000-78540000 r--s 00000000 08:05 1465822    /var/cache/fontconfig/c05880de57d1f5e948fdfacc138775d9-le32d4.cache-3
78540000-78546000 r--s 00000000 08:05 1463331    /var/cache/fontconfig/945677eb7aeaf62f1d50efc3fb3ec7d8-le32d4.cache-3
78546000-78548000 r--s 00000000 08:05 1465820    /var/cache/fontconfig/99e8ed0e538f840c565b6ed5dad60d56-le32d4.cache-3
78548000-7854b000 r--s 00000000 08:05 1465819    /var/cache/fontconfig/2cd17615ca594fa2959ae173292e504c-le32d4.cache-3
7854b000-7854c000 r--s 00000000 08:05 1465818    /var/cache/fontconfig/e7071f4a29fa870f4323321c154eba04-le32d4.cache-3
7854c000-7854d000 r--s 00000000 08:05 1465817    /var/cache/fontconfig/0d8c3b2ac0904cb8a57a757ad11a4a08-le32d4.cache-3
7854d000-78551000 r--s 00000000 08:05 1465816    /var/cache/fontconfig/a755afe4a08bf5b97852ceb7400b47bc-le32d4.cache-3
78551000-78558000 r--s 00000000 08:05 1465815    /var/cache/fontconfig/6d41288fd70b0be22e8c3a91e032eec0-le32d4.cache-3
78558000-78563000 r--s 00000000 08:05 1465814    /var/cache/fontconfig/04aabc0a78ac019cf9454389977116d2-le32d4.cache-3
78563000-78566000 r--s 00000000 08:05 1465813    /var/cache/fontconfig/385c0604a188198f04d133e54aba7fe7-le32d4.cache-3
78566000-78567000 r--s 00000000 08:05 1465812    /var/cache/fontconfig/4794a0821666d79190d59a36cb4f44b5-le32d4.cache-3
78567000-7856a000 r--s 00000000 08:05 1465811    /var/cache/fontconfig/8801497958630a81b71ace7c5f9b32a8-le32d4.cache-3
7856a000-7856e000 r--s 00000000 08:05 1465810    /var/cache/fontconfig/3047814df9a2f067bd2d96a2b9c36e5a-le32d4.cache-3
7856e000-7856f000 r--s 00000000 08:05 1465809    /var/cache/fontconfig/56cf4f4769d0f4abc89a4895d7bd3ae1-le32d4.cache-3
7856f000-78570000 r--s 00000000 08:05 1465801    /var/cache/fontconfig/b9d506c9ac06c20b433354fa67a72993-le32d4.cache-3
78570000-78574000 r--s 00000000 08:05 1465800    /var/cache/fontconfig/b47c4e1ecd0709278f4910c18777a504-le32d4.cache-3
78574000-78581000 r--s 00000000 08:05 1465799    /var/cache/fontconfig/d52a8644073d54c13679302ca1180695-le32d4.cache-3
78581000-78589000 r--s 00000000 08:05 1475047    /var/cache/fontconfig/e13b20fdb08344e0e664864cc2ede53d-le32d4.cache-3
785b2000-78649000 rw-p 00000000 00:00 0 
78649000-78727000 r-xp 00000000 08:05 161651     /usr/lib/libXnVHandGenerator_1_3_1.so
78727000-7872a000 r--p 000dd000 08:05 161651     /usr/lib/libXnVHandGenerator_1_3_1.so
7872a000-7872b000 rw-p 000e0000 08:05 161651     /usr/lib/libXnVHandGenerator_1_3_1.so
7872b000-7872d000 rw-p 00000000 00:00 0 
7872d000-7894b000 r-xp 00000000 08:05 161631     /usr/lib/libXnVFeatures_1_3_1.so
7894b000-7894c000 ---p 0021e000 08:05 161631     /usr/lib/libXnVFeatures_1_3_1.so
7894c000-7894f000 r--p 0021e000 08:05 161631     /usr/lib/libXnVFeatures_1_3_1.so
7894f000-78950000 rw-p 00221000 08:05 161631     /usr/lib/libXnVFeatures_1_3_1.so
78950000-78955000 rw-p 00000000 00:00 0 
78955000-7897c000 r-xp 00000000 08:05 161537     /usr/lib/libXnDeviceFile.so
7897c000-7897d000 r--p 00027000 08:05 161537     /usr/lib/libXnDeviceFile.so
7897d000-7897e000 rw-p 00028000 08:05 161537     /usr/lib/libXnDeviceFile.so
7897e000-789c3000 r-xp 00000000 08:05 161536     /usr/lib/libXnDDK.so
789c3000-789c5000 r--p 00044000 08:05 161536     /usr/lib/libXnDDK.so
789c5000-789c6000 rw-p 00046000 08:05 161536     /usr/lib/libXnDDK.so
789c6000-789ea000 r-xp 00000000 08:05 161539     /usr/lib/libXnFormats.so
789ea000-789eb000 r--p 00023000 08:05 161539     /usr/lib/libXnFormats.so
789eb000-789ec000 rw-p 00024000 08:05 161539     /usr/lib/libXnFormats.so
789ec000-78a0c000 rw-p 00000000 00:00 0 
78a0c000-78a8c000 r-xp 00000000 08:05 161538     /usr/lib/libXnDeviceSensorV2KM.so
78a8c000-78a94000 r--p 00080000 08:05 161538     /usr/lib/libXnDeviceSensorV2KM.so
78a94000-78a95000 rw-p 00088000 08:05 161538     /usr/lib/libXnDeviceSensorV2KM.so
78a95000-78aca000 r-xp 00000000 08:05 161438     /usr/lib/libnimCodecs.so
78aca000-78acc000 r--p 00034000 08:05 161438     /usr/lib/libnimCodecs.so
78acc000-78acd000 rw-p 00036000 08:05 161438     /usr/lib/libnimCodecs.so
78acd000-78aed000 rw-p 00000000 00:00 0 
78aed000-78b6a000 r-xp 00000000 08:05 161442     /usr/lib/libOpenNI.so
78b6a000-78b6c000 r--p 0007c000 08:05 161442     /usr/lib/libOpenNI.so
78b6c000-78b6e000 rw-p 0007e000 08:05 161442     /usr/lib/libOpenNI.so
78c00000-78cfa000 rw-p 00000000 00:00 0 
78cfa000-78d00000 ---p 00000000 00:00 0 
78d0f000-78d2e000 r-xp 00000000 08:05 161440     /usr/lib/libnimRecorder.so
78d2e000-78d2f000 r--p 0001f000 08:05 161440     /usr/lib/libnimRecorder.so
78d2f000-78d30000 rw-p 00020000 08:05 161440     /usr/lib/libnimRecorder.so
78d30000-78d5c000 r-xp 00000000 08:05 161439     /usr/lib/libnimMockNodes.so
78d5c000-78d63000 r--p 0002b000 08:05 161439     /usr/lib/libnimMockNodes.so
78d63000-78d64000 rw-p 00032000 08:05 161439     /usr/lib/libnimMockNodes.so
78d64000-78d72000 r-xp 00000000 08:05 2233925    /lib/i386-linux-gnu/libusb-1.0.so.0.1.0
78d72000-78d73000 r--p 0000d000 08:05 2233925    /lib/i386-linux-gnu/libusb-1.0.so.0.1.0
78d73000-78d74000 rw-p 0000e000 08:05 2233925    /lib/i386-linux-gnu/libusb-1.0.so.0.1.0
78d8c000-78dac000 r-xp 00000000 08:05 161441     /usr/lib/libOpenNI.jni.so
78dac000-78dad000 r--p 0001f000 08:05 161441     /usr/lib/libOpenNI.jni.so
78dad000-78daf000 rw-p 00020000 08:05 161441     /usr/lib/libOpenNI.jni.so
78daf000-78e00000 rwxp 00000000 00:00 0 
78e00000-78ee5000 rw-p 00000000 00:00 0 
78ee5000-78f00000 ---p 00000000 00:00 0 
78f01000-78f07000 r--s 00000000 08:05 1461815    /var/cache/fontconfig/41d598709ec5cc4c9ba1df9a59d93441-le32d4.cache-3
78f07000-78f0a000 r--s 00000000 08:05 1463308    /var/cache/fontconfig/7ef2298fde41cc6eeb7af42e48b7d293-le32d4.cache-3
78f0b000-78f0e000 r-xp 00000000 08:05 161535     /usr/lib/libXnCore.so
78f0e000-78f0f000 r--p 00002000 08:05 161535     /usr/lib/libXnCore.so
78f0f000-78f10000 rw-p 00003000 08:05 161535     /usr/lib/libXnCore.so
78f10000-78f14000 r--s 0007d000 08:05 1312379    /usr/lib/jvm/java-6-openjdk-common/jre/lib/jsse.jar
78f14000-78f1c000 r-xp 00000000 08:05 1317132    /usr/lib/jvm/java-6-openjdk-i386/jre/lib/i386/libnio.so
78f1c000-78f1d000 r--p 00007000 08:05 1317132    /usr/lib/jvm/java-6-openjdk-i386/jre/lib/i386/libnio.so
78f1d000-78f1e000 rw-p 00008000 08:05 1317132    /usr/lib/jvm/java-6-openjdk-i386/jre/lib/i386/libnio.so
78f1e000-78f24000 r-xp 00000000 08:05 396009     /usr/lib/i386-linux-gnu/libogg.so.0.7.1
78f24000-78f25000 r--p 00005000 08:05 396009     /usr/lib/i386-linux-gnu/libogg.so.0.7.1
78f25000-78f26000 rw-p 00006000 08:05 396009     /usr/lib/i386-linux-gnu/libogg.so.0.7.1
78f26000-78f4f000 r-xp 00000000 08:05 396167     /usr/lib/i386-linux-gnu/libvorbis.so.0.4.5
78f4f000-78f50000 r--p 00028000 08:05 396167     /usr/lib/i386-linux-gnu/libvorbis.so.0.4.5
78f50000-78f51000 rw-p 00029000 08:05 396167     /usr/lib/i386-linux-gnu/libvorbis.so.0.4.5
78f51000-78f59000 r-xp 00000000 08:05 395966     /usr/lib/i386-linux-gnu/libltdl.so.7.3.0
78f59000-78f5a000 r--p 00008000 08:05 395966     /usr/lib/i386-linux-gnu/libltdl.so.7.3.0
78f5a000-78f5b000 rw-p 00009000 08:05 395966     /usr/lib/i386-linux-gnu/libltdl.so.7.3.0
78f5b000-78f6c000 r-xp 00000000 08:05 396134     /usr/lib/i386-linux-gnu/libtdb.so.1.2.9
78f6c000-78f6d000 r--p 00010000 08:05 396134     /usr/lib/i386-linux-gnu/libtdb.so.1.2.9
78f6d000-78f6e000 rw-p 00011000 08:05 396134     /usr/lib/i386-linux-gnu/libtdb.so.1.2.9
78f6e000-78f76000 r-xp 00000000 08:05 396171     /usr/lib/i386-linux-gnu/libvorbisfile.so.3.3.4
78f76000-78f77000 r--p 00007000 08:05 396171     /usr/lib/i386-linux-gnu/libvorbisfile.so.3.3.4
78f77000-78f78000 rw-p 00008000 08:05 396171     /usr/lib/i386-linux-gnu/libvorbisfile.so.3.3.4
78f78000-78f87000 r-xp 00000000 08:05 395704     /usr/lib/i386-linux-gnu/libcanberra.so.0.2.5
78f87000-78f88000 r--p 0000e000 08:05 395704     /usr/lib/i386-linux-gnu/libcanberra.so.0.2.5
78f88000-78f89000 rw-p 0000f000 08:05 395704     /usr/lib/i386-linux-gnu/libcanberra.so.0.2.5
78f89000-78f8d000 r-xp 00000000 08:05 395700     /usr/lib/i386-linux-gnu/libcanberra-gtk.so.0.1.8
78f8d000-78f8e000 r--p 00003000 08:05 395700     /usr/lib/i386-linux-gnu/libcanberra-gtk.so.0.1.8
78f8e000-78f8f000 rw-p 00004000 08:05 395700     /usr/lib/i386-linux-gnu/libcanberra-gtk.so.0.1.8
78f90000-78fa5000 r-xp 00000000 08:05 1317209    /usr/lib/jvm/java-6-openjdk-i386/jre/lib/i386/libnet.so
78fa5000-78fa6000 r--p 00014000 08:05 1317209    /usr/lib/jvm/java-6-openjdk-i386/jre/lib/i386/libnet.so
78fa6000-78fa7000 rw-p 00015000 08:05 1317209    /usr/lib/jvm/java-6-openjdk-i386/jre/lib/i386/libnet.so
78fa7000-78fac000 r-xp 00000000 08:05 788642     /usr/lib/i386-linux-gnu/gtk-2.0/modules/libcanberra-gtk-module.so
78fac000-78fad000 r--p 00004000 08:05 788642     /usr/lib/i386-linux-gnu/gtk-2.0/modules/libcanberra-gtk-module.so
78fad000-78fae000 rw-p 00005000 08:05 788642     /usr/lib/i386-linux-gnu/gtk-2.0/modules/libcanberra-gtk-module.so
78fae000-78fe3000 r-xp 00000000 08:05 788621     /usr/lib/i386-linux-gnu/gtk-2.0/2.10.0/engines/libmurrine.so
78fe3000-78fe4000 r--p 00034000 08:05 788621     /usr/lib/i386-linux-gnu/gtk-2.0/2.10.0/engines/libmurrine.so
78fe4000-78fe5000 rw-p 00035000 08:05 788621     /usr/lib/i386-linux-gnu/gtk-2.0/2.10.0/engines/libmurrine.so
78fe5000-78fe6000 ---p 00000000 00:00 0 
78fe6000-797e6000 rwxp 00000000 00:00 0 
797e6000-797e7000 ---p 00000000 00:00 0 
797e7000-79fe7000 rwxp 00000000 00:00 0 
79fe7000-79fee000 r-xp 00000000 08:05 788828     /usr/lib/i386-linux-gnu/gio/modules/libdconfsettings.so
79fee000-79fef000 r--p 00006000 08:05 788828     /usr/lib/i386-linux-gnu/gio/modules/libdconfsettings.so
79fef000-79ff0000 rw-p 00007000 08:05 788828     /usr/lib/i386-linux-gnu/gio/modules/libdconfsettings.so
79ff0000-7a014000 r--p 00000000 08:05 1181481    /usr/share/glib-2.0/schemas/gschemas.compiled
7a014000-7a04e000 r-xp 00000000 08:05 2233895    /lib/i386-linux-gnu/libpcre.so.3.12.1
7a04e000-7a04f000 r--p 00039000 08:05 2233895    /lib/i386-linux-gnu/libpcre.so.3.12.1
7a04f000-7a050000 rw-p 0003a000 08:05 2233895    /lib/i386-linux-gnu/libpcre.so.3.12.1
7a050000-7a055000 r-xp 00000000 08:05 395784     /usr/lib/i386-linux-gnu/libffi.so.6.0.0
7a055000-7a056000 r--p 00004000 08:05 395784     /usr/lib/i386-linux-gnu/libffi.so.6.0.0
7a056000-7a057000 rw-p 00005000 08:05 395784     /usr/lib/i386-linux-gnu/libffi.so.6.0.0
7a057000-7a07d000 r-xp 00000000 08:05 2239363    /lib/i386-linux-gnu/libexpat.so.1.5.2
7a07d000-7a07e000 ---p 00026000 08:05 2239363    /lib/i386-linux-gnu/libexpat.so.1.5.2
7a07e000-7a080000 r--p 00026000 08:05 2239363    /lib/i386-linux-gnu/libexpat.so.1.5.2
7a080000-7a081000 rw-p 00028000 08:05 2239363    /lib/i386-linux-gnu/libexpat.so.1.5.2
7a081000-7a094000 r-xp 00000000 08:05 2230107    /lib/i386-linux-gnu/libresolv-2.15.so
7a094000-7a095000 ---p 00013000 08:05 2230107    /lib/i386-linux-gnu/libresolv-2.15.so
7a095000-7a096000 r--p 00013000 08:05 2230107    /lib/i386-linux-gnu/libresolv-2.15.so
7a096000-7a097000 rw-p 00014000 08:05 2230107    /lib/i386-linux-gnu/libresolv-2.15.so
7a097000-7a099000 rw-p 00000000 00:00 0 
7a099000-7a0b6000 r-xp 00000000 08:05 2233910    /lib/i386-linux-gnu/libselinux.so.1
7a0b6000-7a0b7000 r--p 0001c000 08:05 2233910    /lib/i386-linux-gnu/libselinux.so.1
7a0b7000-7a0b8000 rw-p 0001d000 08:05 2233910    /lib/i386-linux-gnu/libselinux.so.1
7a0b8000-7a0c0000 r-xp 00000000 08:05 403857     /usr/lib/i386-linux-gnu/libxcb-render.so.0.0.0
7a0c0000-7a0c1000 r--p 00008000 08:05 403857     /usr/lib/i386-linux-gnu/libxcb-render.so.0.0.0
7a0c1000-7a0c2000 rw-p 00009000 08:05 403857     /usr/lib/i386-linux-gnu/libxcb-render.so.0.0.0
7a0c2000-7a0ea000 r-xp 00000000 08:05 2233899    /lib/i386-linux-gnu/libpng12.so.0.46.0
7a0ea000-7a0eb000 r--p 00027000 08:05 2233899    /lib/i386-linux-gnu/libpng12.so.0.46.0
7a0eb000-7a0ec000 rw-p 00028000 08:05 2233899    /lib/i386-linux-gnu/libpng12.so.0.46.0
7a0ec000-7a17f000 r-xp 00000000 08:05 396041     /usr/lib/i386-linux-gnu/libpixman-1.so.0.24.4
7a17f000-7a183000 r--p 00092000 08:05 396041     /usr/lib/i386-linux-gnu/libpixman-1.so.0.24.4
7a183000-7a184000 rw-p 00096000 08:05 396041     /usr/lib/i386-linux-gnu/libpixman-1.so.0.24.4
7a184000-7a27b000 r-xp 00000000 08:05 2238598    /lib/i386-linux-gnu/libglib-2.0.so.0.3200.3
7a27b000-7a27c000 r--p 000f6000 08:05 2238598    /lib/i386-linux-gnu/libglib-2.0.so.0.3200.3
7a27c000-7a27d000 rw-p 000f7000 08:05 2238598    /lib/i386-linux-gnu/libglib-2.0.so.0.3200.3
7a27d000-7a2ca000 r-xp 00000000 08:05 395048     /usr/lib/i386-linux-gnu/libgobject-2.0.so.0.3200.3
7a2ca000-7a2cb000 r--p 0004c000 08:05 395048     /usr/lib/i386-linux-gnu/libgobject-2.0.so.0.3200.3
7a2cb000-7a2cc000 rw-p 0004d000 08:05 395048     /usr/lib/i386-linux-gnu/libgobject-2.0.so.0.3200.3
7a2cc000-7a2fe000 r-xp 00000000 08:05 395025     /usr/lib/i386-linux-gnu/libfontconfig.so.1.4.4
7a2fe000-7a2ff000 r--p 00032000 08:05 395025     /usr/lib/i386-linux-gnu/libfontconfig.so.1.4.4
7a2ff000-7a300000 rw-p 00033000 08:05 395025     /usr/lib/i386-linux-gnu/libfontconfig.so.1.4.4
7a300000-7a347000 r-xp 00000000 08:05 394891     /usr/lib/i386-linux-gnu/libpango-1.0.so.0.3000.0
7a347000-7a348000 ---p 00047000 08:05 394891     /usr/lib/i386-linux-gnu/libpango-1.0.so.0.3000.0
7a348000-7a349000 r--p 00047000 08:05 394891     /usr/lib/i386-linux-gnu/libpango-1.0.so.0.3000.0
7a349000-7a34a000 rw-p 00048000 08:05 394891     /usr/lib/i386-linux-gnu/libpango-1.0.so.0.3000.0
7a34a000-7a374000 r-xp 00000000 08:05 395645     /usr/lib/i386-linux-gnu/libpangoft2-1.0.so.0.3000.0
7a374000-7a375000 r--p 00029000 08:05 395645     /usr/lib/i386-linux-gnu/libpangoft2-1.0.so.0.3000.0
7a375000-7a376000 rw-p 0002a000 08:05 395645     /usr/lib/i386-linux-gnu/libpangoft2-1.0.so.0.3000.0
7a376000-7a4c9000 r-xp 00000000 08:05 395031     /usr/lib/i386-linux-gnu/libgio-2.0.so.0.3200.3
7a4c9000-7a4cb000 r--p 00153000 08:05 395031     /usr/lib/i386-linux-gnu/libgio-2.0.so.0.3200.3
7a4cb000-7a4cc000 rw-p 00155000 08:05 395031     /usr/lib/i386-linux-gnu/libgio-2.0.so.0.3200.3
7a4cc000-7a4cd000 rw-p 00000000 00:00 0 
7a4cd000-7a594000 r-xp 00000000 08:05 394874     /usr/lib/i386-linux-gnu/libcairo.so.2.11000.2
7a594000-7a595000 r--p 000c7000 08:05 394874     /usr/lib/i386-linux-gnu/libcairo.so.2.11000.2
7a595000-7a596000 rw-p 000c8000 08:05 394874     /usr/lib/i386-linux-gnu/libcairo.so.2.11000.2
7a596000-7a598000 rw-p 00000000 00:00 0 
7a598000-7a643000 r-xp 00000000 08:05 395809     /usr/lib/i386-linux-gnu/libgdk-x11-2.0.so.0.2400.10
7a643000-7a644000 ---p 000ab000 08:05 395809     /usr/lib/i386-linux-gnu/libgdk-x11-2.0.so.0.2400.10
7a644000-7a646000 r--p 000ab000 08:05 395809     /usr/lib/i386-linux-gnu/libgdk-x11-2.0.so.0.2400.10
7a646000-7a647000 rw-p 000ad000 08:05 395809     /usr/lib/i386-linux-gnu/libgdk-x11-2.0.so.0.2400.10
7a647000-7aaa7000 r-xp 00000000 08:05 395904     /usr/lib/i386-linux-gnu/libgtk-x11-2.0.so.0.2400.10
7aaa7000-7aaab000 r--p 00460000 08:05 395904     /usr/lib/i386-linux-gnu/libgtk-x11-2.0.so.0.2400.10
7aaab000-7aaad000 rw-p 00464000 08:05 395904     /usr/lib/i386-linux-gnu/libgtk-x11-2.0.so.0.2400.10
7aaad000-7aaaf000 rw-p 00000000 00:00 0 
7aaaf000-7ab00000 rwxp 00000000 00:00 0 
7ab00000-7abf4000 rw-p 00000000 00:00 0 
7abf4000-7ac00000 ---p 00000000 00:00 0 
7ac02000-7ac05000 r-xp 00000000 08:05 395047     /usr/lib/i386-linux-gnu/libgmodule-2.0.so.0.3200.3
7ac05000-7ac06000 r--p 00002000 08:05 395047     /usr/lib/i386-linux-gnu/libgmodule-2.0.so.0.3200.3
7ac06000-7ac07000 rw-p 00003000 08:05 395047     /usr/lib/i386-linux-gnu/libgmodule-2.0.so.0.3200.3
7ac07000-7ac09000 r-xp 00000000 08:05 403891     /usr/lib/i386-linux-gnu/libxcb-shm.so.0.0.0
7ac09000-7ac0a000 r--p 00001000 08:05 403891     /usr/lib/i386-linux-gnu/libxcb-shm.so.0.0.0
7ac0a000-7ac0b000 rw-p 00002000 08:05 403891     /usr/lib/i386-linux-gnu/libxcb-shm.so.0.0.0
7ac0b000-7ac0d000 r-xp 00000000 08:05 395608     /usr/lib/i386-linux-gnu/libXdamage.so.1.1.0
7ac0d000-7ac0e000 r--p 00001000 08:05 395608     /usr/lib/i386-linux-gnu/libXdamage.so.1.1.0
7ac0e000-7ac0f000 rw-p 00002000 08:05 395608     /usr/lib/i386-linux-gnu/libXdamage.so.1.1.0
7ac0f000-7ac11000 r-xp 00000000 08:05 395604     /usr/lib/i386-linux-gnu/libXcomposite.so.1.0.0
7ac11000-7ac12000 r--p 00001000 08:05 395604     /usr/lib/i386-linux-gnu/libXcomposite.so.1.0.0
7ac12000-7ac13000 rw-p 00002000 08:05 395604     /usr/lib/i386-linux-gnu/libXcomposite.so.1.0.0
7ac13000-7ac1a000 r-xp 00000000 08:05 395630     /usr/lib/i386-linux-gnu/libXrandr.so.2.2.0
7ac1a000-7ac1b000 r--p 00006000 08:05 395630     /usr/lib/i386-linux-gnu/libXrandr.so.2.2.0
7ac1b000-7ac1c000 rw-p 00007000 08:05 395630     /usr/lib/i386-linux-gnu/libXrandr.so.2.2.0
7ac1c000-7ac1e000 r-xp 00000000 08:05 395620     /usr/lib/i386-linux-gnu/libXinerama.so.1.0.0
7ac1e000-7ac1f000 r--p 00001000 08:05 395620     /usr/lib/i386-linux-gnu/libXinerama.so.1.0.0
7ac1f000-7ac20000 rw-p 00002000 08:05 395620     /usr/lib/i386-linux-gnu/libXinerama.so.1.0.0
7ac20000-7ac3f000 r-xp 00000000 08:05 395811     /usr/lib/i386-linux-gnu/libgdk_pixbuf-2.0.so.0.2600.1
7ac3f000-7ac40000 r--p 0001e000 08:05 395811     /usr/lib/i386-linux-gnu/libgdk_pixbuf-2.0.so.0.2600.1
7ac40000-7ac41000 rw-p 0001f000 08:05 395811     /usr/lib/i386-linux-gnu/libgdk_pixbuf-2.0.so.0.2600.1
7ac41000-7ac47000 r--s 00000000 08:05 1463331    /var/cache/fontconfig/945677eb7aeaf62f1d50efc3fb3ec7d8-le32d4.cache-3
7ac47000-7ac49000 r--s 00000000 08:05 1465820    /var/cache/fontconfig/99e8ed0e538f840c565b6ed5dad60d56-le32d4.cache-3
7ac49000-7ac4d000 r--s 00000000 08:05 1465816    /var/cache/fontconfig/a755afe4a08bf5b97852ceb7400b47bc-le32d4.cache-3
7ac4d000-7ac54000 r--s 00000000 08:05 1465815    /var/cache/fontconfig/6d41288fd70b0be22e8c3a91e032eec0-le32d4.cache-3
7ac54000-7ac5f000 r--s 00000000 08:05 1465814    /var/cache/fontconfig/04aabc0a78ac019cf9454389977116d2-le32d4.cache-3
7ac60000-7ac7d000 r-xp 00000000 08:05 395658     /usr/lib/i386-linux-gnu/libatk-1.0.so.0.20409.1
7ac7d000-7ac7f000 r--p 0001c000 08:05 395658     /usr/lib/i386-linux-gnu/libatk-1.0.so.0.20409.1
7ac7f000-7ac80000 rw-p 0001e000 08:05 395658     /usr/lib/i386-linux-gnu/libatk-1.0.so.0.20409.1
7ac80000-7ac8b000 r-xp 00000000 08:05 395559     /usr/lib/i386-linux-gnu/libpangocairo-1.0.so.0.3000.0
7ac8b000-7ac8c000 r--p 0000a000 08:05 395559     /usr/lib/i386-linux-gnu/libpangocairo-1.0.so.0.3000.0
7ac8c000-7ac8d000 rw-p 0000b000 08:05 395559     /usr/lib/i386-linux-gnu/libpangocairo-1.0.so.0.3000.0
7ac8d000-7ac91000 r-xp 00000000 08:05 395614     /usr/lib/i386-linux-gnu/libXfixes.so.3.1.0
7ac91000-7ac92000 r--p 00004000 08:05 395614     /usr/lib/i386-linux-gnu/libXfixes.so.3.1.0
7ac92000-7ac93000 rw-p 00005000 08:05 395614     /usr/lib/i386-linux-gnu/libXfixes.so.3.1.0
7ac93000-7ac99000 r--s 00000000 08:05 1463331    /var/cache/fontconfig/945677eb7aeaf62f1d50efc3fb3ec7d8-le32d4.cache-3
7ac99000-7ac9d000 r--s 00000000 08:05 1465816    /var/cache/fontconfig/a755afe4a08bf5b97852ceb7400b47bc-le32d4.cache-3
7ac9d000-7aca4000 r--s 00000000 08:05 1465815    /var/cache/fontconfig/6d41288fd70b0be22e8c3a91e032eec0-le32d4.cache-3
7aca4000-7acaf000 r--s 00000000 08:05 1465814    /var/cache/fontconfig/04aabc0a78ac019cf9454389977116d2-le32d4.cache-3
7acaf000-7acbc000 r--s 00000000 08:05 1465799    /var/cache/fontconfig/d52a8644073d54c13679302ca1180695-le32d4.cache-3
7acbc000-7acc5000 r-xp 00000000 08:05 395606     /usr/lib/i386-linux-gnu/libXcursor.so.1.0.2
7acc5000-7acc6000 r--p 00008000 08:05 395606     /usr/lib/i386-linux-gnu/libXcursor.so.1.0.2
7acc6000-7acc7000 rw-p 00009000 08:05 395606     /usr/lib/i386-linux-gnu/libXcursor.so.1.0.2
7acc7000-7accc000 r--p 00000000 08:05 1998347    /home/cj/.config/dconf/user
7accc000-7accd000 r--s 00000000 08:05 1998373    /home/cj/.cache/dconf/user
7accd000-7acdd000 r-xp 00000000 08:05 132856     /usr/lib/liboverlay-scrollbar-0.2.so.0.0.16
7acdd000-7acde000 r--p 0000f000 08:05 132856     /usr/lib/liboverlay-scrollbar-0.2.so.0.0.16
7acde000-7acdf000 rw-p 00010000 08:05 132856     /usr/lib/liboverlay-scrollbar-0.2.so.0.0.16
7acdf000-7ace6000 r--s 000fb000 08:05 1317123    /usr/lib/jvm/java-6-openjdk-common/jre/lib/resources.jar
7ace6000-7ad37000 rwxp 00000000 00:00 0 
7ad37000-7adcc000 r-xp 00000000 08:05 395792     /usr/lib/i386-linux-gnu/libfreetype.so.6.8.0
7adcc000-7add0000 r--p 00094000 08:05 395792     /usr/lib/i386-linux-gnu/libfreetype.so.6.8.0
7add0000-7add1000 rw-p 00098000 08:05 395792     /usr/lib/i386-linux-gnu/libfreetype.so.6.8.0
7add1000-7ae0b000 r-xp 00000000 08:05 1317261    /usr/lib/jvm/java-6-openjdk-i386/jre/lib/i386/libfontmanager.so
7ae0b000-7ae0c000 r--p 00039000 08:05 1317261    /usr/lib/jvm/java-6-openjdk-i386/jre/lib/i386/libfontmanager.so
7ae0c000-7ae0d000 rw-p 0003a000 08:05 1317261    /usr/lib/jvm/java-6-openjdk-i386/jre/lib/i386/libfontmanager.so
7ae0d000-7af3d000 r-xp 00000000 08:05 395597     /usr/lib/i386-linux-gnu/libX11.so.6.3.0
7af3d000-7af3e000 r--p 0012f000 08:05 395597     /usr/lib/i386-linux-gnu/libX11.so.6.3.0
7af3e000-7af40000 rw-p 00130000 08:05 395597     /usr/lib/i386-linux-gnu/libX11.so.6.3.0
7af40000-7af41000 rw-p 00000000 00:00 0 
7af41000-7afd4000 r-xp 00000000 08:05 1317134    /usr/lib/jvm/java-6-openjdk-i386/jre/lib/i386/libawt.so
7afd4000-7afd5000 r--p 00092000 08:05 1317134    /usr/lib/jvm/java-6-openjdk-i386/jre/lib/i386/libawt.so
7afd5000-7afdc000 rw-p 00093000 08:05 1317134    /usr/lib/jvm/java-6-openjdk-i386/jre/lib/i386/libawt.so
7afdc000-7b000000 rw-p 00000000 00:00 0 
7b000000-7b0e9000 rw-p 00000000 00:00 0 
7b0e9000-7b100000 ---p 00000000 00:00 0 
7b100000-7b101000 r--s 00000000 08:05 1465822    /var/cache/fontconfig/c05880de57d1f5e948fdfacc138775d9-le32d4.cache-3
7b101000-7b102000 r--s 00000000 08:05 1465822    /var/cache/fontconfig/c05880de57d1f5e948fdfacc138775d9-le32d4.cache-3
7b102000-7b105000 r--s 00000000 08:05 1465819    /var/cache/fontconfig/2cd17615ca594fa2959ae173292e504c-le32d4.cache-3
7b105000-7b106000 r--s 00000000 08:05 1465818    /var/cache/fontconfig/e7071f4a29fa870f4323321c154eba04-le32d4.cache-3
7b106000-7b107000 r--s 00000000 08:05 1465817    /var/cache/fontconfig/0d8c3b2ac0904cb8a57a757ad11a4a08-le32d4.cache-3
7b107000-7b10a000 r--s 00000000 08:05 1465813    /var/cache/fontconfig/385c0604a188198f04d133e54aba7fe7-le32d4.cache-3
7b10a000-7b10b000 r--s 00000000 08:05 1465812    /var/cache/fontconfig/4794a0821666d79190d59a36cb4f44b5-le32d4.cache-3
7b10b000-7b10e000 r--s 00000000 08:05 1465811    /var/cache/fontconfig/8801497958630a81b71ace7c5f9b32a8-le32d4.cache-3
7b10e000-7b112000 r--s 00000000 08:05 1465810    /var/cache/fontconfig/3047814df9a2f067bd2d96a2b9c36e5a-le32d4.cache-3
7b112000-7b113000 r--s 00000000 08:05 1465809    /var/cache/fontconfig/56cf4f4769d0f4abc89a4895d7bd3ae1-le32d4.cache-3
7b113000-7b114000 r--s 00000000 08:05 1465801    /var/cache/fontconfig/b9d506c9ac06c20b433354fa67a72993-le32d4.cache-3
7b114000-7b118000 r--s 00000000 08:05 1465800    /var/cache/fontconfig/b47c4e1ecd0709278f4910c18777a504-le32d4.cache-3
7b118000-7b125000 r--s 00000000 08:05 1465799    /var/cache/fontconfig/d52a8644073d54c13679302ca1180695-le32d4.cache-3
7b125000-7b12d000 r--s 00000000 08:05 1475047    /var/cache/fontconfig/e13b20fdb08344e0e664864cc2ede53d-le32d4.cache-3
7b12d000-7b133000 r--s 00000000 08:05 1461815    /var/cache/fontconfig/41d598709ec5cc4c9ba1df9a59d93441-le32d4.cache-3
7b133000-7b136000 r--s 00000000 08:05 1463308    /var/cache/fontconfig/7ef2298fde41cc6eeb7af42e48b7d293-le32d4.cache-3
7b136000-7b155000 r-xp 00000000 08:05 395481     /usr/lib/i386-linux-gnu/libxcb.so.1.1.0
7b155000-7b156000 r--p 0001f000 08:05 395481     /usr/lib/i386-linux-gnu/libxcb.so.1.1.0
7b156000-7b157000 rw-p 00020000 08:05 395481     /usr/lib/i386-linux-gnu/libxcb.so.1.1.0
7b157000-7b1a3000 r-xp 00000000 08:05 1315753    /usr/lib/jvm/java-6-openjdk-i386/jre/lib/i386/xawt/libmawt.so
7b1a3000-7b1a4000 r--p 0004b000 08:05 1315753    /usr/lib/jvm/java-6-openjdk-i386/jre/lib/i386/xawt/libmawt.so
7b1a4000-7b1a6000 rw-p 0004c000 08:05 1315753    /usr/lib/jvm/java-6-openjdk-i386/jre/lib/i386/xawt/libmawt.so
7b1a6000-7b1a7000 rw-p 00000000 00:00 0 
7b1a7000-7b1a8000 ---p 00000000 00:00 0 
7b1a8000-7b279000 rwxp 00000000 00:00 0 
7b279000-7b27a000 ---p 00000000 00:00 0 
7b27a000-7b2fa000 rwxp 00000000 00:00 0 
7b2fa000-7b2fb000 ---p 00000000 00:00 0 
7b2fb000-7b3cc000 rwxp 00000000 00:00 0 
7b3cc000-7b5cc000 r--p 00000000 08:05 396324     /usr/lib/locale/locale-archive
7b5cc000-7b66e000 rwxp 00000000 00:00 0 
7b66e000-7b800000 r--s 037c2000 08:05 1315490    /usr/lib/jvm/java-6-openjdk-i386/jre/lib/rt.jar
7b800000-7b8ee000 rw-p 00000000 00:00 0 
7b8ee000-7b900000 ---p 00000000 00:00 0 
7b900000-7b902000 r--s 00000000 08:05 1465820    /var/cache/fontconfig/99e8ed0e538f840c565b6ed5dad60d56-le32d4.cache-3
7b902000-7b905000 r--s 00000000 08:05 1465819    /var/cache/fontconfig/2cd17615ca594fa2959ae173292e504c-le32d4.cache-3
7b905000-7b908000 r--s 00000000 08:05 1465813    /var/cache/fontconfig/385c0604a188198f04d133e54aba7fe7-le32d4.cache-3
7b908000-7b90d000 r-xp 00000000 08:05 395610     /usr/lib/i386-linux-gnu/libXdmcp.so.6.0.0
7b90d000-7b90e000 r--p 00004000 08:05 395610     /usr/lib/i386-linux-gnu/libXdmcp.so.6.0.0
7b90e000-7b90f000 rw-p 00005000 08:05 395610     /usr/lib/i386-linux-gnu/libXdmcp.so.6.0.0
7b90f000-7b911000 r-xp 00000000 08:05 395599     /usr/lib/i386-linux-gnu/libXau.so.6.0.0
7b911000-7b912000 r--p 00001000 08:05 395599     /usr/lib/i386-linux-gnu/libXau.so.6.0.0
7b912000-7b913000 rw-p 00002000 08:05 395599     /usr/lib/i386-linux-gnu/libXau.so.6.0.0
7b913000-7b921000 r-xp 00000000 08:05 395618     /usr/lib/i386-linux-gnu/libXi.so.6.1.0
7b921000-7b922000 r--p 0000d000 08:05 395618     /usr/lib/i386-linux-gnu/libXi.so.6.1.0
7b922000-7b923000 rw-p 0000e000 08:05 395618     /usr/lib/i386-linux-gnu/libXi.so.6.1.0
7b923000-7b928000 r-xp 00000000 08:05 395636     /usr/lib/i386-linux-gnu/libXtst.so.6.1.0
7b928000-7b929000 r--p 00004000 08:05 395636     /usr/lib/i386-linux-gnu/libXtst.so.6.1.0
7b929000-7b92a000 rw-p 00005000 08:05 395636     /usr/lib/i386-linux-gnu/libXtst.so.6.1.0
7b92a000-7b932000 r-xp 00000000 08:05 395632     /usr/lib/i386-linux-gnu/libXrender.so.1.3.0
7b932000-7b933000 r--p 00007000 08:05 395632     /usr/lib/i386-linux-gnu/libXrender.so.1.3.0
7b933000-7b934000 rw-p 00008000 08:05 395632     /usr/lib/i386-linux-gnu/libXrender.so.1.3.0
7b934000-7b938000 r--s 00000000 08:05 1465810    /var/cache/fontconfig/3047814df9a2f067bd2d96a2b9c36e5a-le32d4.cache-3
7b938000-7b939000 r--s 00000000 08:05 1465809    /var/cache/fontconfig/56cf4f4769d0f4abc89a4895d7bd3ae1-le32d4.cache-3
7b939000-7b93a000 r--s 00000000 08:05 1465801    /var/cache/fontconfig/b9d506c9ac06c20b433354fa67a72993-le32d4.cache-3
7b93a000-7b93e000 r--s 00000000 08:05 1465800    /var/cache/fontconfig/b47c4e1ecd0709278f4910c18777a504-le32d4.cache-3
7b93e000-7b946000 r--s 00000000 08:05 1475047    /var/cache/fontconfig/e13b20fdb08344e0e664864cc2ede53d-le32d4.cache-3
7b946000-7b94c000 r--s 00000000 08:05 1461815    /var/cache/fontconfig/41d598709ec5cc4c9ba1df9a59d93441-le32d4.cache-3
7b94c000-7b94d000 ---p 00000000 00:00 0 
7b94d000-7b9cd000 rwxp 00000000 00:00 0 
7b9cd000-7ba00000 rw-p 00000000 00:00 0 
7ba00000-7bafb000 rw-p 00000000 00:00 0 
7bafb000-7bb00000 ---p 00000000 00:00 0 
7bb00000-7bb03000 r--s 00000000 08:05 1465811    /var/cache/fontconfig/8801497958630a81b71ace7c5f9b32a8-le32d4.cache-3
7bb03000-7bb13000 r-xp 00000000 08:05 395612     /usr/lib/i386-linux-gnu/libXext.so.6.4.0
7bb13000-7bb14000 r--p 0000f000 08:05 395612     /usr/lib/i386-linux-gnu/libXext.so.6.4.0
7bb14000-7bb15000 rw-p 00010000 08:05 395612     /usr/lib/i386-linux-gnu/libXext.so.6.4.0
7bb15000-7bb16000 ---p 00000000 00:00 0 
7bb16000-7bb96000 rwxp 00000000 00:00 0 
7bb96000-7bb97000 ---p 00000000 00:00 0 
7bb97000-7bc17000 rwxp 00000000 00:00 0 
7bc17000-7bc22000 rw-p 00000000 00:00 0 
7bc22000-7bc57000 rw-p 00000000 00:00 0 
7bc57000-7bc67000 rw-p 00000000 00:00 0 
7bc67000-7bd54000 rw-p 00000000 00:00 0 
7bd54000-7bd5f000 rw-p 00000000 00:00 0 
7bd5f000-7bd94000 rw-p 00000000 00:00 0 
7bd94000-7bda4000 rw-p 00000000 00:00 0 
7bda4000-7be90000 rw-p 00000000 00:00 0 
7be90000-7be99000 rw-p 00000000 00:00 0 
7be99000-7bf0f000 rw-p 00000000 00:00 0 
7bf0f000-7d4d0000 rw-p 00000000 00:00 0 
7d4d0000-83f10000 rw-p 00000000 00:00 0 
83f10000-85ea0000 rw-p 00000000 00:00 0 
85ea0000-a3870000 rw-p 00000000 00:00 0 
a3870000-a4830000 rw-p 00000000 00:00 0 
a4830000-b3510000 rw-p 00000000 00:00 0 
b3510000-b3511000 r--s 00000000 08:05 1465818    /var/cache/fontconfig/e7071f4a29fa870f4323321c154eba04-le32d4.cache-3
b3511000-b3515000 r--s 0001c000 08:05 161351     /usr/download/OpenNI/Platform/Linux/Bin/x86-Release/org.OpenNI.jar
b3515000-b3519000 r--s 00038000 08:05 1315760    /usr/lib/jvm/java-6-openjdk-common/jre/lib/ext/sunpkcs11.jar
b3519000-b3522000 rw-p 00000000 00:00 0 
b3522000-b35d9000 rw-p 00000000 00:00 0 
b35d9000-b3819000 rwxp 00000000 00:00 0 
b3819000-b65d9000 rw-p 00000000 00:00 0 
b65d9000-b65e4000 r-xp 00000000 08:05 2230103    /lib/i386-linux-gnu/libnss_files-2.15.so
b65e4000-b65e5000 r--p 0000a000 08:05 2230103    /lib/i386-linux-gnu/libnss_files-2.15.so
b65e5000-b65e6000 rw-p 0000b000 08:05 2230103    /lib/i386-linux-gnu/libnss_files-2.15.so
b65e6000-b65fc000 r-xp 00000000 08:05 2230192    /lib/i386-linux-gnu/libnsl-2.15.so
b65fc000-b65fd000 r--p 00015000 08:05 2230192    /lib/i386-linux-gnu/libnsl-2.15.so
b65fd000-b65fe000 rw-p 00016000 08:05 2230192    /lib/i386-linux-gnu/libnsl-2.15.so
b65fe000-b6600000 rw-p 00000000 00:00 0 
b6600000-b66f1000 rw-p 00000000 00:00 0 
b66f1000-b6700000 ---p 00000000 00:00 0 
b6700000-b6703000 r--s 00000000 08:05 1463308    /var/cache/fontconfig/7ef2298fde41cc6eeb7af42e48b7d293-le32d4.cache-3
b6703000-b670d000 r-xp 00000000 08:05 2230115    /lib/i386-linux-gnu/libnss_nis-2.15.so
b670d000-b670e000 r--p 00009000 08:05 2230115    /lib/i386-linux-gnu/libnss_nis-2.15.so
b670e000-b670f000 rw-p 0000a000 08:05 2230115    /lib/i386-linux-gnu/libnss_nis-2.15.so
b670f000-b6716000 r-xp 00000000 08:05 2230098    /lib/i386-linux-gnu/libnss_compat-2.15.so
b6716000-b6717000 r--p 00006000 08:05 2230098    /lib/i386-linux-gnu/libnss_compat-2.15.so
b6717000-b6718000 rw-p 00007000 08:05 2230098    /lib/i386-linux-gnu/libnss_compat-2.15.so
b6718000-b6719000 r--s 00000000 08:05 1465817    /var/cache/fontconfig/0d8c3b2ac0904cb8a57a757ad11a4a08-le32d4.cache-3
b6719000-b671a000 r--s 00000000 08:05 1465812    /var/cache/fontconfig/4794a0821666d79190d59a36cb4f44b5-le32d4.cache-3
b671a000-b671b000 r--s 0001c000 08:05 942735     /usr/share/java/swing-layout-1.0.4.jar
b671b000-b671e000 r--s 00031000 08:05 1315755    /usr/lib/jvm/java-6-openjdk-common/jre/lib/ext/sunjce_provider.jar
b671e000-b6721000 r--s 00077000 08:05 1317122    /usr/lib/jvm/java-6-openjdk-common/jre/lib/ext/localedata.jar
b6721000-b6723000 r--s 00001000 08:05 1315762    /usr/lib/jvm/java-6-openjdk-common/jre/lib/ext/dnsns.jar
b6723000-b6725000 r--s 0000f000 08:05 1315757    /usr/lib/jvm/java-6-openjdk-common/jre/lib/ext/pulse-java.jar
b6725000-b6726000 r--s 00007000 08:05 935309     /usr/share/java/java-atk-wrapper.jar
b6726000-b6727000 r--p 005e0000 08:05 396324     /usr/lib/locale/locale-archive
b6727000-b672e000 r-xp 00000000 08:05 1317130    /usr/lib/jvm/java-6-openjdk-i386/jre/lib/i386/libzip.so
b672e000-b672f000 r--p 00006000 08:05 1317130    /usr/lib/jvm/java-6-openjdk-i386/jre/lib/i386/libzip.so
b672f000-b6730000 rw-p 00007000 08:05 1317130    /usr/lib/jvm/java-6-openjdk-i386/jre/lib/i386/libzip.so
b6730000-b6756000 r-xp 00000000 08:05 1317129    /usr/lib/jvm/java-6-openjdk-i386/jre/lib/i386/libjava.so
b6756000-b6757000 r--p 00025000 08:05 1317129    /usr/lib/jvm/java-6-openjdk-i386/jre/lib/i386/libjava.so
b6757000-b6759000 rw-p 00026000 08:05 1317129    /usr/lib/jvm/java-6-openjdk-i386/jre/lib/i386/libjava.so
b6759000-b6760000 r-xp 00000000 08:05 2230109    /lib/i386-linux-gnu/librt-2.15.so
b6760000-b6761000 r--p 00006000 08:05 2230109    /lib/i386-linux-gnu/librt-2.15.so
b6761000-b6762000 rw-p 00007000 08:05 2230109    /lib/i386-linux-gnu/librt-2.15.so
b6762000-b6763000 ---p 00000000 00:00 0 
b6763000-b67b3000 rwxp 00000000 00:00 0 
b67b3000-b67cf000 r-xp 00000000 08:05 2233843    /lib/i386-linux-gnu/libgcc_s.so.1
b67cf000-b67d0000 r--p 0001b000 08:05 2233843    /lib/i386-linux-gnu/libgcc_s.so.1
b67d0000-b67d1000 rw-p 0001c000 08:05 2233843    /lib/i386-linux-gnu/libgcc_s.so.1
b67d1000-b67fb000 r-xp 00000000 08:05 2230159    /lib/i386-linux-gnu/libm-2.15.so
b67fb000-b67fc000 r--p 00029000 08:05 2230159    /lib/i386-linux-gnu/libm-2.15.so
b67fc000-b67fd000 rw-p 0002a000 08:05 2230159    /lib/i386-linux-gnu/libm-2.15.so
b67fd000-b68d5000 r-xp 00000000 08:05 396126     /usr/lib/i386-linux-gnu/libstdc++.so.6.0.16
b68d5000-b68d6000 ---p 000d8000 08:05 396126     /usr/lib/i386-linux-gnu/libstdc++.so.6.0.16
b68d6000-b68da000 r--p 000d8000 08:05 396126     /usr/lib/i386-linux-gnu/libstdc++.so.6.0.16
b68da000-b68db000 rw-p 000dc000 08:05 396126     /usr/lib/i386-linux-gnu/libstdc++.so.6.0.16
b68db000-b68e2000 rw-p 00000000 00:00 0 
b68e2000-b7101000 r-xp 00000000 08:05 1317232    /usr/lib/jvm/java-6-openjdk-i386/jre/lib/i386/server/libjvm.so
b7101000-b7102000 ---p 0081f000 08:05 1317232    /usr/lib/jvm/java-6-openjdk-i386/jre/lib/i386/server/libjvm.so
b7102000-b7147000 r--p 0081f000 08:05 1317232    /usr/lib/jvm/java-6-openjdk-i386/jre/lib/i386/server/libjvm.so
b7147000-b7156000 rw-p 00864000 08:05 1317232    /usr/lib/jvm/java-6-openjdk-i386/jre/lib/i386/server/libjvm.so
b7156000-b7572000 rw-p 00000000 00:00 0 
b7572000-b7586000 r-xp 00000000 08:05 2233933    /lib/i386-linux-gnu/libz.so.1.2.3.4
b7586000-b7587000 r--p 00013000 08:05 2233933    /lib/i386-linux-gnu/libz.so.1.2.3.4
b7587000-b7588000 rw-p 00014000 08:05 2233933    /lib/i386-linux-gnu/libz.so.1.2.3.4
b7588000-b772b000 r-xp 00000000 08:05 2230056    /lib/i386-linux-gnu/libc-2.15.so
b772b000-b772c000 ---p 001a3000 08:05 2230056    /lib/i386-linux-gnu/libc-2.15.so
b772c000-b772e000 r--p 001a3000 08:05 2230056    /lib/i386-linux-gnu/libc-2.15.so
b772e000-b772f000 rw-p 001a5000 08:05 2230056    /lib/i386-linux-gnu/libc-2.15.so
b772f000-b7732000 rw-p 00000000 00:00 0 
b7732000-b7735000 r-xp 00000000 08:05 2230177    /lib/i386-linux-gnu/libdl-2.15.so
b7735000-b7736000 r--p 00002000 08:05 2230177    /lib/i386-linux-gnu/libdl-2.15.so
b7736000-b7737000 rw-p 00003000 08:05 2230177    /lib/i386-linux-gnu/libdl-2.15.so
b7737000-b773b000 r-xp 00000000 08:05 1317329    /usr/lib/jvm/java-6-openjdk-i386/jre/lib/i386/jli/libjli.so
b773b000-b773c000 r--p 00003000 08:05 1317329    /usr/lib/jvm/java-6-openjdk-i386/jre/lib/i386/jli/libjli.so
b773c000-b773d000 rw-p 00004000 08:05 1317329    /usr/lib/jvm/java-6-openjdk-i386/jre/lib/i386/jli/libjli.so
b773d000-b773e000 rw-p 00000000 00:00 0 
b773e000-b7755000 r-xp 00000000 08:05 2230155    /lib/i386-linux-gnu/libpthread-2.15.so
b7755000-b7756000 r--p 00016000 08:05 2230155    /lib/i386-linux-gnu/libpthread-2.15.so
b7756000-b7757000 rw-p 00017000 08:05 2230155    /lib/i386-linux-gnu/libpthread-2.15.so
b7757000-b7759000 rw-p 00000000 00:00 0 
b7759000-b7761000 rw-s 00000000 08:05 2257676    /tmp/hsperfdata_cj/4010
b7761000-b7762000 rw-p 00000000 00:00 0 
b7762000-b7763000 r--p 00000000 00:00 0 
b7763000-b776e000 r-xp 00000000 08:05 1317306    /usr/lib/jvm/java-6-openjdk-i386/jre/lib/i386/libverify.so
b776e000-b776f000 ---p 0000b000 08:05 1317306    /usr/lib/jvm/java-6-openjdk-i386/jre/lib/i386/libverify.so
b776f000-b7770000 r--p 0000b000 08:05 1317306    /usr/lib/jvm/java-6-openjdk-i386/jre/lib/i386/libverify.so
b7770000-b7771000 rw-p 0000c000 08:05 1317306    /usr/lib/jvm/java-6-openjdk-i386/jre/lib/i386/libverify.so
b7771000-b7773000 rw-p 00000000 00:00 0 
b7773000-b7774000 r-xp 00000000 00:00 0          [vdso]
b7774000-b7794000 r-xp 00000000 08:05 2230160    /lib/i386-linux-gnu/ld-2.15.so
b7794000-b7795000 r--p 0001f000 08:05 2230160    /lib/i386-linux-gnu/ld-2.15.so
b7795000-b7796000 rw-p 00020000 08:05 2230160    /lib/i386-linux-gnu/ld-2.15.so
bff38000-bff57000 rwxp 00000000 00:00 0          [stack]
bff57000-bff59000 rw-p 00000000 00:00 0 

VM Arguments:
jvm_args: -Dfile.encoding=UTF-8 
java_command: openGeppetto.controlGUI
Launcher Type: SUN_STANDARD

Environment Variables:
PATH=/usr/local/Tekkotsu/tools/bin:/usr/local/Tekkotsu/tools/sbin:/usr/local/Tekkotsu/tools/bin:/usr/local/Tekkotsu/tools/sbin:/usr/lib/lightdm/lightdm:/usr/local/sbin:/usr/local/bin:/usr/sbin:/usr/bin:/sbin:/bin:/usr/games
LD_LIBRARY_PATH=/usr/lib/jvm/java-6-openjdk-i386/jre/lib/i386/server:/usr/lib/jvm/java-6-openjdk-i386/jre/lib/i386:/usr/lib/jvm/java-6-openjdk-i386/jre/../lib/i386:/usr/lib/jvm/java-6-openjdk-i386/jre/lib/i386/client:/usr/lib/jvm/java-6-openjdk-i386/jre/lib/i386:/usr/lib/jvm/java-6-openjdk-i386/jre/../lib/i386::/usr/local/lib
SHELL=/bin/bash
DISPLAY=:0.0

Signal Handlers:
SIGSEGV: [libjvm.so+0x66b320], sa_mask[0]=0x7ffbfeff, sa_flags=0x10000004
SIGBUS: [libjvm.so+0x66b320], sa_mask[0]=0x7ffbfeff, sa_flags=0x10000004
SIGFPE: [libjvm.so+0x52e8c0], sa_mask[0]=0x7ffbfeff, sa_flags=0x10000004
SIGPIPE: SIG_IGN, sa_mask[0]=0x00001000, sa_flags=0x10000000
SIGXFSZ: [libjvm.so+0x52e8c0], sa_mask[0]=0x7ffbfeff, sa_flags=0x10000004
SIGILL: [libjvm.so+0x52e8c0], sa_mask[0]=0x7ffbfeff, sa_flags=0x10000004
SIGUSR1: SIG_DFL, sa_mask[0]=0x00000000, sa_flags=0x00000000
SIGUSR2: [libjvm.so+0x52e750], sa_mask[0]=0x00000004, sa_flags=0x10000004
SIGHUP: [libjvm.so+0x5317f0], sa_mask[0]=0x7ffbfeff, sa_flags=0x10000004
SIGINT: SIG_IGN, sa_mask[0]=0x00000000, sa_flags=0x00000000
SIGTERM: [libjvm.so+0x5317f0], sa_mask[0]=0x7ffbfeff, sa_flags=0x10000004
SIGQUIT: [libjvm.so+0x5317f0], sa_mask[0]=0x7ffbfeff, sa_flags=0x10000004


---------------  S Y S T E M  ---------------

OS:Ubuntu 12.04 (precise)
uname:Linux 3.2.0-32-generic-pae #51-Ubuntu SMP Wed Sep 26 21:54:23 UTC 2012 i686
libc:glibc 2.15 NPTL 2.15 
rlimit: STACK 8192k, CORE 0k, NPROC 24083, NOFILE 4096, AS infinity
load average:0.36 0.37 0.33

/proc/meminfo:
MemTotal:        3097280 kB
MemFree:         1125972 kB
Buffers:          134280 kB
Cached:           796248 kB
SwapCached:            0 kB
Active:          1168284 kB
Inactive:         695376 kB
Active(anon):     934192 kB
Inactive(anon):    16348 kB
Active(file):     234092 kB
Inactive(file):   679028 kB
Unevictable:          68 kB
Mlocked:              68 kB
HighTotal:       2231816 kB
HighFree:         468412 kB
LowTotal:         865464 kB
LowFree:          657560 kB
SwapTotal:        999900 kB
SwapFree:         999900 kB
Dirty:               176 kB
Writeback:             0 kB
AnonPages:        933488 kB
Mapped:           187748 kB
Shmem:             17264 kB
Slab:              45612 kB
SReclaimable:      28668 kB
SUnreclaim:        16944 kB
KernelStack:        4128 kB
PageTables:        13060 kB
NFS_Unstable:          0 kB
Bounce:                0 kB
WritebackTmp:          0 kB
CommitLimit:     2548540 kB
Committed_AS:    3787512 kB
VmallocTotal:     122880 kB
VmallocUsed:       14540 kB
VmallocChunk:     104940 kB
HardwareCorrupted:     0 kB
AnonHugePages:         0 kB
HugePages_Total:       0
HugePages_Free:        0
HugePages_Rsvd:        0
HugePages_Surp:        0
Hugepagesize:       2048 kB
DirectMap4k:        8184 kB
DirectMap2M:      905216 kB


CPU:total 2 (2 cores per cpu, 1 threads per core) family 6 model 23 stepping 6, cmov, cx8, fxsr, mmx, sse, sse2, sse3, ssse3, sse4.1

Memory: 4k page, physical 3097280k(1125972k free), swap 999900k(999900k free)

vm_info: OpenJDK Server VM (20.0-b12) for linux-x86 JRE (1.6.0_24-b24), built on Oct 24 2012 16:19:13 by "buildd" with gcc 4.6.3

time: Wed Nov  7 17:43:02 2012
elapsed time: 130 seconds

