#
# A fatal error has been detected by the Java Runtime Environment:
#
#  SIGSEGV (0xb) at pc=0x76cb5703, pid=16847, tid=2023803712
#
# JRE version: 6.0_24-b24
# Java VM: OpenJDK Server VM (20.0-b12 mixed mode linux-x86 )
# Derivative: IcedTea6 1.11.5
# Distribution: Ubuntu 12.04 LTS, package 6b24-1.11.5-0ubuntu1~12.04.1
# Problematic frame:
# C  [libXnVHandGenerator_1_5_2.so+0x9f703]  NAFarfield::Feedback(Box2D<int>&)+0x453
#
# If you would like to submit a bug report, please include
# instructions how to reproduce the bug and visit:
#   https://bugs.launchpad.net/ubuntu/+source/openjdk-6/
# The crash happened outside the Java Virtual Machine in native code.
# See problematic frame for where to report the bug.
#

---------------  T H R E A D  ---------------

Current thread (0x742c3c00):  JavaThread "Thread-9" [_thread_in_native, id=16890, stack(0x789bc000,0x78a0d000)]

siginfo:si_signo=SIGSEGV: si_errno=0, si_code=2 (SEGV_ACCERR), si_addr=0x758fc680

Registers:
EAX=0x758e25d0, EBX=0x76d0eff4, ECX=0x0000000e, EDX=0x0000682c
ESP=0x78a0ab10, EBP=0x76b4f00c, ESI=0x0000002b, EDI=0x75cffeb8
EIP=0x76cb5703, EFLAGS=0x00010246, CR2=0x758fc680

Top of Stack: (sp=0x78a0ab10)
0x78a0ab10:   76b4f00c 76b50030 0000009f 0000001e
0x78a0ab20:   0000003b 00000000 753b8d70 7539cae0
0x78a0ab30:   753de630 753c23a0 75b6cb10 75b6f090
0x78a0ab40:   75b6f090 0000004f 787e5ff4 787be04f
0x78a0ab50:   78a0ab78 00000000 78e35040 76b6ac94
0x78a0ab60:   75b6e2d0 76b6ac94 753900a0 00000032
0x78a0ab70:   00000014 00000031 753b7fb0 00000031
0x78a0ab80:   00000001 0000004f 75b6a590 00000000 

Instructions: (pc=0x76cb5703)
0x76cb56e3:   8b 8a d4 bc 01 00 89 d5 89 7c 24 7c 8b 7a 38 8b
0x76cb56f3:   92 5c be 01 00 db 44 24 7c 0f b7 14 02 8b 47 38
0x76cb5703:   d8 0c 90 8b 44 24 64 2b 44 24 6c 89 44 24 7c db
0x76cb5713:   44 24 7c de c9 db 4c 24 7c 8b 44 24 7c 01 84 8d 

Register to memory mapping:

EAX=0x758e25d0 is an unknown value
EBX=0x76d0eff4: <offset 0xf8ff4> in /usr/lib/libXnVHandGenerator_1_5_2.so at 0x76c16000
ECX=0x0000000e is an unknown value
EDX=0x0000682c is an unknown value
ESP=0x78a0ab10 is pointing into the stack for thread: 0x742c3c00
EBP=0x76b4f00c is an unknown value
ESI=0x0000002b is an unknown value
EDI=0x75cffeb8 is an unknown value


Stack: [0x789bc000,0x78a0d000],  sp=0x78a0ab10,  free space=314k
Native frames: (J=compiled Java code, j=interpreted, Vv=VM code, C=native code)
C  [libXnVHandGenerator_1_5_2.so+0x9f703]  NAFarfield::Feedback(Box2D<int>&)+0x453

Java frames: (J=compiled Java code, j=interpreted, Vv=VM code)
j  org.OpenNI.NativeMethods.xnWaitAnyUpdateAll(J)I+0
j  org.OpenNI.Context.waitAnyUpdateAll()V+4
J  openGeppetto.HandTracker.updateDepth()V
j  openGeppetto.HandTrackerFrame.run()V+45
j  java.lang.Thread.run()V+11
v  ~StubRoutines::call_stub

---------------  P R O C E S S  ---------------

Java Threads: ( => current thread )
  0x6bf3a400 JavaThread "Thread-10" [_thread_in_native, id=16893, stack(0x6c017000,0x6c068000)]
=>0x742c3c00 JavaThread "Thread-9" [_thread_in_native, id=16890, stack(0x789bc000,0x78a0d000)]
  0x7babb800 JavaThread "Thread-7" [_thread_in_native, id=16876, stack(0x78a0d000,0x78a5e000)]
  0x7bac9000 JavaThread "Thread-2" [_thread_in_native, id=16871, stack(0x78a5e000,0x78aaf000)]
  0x7bac8000 JavaThread "Thread-1" [_thread_in_native, id=16870, stack(0x78aaf000,0x78b00000)]
  0x7ba4d800 JavaThread "TimerQueue" daemon [_thread_blocked, id=16869, stack(0x77805000,0x77856000)]
  0xb6605800 JavaThread "DestroyJavaVM" [_thread_blocked, id=16851, stack(0xb6712000,0xb6763000)]
  0x78eec400 JavaThread "AWT-EventQueue-0" [_thread_in_native, id=16868, stack(0x77856000,0x778a7000)]
  0x78eeb800 JavaThread "AWT-Shutdown" [_thread_blocked, id=16867, stack(0x778a7000,0x778f8000)]
  0x7b0c7800 JavaThread "AWT-XAWT" daemon [_thread_in_native, id=16863, stack(0x7ab9a000,0x7abeb000)]
  0x7b010400 JavaThread "Java2D Disposer" daemon [_thread_blocked, id=16862, stack(0x7ac96000,0x7ace7000)]
  0xb66a4400 JavaThread "Low Memory Detector" daemon [_thread_blocked, id=16860, stack(0x7b1c5000,0x7b216000)]
  0xb66a2800 JavaThread "C2 CompilerThread1" daemon [_thread_blocked, id=16859, stack(0x7b216000,0x7b297000)]
  0xb66a0800 JavaThread "C2 CompilerThread0" daemon [_thread_blocked, id=16858, stack(0x7b297000,0x7b318000)]
  0xb669f000 JavaThread "Signal Dispatcher" daemon [_thread_blocked, id=16857, stack(0x7b318000,0x7b369000)]
  0xb668f800 JavaThread "Finalizer" daemon [_thread_blocked, id=16856, stack(0x7b92e000,0x7b97f000)]
  0xb668e000 JavaThread "Reference Handler" daemon [_thread_blocked, id=16855, stack(0x7b569000,0x7b5ba000)]

Other Threads:
  0xb668a400 VMThread [stack: 0x7b5ba000,0x7b63b000] [id=16854]
  0xb66a6000 WatcherThread [stack: 0x7b144000,0x7b1c5000] [id=16861]

VM state:not at safepoint (normal execution)

VM Mutex/Monitor currently owned by a thread: None

Heap
 PSYoungGen      total 13888K, used 11445K [0xa3820000, 0xa5500000, 0xb34c0000)
  eden space 11904K, 79% used [0xa3820000,0xa415dcf8,0xa43c0000)
  from space 1984K, 99% used [0xa4400000,0xa45ef7d0,0xa45f0000)
  to   space 8832K, 0% used [0xa4c60000,0xa4c60000,0xa5500000)
 PSOldGen        total 32320K, used 15358K [0x83ec0000, 0x85e50000, 0xa3820000)
  object space 32320K, 47% used [0x83ec0000,0x84dbf928,0x85e50000)
 PSPermGen       total 16384K, used 11572K [0x7bec0000, 0x7cec0000, 0x83ec0000)
  object space 16384K, 70% used [0x7bec0000,0x7ca0d388,0x7cec0000)

Code Cache  [0xb3583000, 0xb37c3000, 0xb6583000)
 total_blobs=443 nmethods=209 adapters=188 free_code_cache=49580800 largest_free_block=6016

Dynamic libraries:
08048000-08051000 r-xp 00000000 08:05 1333819    /usr/lib/jvm/java-6-openjdk-i386/jre/bin/java
08051000-08052000 r--p 00008000 08:05 1333819    /usr/lib/jvm/java-6-openjdk-i386/jre/bin/java
08052000-08053000 rw-p 00009000 08:05 1333819    /usr/lib/jvm/java-6-openjdk-i386/jre/bin/java
0940e000-09798000 rw-p 00000000 00:00 0          [heap]
69608000-6bf00000 rw-p 00000000 00:00 0 
6bf00000-6bf43000 rw-p 00000000 00:00 0 
6bf43000-6c000000 ---p 00000000 00:00 0 
6c017000-6c01a000 ---p 00000000 00:00 0 
6c01a000-6c068000 rwxp 00000000 00:00 0 
6c068000-6c100000 rw-p 00000000 00:00 0 
6c100000-6c1fa000 rw-p 00000000 00:00 0 
6c1fa000-6c200000 ---p 00000000 00:00 0 
6c269000-6c300000 rw-p 00000000 00:00 0 
6c300000-6c3fd000 rw-p 00000000 00:00 0 
6c3fd000-6c400000 ---p 00000000 00:00 0 
6c485000-6cb00000 rw-p 00000000 00:00 0 
6cb00000-6cbfe000 rw-p 00000000 00:00 0 
6cbfe000-6cc00000 ---p 00000000 00:00 0 
6cc68000-6cd00000 rw-p 00000000 00:00 0 
6cd00000-6cf00000 rw-p 00000000 00:00 0 
6cf00000-6cffc000 rw-p 00000000 00:00 0 
6cffc000-6d000000 ---p 00000000 00:00 0 
6d033000-6d0ca000 rw-p 00000000 00:00 0 
6d0ca000-6d7d2000 r--s 00000000 00:12 23409998   /run/shm/16884_045e.02ae@2.7_Depth
6d7d2000-6d8ff000 rw-p 00000000 00:00 0 
6d8ff000-6d900000 ---p 00000000 00:00 0 
6d900000-6e100000 rwxp 00000000 00:00 0 
6e100000-6e1fc000 rw-p 00000000 00:00 0 
6e1fc000-6e200000 ---p 00000000 00:00 0 
6e201000-72751000 rw-p 00000000 00:00 0 
72751000-73cb1000 rw-p 00000000 00:00 0 
73cb1000-73ddd000 rw-s 00000000 00:04 130482181  /SYSV00000000 (deleted)
73ddd000-74200000 rw-p 00000000 00:00 0 
74200000-74300000 rw-p 00000000 00:00 0 
7434b000-74800000 rw-p 00000000 00:00 0 
74800000-748fe000 rw-p 00000000 00:00 0 
748fe000-74900000 ---p 00000000 00:00 0 
74957000-75100000 rw-p 00000000 00:00 0 
75100000-751ff000 rw-p 00000000 00:00 0 
751ff000-75200000 ---p 00000000 00:00 0 
75269000-75300000 rw-p 00000000 00:00 0 
75300000-753f6000 rw-p 00000000 00:00 0 
753f6000-75400000 ---p 00000000 00:00 0 
75469000-75500000 rw-p 00000000 00:00 0 
75500000-75600000 rw-p 00000000 00:00 0 
75600000-75700000 rw-p 00000000 00:00 0 
75769000-75800000 rw-p 00000000 00:00 0 
75800000-758f8000 rw-p 00000000 00:00 0 
758f8000-75900000 ---p 00000000 00:00 0 
75900000-759ec000 rw-p 00000000 00:00 0 
759ec000-75a00000 ---p 00000000 00:00 0 
75a69000-75b00000 rw-p 00000000 00:00 0 
75b00000-75bfe000 rw-p 00000000 00:00 0 
75bfe000-75c00000 ---p 00000000 00:00 0 
75c00000-75d00000 rw-p 00000000 00:00 0 
75d00000-75dfc000 rw-p 00000000 00:00 0 
75dfc000-75e00000 ---p 00000000 00:00 0 
75e33000-75eca000 rw-p 00000000 00:00 0 
75eca000-765d2000 r--s 00000000 00:12 23409998   /run/shm/16884_045e.02ae@2.7_Depth
765d2000-76b00000 rw-p 00000000 00:00 0 
76b00000-76bfd000 rw-p 00000000 00:00 0 
76bfd000-76c00000 ---p 00000000 00:00 0 
76c16000-76d0c000 r-xp 00000000 08:05 161654     /usr/lib/libXnVHandGenerator_1_5_2.so
76d0c000-76d0f000 r--p 000f5000 08:05 161654     /usr/lib/libXnVHandGenerator_1_5_2.so
76d0f000-76d10000 rw-p 000f8000 08:05 161654     /usr/lib/libXnVHandGenerator_1_5_2.so
76d10000-76d1c000 rw-p 00000000 00:00 0 
76d1c000-76df1000 r-xp 00000000 08:05 161653     /usr/lib/libXnVHandGenerator_1_4_2.so
76df1000-76df2000 ---p 000d5000 08:05 161653     /usr/lib/libXnVHandGenerator_1_4_2.so
76df2000-76df4000 r--p 000d5000 08:05 161653     /usr/lib/libXnVHandGenerator_1_4_2.so
76df4000-76df5000 rw-p 000d7000 08:05 161653     /usr/lib/libXnVHandGenerator_1_4_2.so
76df5000-76df7000 rw-p 00000000 00:00 0 
76df7000-76ecb000 r-xp 00000000 08:05 161652     /usr/lib/libXnVHandGenerator_1_4_1.so
76ecb000-76ecc000 ---p 000d4000 08:05 161652     /usr/lib/libXnVHandGenerator_1_4_1.so
76ecc000-76ece000 r--p 000d4000 08:05 161652     /usr/lib/libXnVHandGenerator_1_4_1.so
76ece000-76ecf000 rw-p 000d6000 08:05 161652     /usr/lib/libXnVHandGenerator_1_4_1.so
76ecf000-76ed1000 rw-p 00000000 00:00 0 
76ed1000-76faf000 r-xp 00000000 08:05 161651     /usr/lib/libXnVHandGenerator_1_3_1.so
76faf000-76fb2000 r--p 000dd000 08:05 161651     /usr/lib/libXnVHandGenerator_1_3_1.so
76fb2000-76fb3000 rw-p 000e0000 08:05 161651     /usr/lib/libXnVHandGenerator_1_3_1.so
76fb3000-76fb5000 rw-p 00000000 00:00 0 
76fb5000-773d0000 r-xp 00000000 08:05 161648     /usr/lib/libXnVFeatures_1_5_2.so
773d0000-773d8000 r--p 0041a000 08:05 161648     /usr/lib/libXnVFeatures_1_5_2.so
773d8000-773d9000 rw-p 00422000 08:05 161648     /usr/lib/libXnVFeatures_1_5_2.so
773d9000-773ed000 rw-p 00000000 00:00 0 
773ed000-775d4000 r-xp 00000000 08:05 161639     /usr/lib/libXnVFeatures_1_4_2.so
775d4000-775d7000 r--p 001e6000 08:05 161639     /usr/lib/libXnVFeatures_1_4_2.so
775d7000-775d8000 rw-p 001e9000 08:05 161639     /usr/lib/libXnVFeatures_1_4_2.so
775d8000-775dd000 rw-p 00000000 00:00 0 
775dd000-777fb000 r-xp 00000000 08:05 161631     /usr/lib/libXnVFeatures_1_3_1.so
777fb000-777fc000 ---p 0021e000 08:05 161631     /usr/lib/libXnVFeatures_1_3_1.so
777fc000-777ff000 r--p 0021e000 08:05 161631     /usr/lib/libXnVFeatures_1_3_1.so
777ff000-77800000 rw-p 00221000 08:05 161631     /usr/lib/libXnVFeatures_1_3_1.so
77800000-77805000 rw-p 00000000 00:00 0 
77805000-778f8000 rwxp 00000000 00:00 0 
778f8000-778f9000 ---p 00000000 00:00 0 
778f9000-780f9000 rwxp 00000000 00:00 0 
780f9000-78113000 r-xp 00000000 08:05 395193     /usr/lib/i386-linux-gnu/libdbusmenu-glib.so.4.0.13
78113000-78114000 r--p 00019000 08:05 395193     /usr/lib/i386-linux-gnu/libdbusmenu-glib.so.4.0.13
78114000-78115000 rw-p 0001a000 08:05 395193     /usr/lib/i386-linux-gnu/libdbusmenu-glib.so.4.0.13
78115000-78126000 r-xp 00000000 08:05 395148     /usr/lib/i386-linux-gnu/libdbusmenu-gtk.so.4.0.13
78126000-78127000 r--p 00010000 08:05 395148     /usr/lib/i386-linux-gnu/libdbusmenu-gtk.so.4.0.13
78127000-78128000 rw-p 00011000 08:05 395148     /usr/lib/i386-linux-gnu/libdbusmenu-gtk.so.4.0.13
78140000-7814e000 r-xp 00000000 08:05 2239330    /lib/i386-linux-gnu/libudev.so.0.13.0
7814e000-7814f000 r--p 0000e000 08:05 2239330    /lib/i386-linux-gnu/libudev.so.0.13.0
7814f000-78150000 rw-p 0000f000 08:05 2239330    /lib/i386-linux-gnu/libudev.so.0.13.0
78150000-78197000 r-xp 00000000 08:05 2254951    /lib/i386-linux-gnu/libdbus-1.so.3.5.8
78197000-78198000 r--p 00047000 08:05 2254951    /lib/i386-linux-gnu/libdbus-1.so.3.5.8
78198000-78199000 rw-p 00048000 08:05 2254951    /lib/i386-linux-gnu/libdbus-1.so.3.5.8
781aa000-781af000 r-xp 00000000 08:05 788095     /usr/lib/gtk-2.0/2.10.0/menuproxies/libappmenu.so
781af000-781b0000 r--p 00004000 08:05 788095     /usr/lib/gtk-2.0/2.10.0/menuproxies/libappmenu.so
781b0000-781b1000 rw-p 00005000 08:05 788095     /usr/lib/gtk-2.0/2.10.0/menuproxies/libappmenu.so
781b1000-781da000 r-xp 00000000 08:05 792411     /usr/lib/i386-linux-gnu/gio/modules/libgvfsdbus.so
781da000-781db000 r--p 00028000 08:05 792411     /usr/lib/i386-linux-gnu/gio/modules/libgvfsdbus.so
781db000-781dc000 rw-p 00029000 08:05 792411     /usr/lib/i386-linux-gnu/gio/modules/libgvfsdbus.so
781dc000-78220000 r-xp 00000000 08:05 395924     /usr/lib/i386-linux-gnu/libibus-1.0.so.0.401.0
78220000-78221000 r--p 00043000 08:05 395924     /usr/lib/i386-linux-gnu/libibus-1.0.so.0.401.0
78221000-78222000 rw-p 00044000 08:05 395924     /usr/lib/i386-linux-gnu/libibus-1.0.so.0.401.0
78223000-78238000 r-xp 00000000 08:05 792412     /usr/lib/i386-linux-gnu/gvfs/libgvfscommon.so
78238000-78239000 r--p 00014000 08:05 792412     /usr/lib/i386-linux-gnu/gvfs/libgvfscommon.so
78239000-7823a000 rw-p 00015000 08:05 792412     /usr/lib/i386-linux-gnu/gvfs/libgvfscommon.so
7823a000-78240000 r-xp 00000000 08:05 788628     /usr/lib/i386-linux-gnu/gtk-2.0/2.10.0/immodules/im-ibus.so
78240000-78241000 r--p 00005000 08:05 788628     /usr/lib/i386-linux-gnu/gtk-2.0/2.10.0/immodules/im-ibus.so
78241000-78242000 rw-p 00006000 08:05 788628     /usr/lib/i386-linux-gnu/gtk-2.0/2.10.0/immodules/im-ibus.so
78242000-78294000 r--p 00000000 08:05 1184653    /usr/share/fonts/truetype/ttf-dejavu/DejaVuSansMono.ttf
78294000-782eb000 r--p 00000000 08:05 1184682    /usr/share/fonts/truetype/ubuntu-font-family/Ubuntu-R.ttf
782eb000-782ed000 r-xp 00000000 08:05 791707     /usr/lib/i386-linux-gnu/pango/1.6.0/modules/pango-basic-fc.so
782ed000-782ee000 r--p 00001000 08:05 791707     /usr/lib/i386-linux-gnu/pango/1.6.0/modules/pango-basic-fc.so
782ee000-782ef000 rw-p 00002000 08:05 791707     /usr/lib/i386-linux-gnu/pango/1.6.0/modules/pango-basic-fc.so
782ef000-782f0000 r--s 00000000 08:05 1465822    /var/cache/fontconfig/c05880de57d1f5e948fdfacc138775d9-le32d4.cache-3
782f0000-782f6000 r--s 00000000 08:05 1463331    /var/cache/fontconfig/945677eb7aeaf62f1d50efc3fb3ec7d8-le32d4.cache-3
782f6000-782f8000 r--s 00000000 08:05 1465820    /var/cache/fontconfig/99e8ed0e538f840c565b6ed5dad60d56-le32d4.cache-3
782f8000-782fb000 r--s 00000000 08:05 1465819    /var/cache/fontconfig/2cd17615ca594fa2959ae173292e504c-le32d4.cache-3
782fb000-782fc000 r--s 00000000 08:05 1465818    /var/cache/fontconfig/e7071f4a29fa870f4323321c154eba04-le32d4.cache-3
782fc000-782fd000 r--s 00000000 08:05 1465817    /var/cache/fontconfig/0d8c3b2ac0904cb8a57a757ad11a4a08-le32d4.cache-3
782fd000-78301000 r--s 00000000 08:05 1465816    /var/cache/fontconfig/a755afe4a08bf5b97852ceb7400b47bc-le32d4.cache-3
78301000-78308000 r--s 00000000 08:05 1465815    /var/cache/fontconfig/6d41288fd70b0be22e8c3a91e032eec0-le32d4.cache-3
78308000-78313000 r--s 00000000 08:05 1465814    /var/cache/fontconfig/04aabc0a78ac019cf9454389977116d2-le32d4.cache-3
78313000-78316000 r--s 00000000 08:05 1465813    /var/cache/fontconfig/385c0604a188198f04d133e54aba7fe7-le32d4.cache-3
78316000-78317000 r--s 00000000 08:05 1465812    /var/cache/fontconfig/4794a0821666d79190d59a36cb4f44b5-le32d4.cache-3
78317000-7831a000 r--s 00000000 08:05 1465811    /var/cache/fontconfig/8801497958630a81b71ace7c5f9b32a8-le32d4.cache-3
7831a000-7831e000 r--s 00000000 08:05 1465800    /var/cache/fontconfig/b47c4e1ecd0709278f4910c18777a504-le32d4.cache-3
7831e000-7832b000 r--s 00000000 08:05 1465799    /var/cache/fontconfig/d52a8644073d54c13679302ca1180695-le32d4.cache-3
7832b000-78333000 r--s 00000000 08:05 1475047    /var/cache/fontconfig/e13b20fdb08344e0e664864cc2ede53d-le32d4.cache-3
7837a000-78561000 r-xp 00000000 08:05 161635     /usr/lib/libXnVFeatures_1_4_1.so
78561000-78564000 r--p 001e6000 08:05 161635     /usr/lib/libXnVFeatures_1_4_1.so
78564000-78565000 rw-p 001e9000 08:05 161635     /usr/lib/libXnVFeatures_1_4_1.so
78565000-7856a000 rw-p 00000000 00:00 0 
7856a000-78591000 r-xp 00000000 08:05 161537     /usr/lib/libXnDeviceFile.so
78591000-78592000 r--p 00027000 08:05 161537     /usr/lib/libXnDeviceFile.so
78592000-78593000 rw-p 00028000 08:05 161537     /usr/lib/libXnDeviceFile.so
78593000-785d8000 r-xp 00000000 08:05 161536     /usr/lib/libXnDDK.so
785d8000-785da000 r--p 00044000 08:05 161536     /usr/lib/libXnDDK.so
785da000-785db000 rw-p 00046000 08:05 161536     /usr/lib/libXnDDK.so
785db000-785ff000 r-xp 00000000 08:05 161539     /usr/lib/libXnFormats.so
785ff000-78600000 r--p 00023000 08:05 161539     /usr/lib/libXnFormats.so
78600000-78601000 rw-p 00024000 08:05 161539     /usr/lib/libXnFormats.so
78601000-78621000 rw-p 00000000 00:00 0 
78621000-786a1000 r-xp 00000000 08:05 161538     /usr/lib/libXnDeviceSensorV2KM.so
786a1000-786a9000 r--p 00080000 08:05 161538     /usr/lib/libXnDeviceSensorV2KM.so
786a9000-786aa000 rw-p 00088000 08:05 161538     /usr/lib/libXnDeviceSensorV2KM.so
786aa000-786df000 r-xp 00000000 08:05 161438     /usr/lib/libnimCodecs.so
786df000-786e1000 r--p 00034000 08:05 161438     /usr/lib/libnimCodecs.so
786e1000-786e2000 rw-p 00036000 08:05 161438     /usr/lib/libnimCodecs.so
786e2000-78702000 rw-p 00000000 00:00 0 
78702000-78706000 r--s 00000000 08:05 1465810    /var/cache/fontconfig/3047814df9a2f067bd2d96a2b9c36e5a-le32d4.cache-3
78712000-78731000 r-xp 00000000 08:05 161440     /usr/lib/libnimRecorder.so
78731000-78732000 r--p 0001f000 08:05 161440     /usr/lib/libnimRecorder.so
78732000-78733000 rw-p 00020000 08:05 161440     /usr/lib/libnimRecorder.so
78733000-7875f000 r-xp 00000000 08:05 161439     /usr/lib/libnimMockNodes.so
7875f000-78766000 r--p 0002b000 08:05 161439     /usr/lib/libnimMockNodes.so
78766000-78767000 rw-p 00032000 08:05 161439     /usr/lib/libnimMockNodes.so
78767000-787e4000 r-xp 00000000 08:05 161442     /usr/lib/libOpenNI.so
787e4000-787e6000 r--p 0007c000 08:05 161442     /usr/lib/libOpenNI.so
787e6000-787e8000 rw-p 0007e000 08:05 161442     /usr/lib/libOpenNI.so
78800000-788fc000 rw-p 00000000 00:00 0 
788fc000-78900000 ---p 00000000 00:00 0 
78901000-78907000 r--s 00000000 08:05 1461815    /var/cache/fontconfig/41d598709ec5cc4c9ba1df9a59d93441-le32d4.cache-3
7890a000-7892a000 r-xp 00000000 08:05 161441     /usr/lib/libOpenNI.jni.so
7892a000-7892b000 r--p 0001f000 08:05 161441     /usr/lib/libOpenNI.jni.so
7892b000-7892d000 rw-p 00020000 08:05 161441     /usr/lib/libOpenNI.jni.so
7892d000-78972000 r-xp 00000000 08:05 395911     /usr/lib/i386-linux-gnu/libjpeg.so.8.0.2
78972000-78973000 r--p 00044000 08:05 395911     /usr/lib/i386-linux-gnu/libjpeg.so.8.0.2
78973000-78974000 rw-p 00045000 08:05 395911     /usr/lib/i386-linux-gnu/libjpeg.so.8.0.2
78974000-78984000 rw-p 00000000 00:00 0 
78984000-789b8000 r-xp 00000000 08:05 1317277    /usr/lib/jvm/java-6-openjdk-i386/jre/lib/i386/liblcms.so
789b8000-789b9000 r--p 00033000 08:05 1317277    /usr/lib/jvm/java-6-openjdk-i386/jre/lib/i386/liblcms.so
789b9000-789ba000 rw-p 00034000 08:05 1317277    /usr/lib/jvm/java-6-openjdk-i386/jre/lib/i386/liblcms.so
789ba000-789bc000 rw-p 00000000 00:00 0 
789bc000-789bf000 ---p 00000000 00:00 0 
789bf000-78b00000 rwxp 00000000 00:00 0 
78b00000-78c00000 rw-p 00000000 00:00 0 
78c00000-78c03000 r-xp 00000000 08:05 161535     /usr/lib/libXnCore.so
78c03000-78c04000 r--p 00002000 08:05 161535     /usr/lib/libXnCore.so
78c04000-78c05000 rw-p 00003000 08:05 161535     /usr/lib/libXnCore.so
78c05000-78c13000 r-xp 00000000 08:05 2233925    /lib/i386-linux-gnu/libusb-1.0.so.0.1.0
78c13000-78c14000 r--p 0000d000 08:05 2233925    /lib/i386-linux-gnu/libusb-1.0.so.0.1.0
78c14000-78c15000 rw-p 0000e000 08:05 2233925    /lib/i386-linux-gnu/libusb-1.0.so.0.1.0
78c15000-78c19000 r--s 0007d000 08:05 1312379    /usr/lib/jvm/java-6-openjdk-common/jre/lib/jsse.jar
78c19000-78c23000 r-xp 00000000 08:05 1317346    /usr/lib/jvm/java-6-openjdk-i386/jre/lib/i386/libjpeg.so
78c23000-78c24000 r--p 00009000 08:05 1317346    /usr/lib/jvm/java-6-openjdk-i386/jre/lib/i386/libjpeg.so
78c24000-78c25000 rw-p 0000a000 08:05 1317346    /usr/lib/jvm/java-6-openjdk-i386/jre/lib/i386/libjpeg.so
78c31000-78d61000 rw-p 00000000 00:00 0 
78d61000-78dc1000 rw-s 00000000 00:04 130416643  /SYSV00000000 (deleted)
78dc1000-78dc9000 r-xp 00000000 08:05 1317132    /usr/lib/jvm/java-6-openjdk-i386/jre/lib/i386/libnio.so
78dc9000-78dca000 r--p 00007000 08:05 1317132    /usr/lib/jvm/java-6-openjdk-i386/jre/lib/i386/libnio.so
78dca000-78dcb000 rw-p 00008000 08:05 1317132    /usr/lib/jvm/java-6-openjdk-i386/jre/lib/i386/libnio.so
78dcb000-78df4000 r-xp 00000000 08:05 396167     /usr/lib/i386-linux-gnu/libvorbis.so.0.4.5
78df4000-78df5000 r--p 00028000 08:05 396167     /usr/lib/i386-linux-gnu/libvorbis.so.0.4.5
78df5000-78df6000 rw-p 00029000 08:05 396167     /usr/lib/i386-linux-gnu/libvorbis.so.0.4.5
78df6000-78dfe000 r-xp 00000000 08:05 395966     /usr/lib/i386-linux-gnu/libltdl.so.7.3.0
78dfe000-78dff000 r--p 00008000 08:05 395966     /usr/lib/i386-linux-gnu/libltdl.so.7.3.0
78dff000-78e00000 rw-p 00009000 08:05 395966     /usr/lib/i386-linux-gnu/libltdl.so.7.3.0
78e00000-78eee000 rw-p 00000000 00:00 0 
78eee000-78f00000 ---p 00000000 00:00 0 
78f00000-78f06000 r-xp 00000000 08:05 396009     /usr/lib/i386-linux-gnu/libogg.so.0.7.1
78f06000-78f07000 r--p 00005000 08:05 396009     /usr/lib/i386-linux-gnu/libogg.so.0.7.1
78f07000-78f08000 rw-p 00006000 08:05 396009     /usr/lib/i386-linux-gnu/libogg.so.0.7.1
78f08000-78f19000 r-xp 00000000 08:05 396134     /usr/lib/i386-linux-gnu/libtdb.so.1.2.9
78f19000-78f1a000 r--p 00010000 08:05 396134     /usr/lib/i386-linux-gnu/libtdb.so.1.2.9
78f1a000-78f1b000 rw-p 00011000 08:05 396134     /usr/lib/i386-linux-gnu/libtdb.so.1.2.9
78f1b000-78f23000 r-xp 00000000 08:05 396171     /usr/lib/i386-linux-gnu/libvorbisfile.so.3.3.4
78f23000-78f24000 r--p 00007000 08:05 396171     /usr/lib/i386-linux-gnu/libvorbisfile.so.3.3.4
78f24000-78f25000 rw-p 00008000 08:05 396171     /usr/lib/i386-linux-gnu/libvorbisfile.so.3.3.4
78f25000-78f34000 r-xp 00000000 08:05 395704     /usr/lib/i386-linux-gnu/libcanberra.so.0.2.5
78f34000-78f35000 r--p 0000e000 08:05 395704     /usr/lib/i386-linux-gnu/libcanberra.so.0.2.5
78f35000-78f36000 rw-p 0000f000 08:05 395704     /usr/lib/i386-linux-gnu/libcanberra.so.0.2.5
78f36000-78f3a000 r-xp 00000000 08:05 395700     /usr/lib/i386-linux-gnu/libcanberra-gtk.so.0.1.8
78f3a000-78f3b000 r--p 00003000 08:05 395700     /usr/lib/i386-linux-gnu/libcanberra-gtk.so.0.1.8
78f3b000-78f3c000 rw-p 00004000 08:05 395700     /usr/lib/i386-linux-gnu/libcanberra-gtk.so.0.1.8
78f3c000-78f3d000 rw-p 00000000 00:00 0 
78f3d000-78f52000 r-xp 00000000 08:05 1317209    /usr/lib/jvm/java-6-openjdk-i386/jre/lib/i386/libnet.so
78f52000-78f53000 r--p 00014000 08:05 1317209    /usr/lib/jvm/java-6-openjdk-i386/jre/lib/i386/libnet.so
78f53000-78f54000 rw-p 00015000 08:05 1317209    /usr/lib/jvm/java-6-openjdk-i386/jre/lib/i386/libnet.so
78f54000-78f59000 r-xp 00000000 08:05 788642     /usr/lib/i386-linux-gnu/gtk-2.0/modules/libcanberra-gtk-module.so
78f59000-78f5a000 r--p 00004000 08:05 788642     /usr/lib/i386-linux-gnu/gtk-2.0/modules/libcanberra-gtk-module.so
78f5a000-78f5b000 rw-p 00005000 08:05 788642     /usr/lib/i386-linux-gnu/gtk-2.0/modules/libcanberra-gtk-module.so
78f5b000-78f90000 r-xp 00000000 08:05 788621     /usr/lib/i386-linux-gnu/gtk-2.0/2.10.0/engines/libmurrine.so
78f90000-78f91000 r--p 00034000 08:05 788621     /usr/lib/i386-linux-gnu/gtk-2.0/2.10.0/engines/libmurrine.so
78f91000-78f92000 rw-p 00035000 08:05 788621     /usr/lib/i386-linux-gnu/gtk-2.0/2.10.0/engines/libmurrine.so
78f92000-78f93000 ---p 00000000 00:00 0 
78f93000-79793000 rwxp 00000000 00:00 0 
79793000-79794000 ---p 00000000 00:00 0 
79794000-79f94000 rwxp 00000000 00:00 0 
79f94000-79f9b000 r-xp 00000000 08:05 788828     /usr/lib/i386-linux-gnu/gio/modules/libdconfsettings.so
79f9b000-79f9c000 r--p 00006000 08:05 788828     /usr/lib/i386-linux-gnu/gio/modules/libdconfsettings.so
79f9c000-79f9d000 rw-p 00007000 08:05 788828     /usr/lib/i386-linux-gnu/gio/modules/libdconfsettings.so
79f9d000-79fc1000 r--p 00000000 08:05 1181481    /usr/share/glib-2.0/schemas/gschemas.compiled
79fc1000-79ffb000 r-xp 00000000 08:05 2233895    /lib/i386-linux-gnu/libpcre.so.3.12.1
79ffb000-79ffc000 r--p 00039000 08:05 2233895    /lib/i386-linux-gnu/libpcre.so.3.12.1
79ffc000-79ffd000 rw-p 0003a000 08:05 2233895    /lib/i386-linux-gnu/libpcre.so.3.12.1
79ffd000-7a002000 r-xp 00000000 08:05 395784     /usr/lib/i386-linux-gnu/libffi.so.6.0.0
7a002000-7a003000 r--p 00004000 08:05 395784     /usr/lib/i386-linux-gnu/libffi.so.6.0.0
7a003000-7a004000 rw-p 00005000 08:05 395784     /usr/lib/i386-linux-gnu/libffi.so.6.0.0
7a004000-7a02a000 r-xp 00000000 08:05 2239363    /lib/i386-linux-gnu/libexpat.so.1.5.2
7a02a000-7a02b000 ---p 00026000 08:05 2239363    /lib/i386-linux-gnu/libexpat.so.1.5.2
7a02b000-7a02d000 r--p 00026000 08:05 2239363    /lib/i386-linux-gnu/libexpat.so.1.5.2
7a02d000-7a02e000 rw-p 00028000 08:05 2239363    /lib/i386-linux-gnu/libexpat.so.1.5.2
7a02e000-7a041000 r-xp 00000000 08:05 2230107    /lib/i386-linux-gnu/libresolv-2.15.so
7a041000-7a042000 ---p 00013000 08:05 2230107    /lib/i386-linux-gnu/libresolv-2.15.so
7a042000-7a043000 r--p 00013000 08:05 2230107    /lib/i386-linux-gnu/libresolv-2.15.so
7a043000-7a044000 rw-p 00014000 08:05 2230107    /lib/i386-linux-gnu/libresolv-2.15.so
7a044000-7a046000 rw-p 00000000 00:00 0 
7a046000-7a063000 r-xp 00000000 08:05 2233910    /lib/i386-linux-gnu/libselinux.so.1
7a063000-7a064000 r--p 0001c000 08:05 2233910    /lib/i386-linux-gnu/libselinux.so.1
7a064000-7a065000 rw-p 0001d000 08:05 2233910    /lib/i386-linux-gnu/libselinux.so.1
7a065000-7a068000 r-xp 00000000 08:05 395047     /usr/lib/i386-linux-gnu/libgmodule-2.0.so.0.3200.3
7a068000-7a069000 r--p 00002000 08:05 395047     /usr/lib/i386-linux-gnu/libgmodule-2.0.so.0.3200.3
7a069000-7a06a000 rw-p 00003000 08:05 395047     /usr/lib/i386-linux-gnu/libgmodule-2.0.so.0.3200.3
7a06a000-7a072000 r-xp 00000000 08:05 403857     /usr/lib/i386-linux-gnu/libxcb-render.so.0.0.0
7a072000-7a073000 r--p 00008000 08:05 403857     /usr/lib/i386-linux-gnu/libxcb-render.so.0.0.0
7a073000-7a074000 rw-p 00009000 08:05 403857     /usr/lib/i386-linux-gnu/libxcb-render.so.0.0.0
7a074000-7a076000 r-xp 00000000 08:05 403891     /usr/lib/i386-linux-gnu/libxcb-shm.so.0.0.0
7a076000-7a077000 r--p 00001000 08:05 403891     /usr/lib/i386-linux-gnu/libxcb-shm.so.0.0.0
7a077000-7a078000 rw-p 00002000 08:05 403891     /usr/lib/i386-linux-gnu/libxcb-shm.so.0.0.0
7a078000-7a0a0000 r-xp 00000000 08:05 2233899    /lib/i386-linux-gnu/libpng12.so.0.46.0
7a0a0000-7a0a1000 r--p 00027000 08:05 2233899    /lib/i386-linux-gnu/libpng12.so.0.46.0
7a0a1000-7a0a2000 rw-p 00028000 08:05 2233899    /lib/i386-linux-gnu/libpng12.so.0.46.0
7a0a2000-7a135000 r-xp 00000000 08:05 396041     /usr/lib/i386-linux-gnu/libpixman-1.so.0.24.4
7a135000-7a139000 r--p 00092000 08:05 396041     /usr/lib/i386-linux-gnu/libpixman-1.so.0.24.4
7a139000-7a13a000 rw-p 00096000 08:05 396041     /usr/lib/i386-linux-gnu/libpixman-1.so.0.24.4
7a13a000-7a13c000 r-xp 00000000 08:05 395608     /usr/lib/i386-linux-gnu/libXdamage.so.1.1.0
7a13c000-7a13d000 r--p 00001000 08:05 395608     /usr/lib/i386-linux-gnu/libXdamage.so.1.1.0
7a13d000-7a13e000 rw-p 00002000 08:05 395608     /usr/lib/i386-linux-gnu/libXdamage.so.1.1.0
7a13e000-7a140000 r-xp 00000000 08:05 395604     /usr/lib/i386-linux-gnu/libXcomposite.so.1.0.0
7a140000-7a141000 r--p 00001000 08:05 395604     /usr/lib/i386-linux-gnu/libXcomposite.so.1.0.0
7a141000-7a142000 rw-p 00002000 08:05 395604     /usr/lib/i386-linux-gnu/libXcomposite.so.1.0.0
7a142000-7a149000 r-xp 00000000 08:05 395630     /usr/lib/i386-linux-gnu/libXrandr.so.2.2.0
7a149000-7a14a000 r--p 00006000 08:05 395630     /usr/lib/i386-linux-gnu/libXrandr.so.2.2.0
7a14a000-7a14b000 rw-p 00007000 08:05 395630     /usr/lib/i386-linux-gnu/libXrandr.so.2.2.0
7a14b000-7a242000 r-xp 00000000 08:05 2238598    /lib/i386-linux-gnu/libglib-2.0.so.0.3200.3
7a242000-7a243000 r--p 000f6000 08:05 2238598    /lib/i386-linux-gnu/libglib-2.0.so.0.3200.3
7a243000-7a244000 rw-p 000f7000 08:05 2238598    /lib/i386-linux-gnu/libglib-2.0.so.0.3200.3
7a244000-7a291000 r-xp 00000000 08:05 395048     /usr/lib/i386-linux-gnu/libgobject-2.0.so.0.3200.3
7a291000-7a292000 r--p 0004c000 08:05 395048     /usr/lib/i386-linux-gnu/libgobject-2.0.so.0.3200.3
7a292000-7a293000 rw-p 0004d000 08:05 395048     /usr/lib/i386-linux-gnu/libgobject-2.0.so.0.3200.3
7a293000-7a2c5000 r-xp 00000000 08:05 395025     /usr/lib/i386-linux-gnu/libfontconfig.so.1.4.4
7a2c5000-7a2c6000 r--p 00032000 08:05 395025     /usr/lib/i386-linux-gnu/libfontconfig.so.1.4.4
7a2c6000-7a2c7000 rw-p 00033000 08:05 395025     /usr/lib/i386-linux-gnu/libfontconfig.so.1.4.4
7a2c7000-7a41a000 r-xp 00000000 08:05 395031     /usr/lib/i386-linux-gnu/libgio-2.0.so.0.3200.3
7a41a000-7a41c000 r--p 00153000 08:05 395031     /usr/lib/i386-linux-gnu/libgio-2.0.so.0.3200.3
7a41c000-7a41d000 rw-p 00155000 08:05 395031     /usr/lib/i386-linux-gnu/libgio-2.0.so.0.3200.3
7a41d000-7a41e000 rw-p 00000000 00:00 0 
7a41e000-7a4e5000 r-xp 00000000 08:05 394874     /usr/lib/i386-linux-gnu/libcairo.so.2.11000.2
7a4e5000-7a4e6000 r--p 000c7000 08:05 394874     /usr/lib/i386-linux-gnu/libcairo.so.2.11000.2
7a4e6000-7a4e7000 rw-p 000c8000 08:05 394874     /usr/lib/i386-linux-gnu/libcairo.so.2.11000.2
7a4e7000-7a4e9000 rw-p 00000000 00:00 0 
7a4e9000-7a594000 r-xp 00000000 08:05 395809     /usr/lib/i386-linux-gnu/libgdk-x11-2.0.so.0.2400.10
7a594000-7a595000 ---p 000ab000 08:05 395809     /usr/lib/i386-linux-gnu/libgdk-x11-2.0.so.0.2400.10
7a595000-7a597000 r--p 000ab000 08:05 395809     /usr/lib/i386-linux-gnu/libgdk-x11-2.0.so.0.2400.10
7a597000-7a598000 rw-p 000ad000 08:05 395809     /usr/lib/i386-linux-gnu/libgdk-x11-2.0.so.0.2400.10
7a598000-7a9f8000 r-xp 00000000 08:05 395904     /usr/lib/i386-linux-gnu/libgtk-x11-2.0.so.0.2400.10
7a9f8000-7a9fc000 r--p 00460000 08:05 395904     /usr/lib/i386-linux-gnu/libgtk-x11-2.0.so.0.2400.10
7a9fc000-7a9fe000 rw-p 00464000 08:05 395904     /usr/lib/i386-linux-gnu/libgtk-x11-2.0.so.0.2400.10
7a9fe000-7aa00000 rw-p 00000000 00:00 0 
7aa00000-7aafa000 rw-p 00000000 00:00 0 
7aafa000-7ab00000 ---p 00000000 00:00 0 
7ab00000-7ab03000 r--s 00000000 08:05 1463308    /var/cache/fontconfig/7ef2298fde41cc6eeb7af42e48b7d293-le32d4.cache-3
7ab03000-7ab4a000 r-xp 00000000 08:05 394891     /usr/lib/i386-linux-gnu/libpango-1.0.so.0.3000.0
7ab4a000-7ab4b000 ---p 00047000 08:05 394891     /usr/lib/i386-linux-gnu/libpango-1.0.so.0.3000.0
7ab4b000-7ab4c000 r--p 00047000 08:05 394891     /usr/lib/i386-linux-gnu/libpango-1.0.so.0.3000.0
7ab4c000-7ab4d000 rw-p 00048000 08:05 394891     /usr/lib/i386-linux-gnu/libpango-1.0.so.0.3000.0
7ab4d000-7ab77000 r-xp 00000000 08:05 395645     /usr/lib/i386-linux-gnu/libpangoft2-1.0.so.0.3000.0
7ab77000-7ab78000 r--p 00029000 08:05 395645     /usr/lib/i386-linux-gnu/libpangoft2-1.0.so.0.3000.0
7ab78000-7ab79000 rw-p 0002a000 08:05 395645     /usr/lib/i386-linux-gnu/libpangoft2-1.0.so.0.3000.0
7ab79000-7ab98000 r-xp 00000000 08:05 395811     /usr/lib/i386-linux-gnu/libgdk_pixbuf-2.0.so.0.2600.1
7ab98000-7ab99000 r--p 0001e000 08:05 395811     /usr/lib/i386-linux-gnu/libgdk_pixbuf-2.0.so.0.2600.1
7ab99000-7ab9a000 rw-p 0001f000 08:05 395811     /usr/lib/i386-linux-gnu/libgdk_pixbuf-2.0.so.0.2600.1
7ab9a000-7abeb000 rwxp 00000000 00:00 0 
7abeb000-7abec000 r--s 00000000 08:05 1465822    /var/cache/fontconfig/c05880de57d1f5e948fdfacc138775d9-le32d4.cache-3
7abec000-7abf2000 r--s 00000000 08:05 1463331    /var/cache/fontconfig/945677eb7aeaf62f1d50efc3fb3ec7d8-le32d4.cache-3
7abf2000-7abf4000 r--s 00000000 08:05 1465820    /var/cache/fontconfig/99e8ed0e538f840c565b6ed5dad60d56-le32d4.cache-3
7abf4000-7abf7000 r--s 00000000 08:05 1465819    /var/cache/fontconfig/2cd17615ca594fa2959ae173292e504c-le32d4.cache-3
7abf7000-7abf8000 r--s 00000000 08:05 1465818    /var/cache/fontconfig/e7071f4a29fa870f4323321c154eba04-le32d4.cache-3
7abf8000-7abf9000 r--s 00000000 08:05 1465817    /var/cache/fontconfig/0d8c3b2ac0904cb8a57a757ad11a4a08-le32d4.cache-3
7abf9000-7abfd000 r--s 00000000 08:05 1465816    /var/cache/fontconfig/a755afe4a08bf5b97852ceb7400b47bc-le32d4.cache-3
7abfd000-7ac04000 r--s 00000000 08:05 1465815    /var/cache/fontconfig/6d41288fd70b0be22e8c3a91e032eec0-le32d4.cache-3
7ac04000-7ac0f000 r--s 00000000 08:05 1465814    /var/cache/fontconfig/04aabc0a78ac019cf9454389977116d2-le32d4.cache-3
7ac0f000-7ac12000 r--s 00000000 08:05 1465813    /var/cache/fontconfig/385c0604a188198f04d133e54aba7fe7-le32d4.cache-3
7ac12000-7ac13000 r--s 00000000 08:05 1465812    /var/cache/fontconfig/4794a0821666d79190d59a36cb4f44b5-le32d4.cache-3
7ac13000-7ac16000 r--s 00000000 08:05 1465811    /var/cache/fontconfig/8801497958630a81b71ace7c5f9b32a8-le32d4.cache-3
7ac16000-7ac1a000 r--s 00000000 08:05 1465810    /var/cache/fontconfig/3047814df9a2f067bd2d96a2b9c36e5a-le32d4.cache-3
7ac1a000-7ac1b000 r--s 00000000 08:05 1465809    /var/cache/fontconfig/56cf4f4769d0f4abc89a4895d7bd3ae1-le32d4.cache-3
7ac1b000-7ac1c000 r--s 00000000 08:05 1465801    /var/cache/fontconfig/b9d506c9ac06c20b433354fa67a72993-le32d4.cache-3
7ac1c000-7ac20000 r--s 00000000 08:05 1465800    /var/cache/fontconfig/b47c4e1ecd0709278f4910c18777a504-le32d4.cache-3
7ac20000-7ac22000 r-xp 00000000 08:05 395620     /usr/lib/i386-linux-gnu/libXinerama.so.1.0.0
7ac22000-7ac23000 r--p 00001000 08:05 395620     /usr/lib/i386-linux-gnu/libXinerama.so.1.0.0
7ac23000-7ac24000 rw-p 00002000 08:05 395620     /usr/lib/i386-linux-gnu/libXinerama.so.1.0.0
7ac24000-7ac41000 r-xp 00000000 08:05 395658     /usr/lib/i386-linux-gnu/libatk-1.0.so.0.20409.1
7ac41000-7ac43000 r--p 0001c000 08:05 395658     /usr/lib/i386-linux-gnu/libatk-1.0.so.0.20409.1
7ac43000-7ac44000 rw-p 0001e000 08:05 395658     /usr/lib/i386-linux-gnu/libatk-1.0.so.0.20409.1
7ac44000-7ac4f000 r-xp 00000000 08:05 395559     /usr/lib/i386-linux-gnu/libpangocairo-1.0.so.0.3000.0
7ac4f000-7ac50000 r--p 0000a000 08:05 395559     /usr/lib/i386-linux-gnu/libpangocairo-1.0.so.0.3000.0
7ac50000-7ac51000 rw-p 0000b000 08:05 395559     /usr/lib/i386-linux-gnu/libpangocairo-1.0.so.0.3000.0
7ac51000-7ac55000 r-xp 00000000 08:05 395614     /usr/lib/i386-linux-gnu/libXfixes.so.3.1.0
7ac55000-7ac56000 r--p 00004000 08:05 395614     /usr/lib/i386-linux-gnu/libXfixes.so.3.1.0
7ac56000-7ac57000 rw-p 00005000 08:05 395614     /usr/lib/i386-linux-gnu/libXfixes.so.3.1.0
7ac57000-7ac60000 r-xp 00000000 08:05 395606     /usr/lib/i386-linux-gnu/libXcursor.so.1.0.2
7ac60000-7ac61000 r--p 00008000 08:05 395606     /usr/lib/i386-linux-gnu/libXcursor.so.1.0.2
7ac61000-7ac62000 rw-p 00009000 08:05 395606     /usr/lib/i386-linux-gnu/libXcursor.so.1.0.2
7ac62000-7ac63000 r--s 00000000 08:05 1465809    /var/cache/fontconfig/56cf4f4769d0f4abc89a4895d7bd3ae1-le32d4.cache-3
7ac63000-7ac68000 r--p 00000000 08:05 1977339    /home/cj/.config/dconf/user
7ac68000-7ac78000 r-xp 00000000 08:05 132856     /usr/lib/liboverlay-scrollbar-0.2.so.0.0.16
7ac78000-7ac79000 r--p 0000f000 08:05 132856     /usr/lib/liboverlay-scrollbar-0.2.so.0.0.16
7ac79000-7ac7a000 rw-p 00010000 08:05 132856     /usr/lib/liboverlay-scrollbar-0.2.so.0.0.16
7ac7a000-7ac81000 r--s 000fb000 08:05 1317123    /usr/lib/jvm/java-6-openjdk-common/jre/lib/resources.jar
7ac81000-7ac8e000 r--s 00000000 08:05 1465799    /var/cache/fontconfig/d52a8644073d54c13679302ca1180695-le32d4.cache-3
7ac8e000-7ac96000 r--s 00000000 08:05 1475047    /var/cache/fontconfig/e13b20fdb08344e0e664864cc2ede53d-le32d4.cache-3
7ac96000-7ace7000 rwxp 00000000 00:00 0 
7ace7000-7ad7c000 r-xp 00000000 08:05 395792     /usr/lib/i386-linux-gnu/libfreetype.so.6.8.0
7ad7c000-7ad80000 r--p 00094000 08:05 395792     /usr/lib/i386-linux-gnu/libfreetype.so.6.8.0
7ad80000-7ad81000 rw-p 00098000 08:05 395792     /usr/lib/i386-linux-gnu/libfreetype.so.6.8.0
7ad81000-7adbb000 r-xp 00000000 08:05 1317261    /usr/lib/jvm/java-6-openjdk-i386/jre/lib/i386/libfontmanager.so
7adbb000-7adbc000 r--p 00039000 08:05 1317261    /usr/lib/jvm/java-6-openjdk-i386/jre/lib/i386/libfontmanager.so
7adbc000-7adbd000 rw-p 0003a000 08:05 1317261    /usr/lib/jvm/java-6-openjdk-i386/jre/lib/i386/libfontmanager.so
7adbd000-7aeed000 r-xp 00000000 08:05 395597     /usr/lib/i386-linux-gnu/libX11.so.6.3.0
7aeed000-7aeee000 r--p 0012f000 08:05 395597     /usr/lib/i386-linux-gnu/libX11.so.6.3.0
7aeee000-7aef0000 rw-p 00130000 08:05 395597     /usr/lib/i386-linux-gnu/libX11.so.6.3.0
7aef0000-7aef1000 rw-p 00000000 00:00 0 
7aef1000-7af3d000 r-xp 00000000 08:05 1315753    /usr/lib/jvm/java-6-openjdk-i386/jre/lib/i386/xawt/libmawt.so
7af3d000-7af3e000 r--p 0004b000 08:05 1315753    /usr/lib/jvm/java-6-openjdk-i386/jre/lib/i386/xawt/libmawt.so
7af3e000-7af40000 rw-p 0004c000 08:05 1315753    /usr/lib/jvm/java-6-openjdk-i386/jre/lib/i386/xawt/libmawt.so
7af40000-7af41000 rw-p 00000000 00:00 0 
7af41000-7afd4000 r-xp 00000000 08:05 1317134    /usr/lib/jvm/java-6-openjdk-i386/jre/lib/i386/libawt.so
7afd4000-7afd5000 r--p 00092000 08:05 1317134    /usr/lib/jvm/java-6-openjdk-i386/jre/lib/i386/libawt.so
7afd5000-7afdc000 rw-p 00093000 08:05 1317134    /usr/lib/jvm/java-6-openjdk-i386/jre/lib/i386/libawt.so
7afdc000-7b000000 rw-p 00000000 00:00 0 
7b000000-7b100000 rw-p 00000000 00:00 0 
7b100000-7b101000 r--s 00000000 08:05 1465801    /var/cache/fontconfig/b9d506c9ac06c20b433354fa67a72993-le32d4.cache-3
7b101000-7b107000 r--s 00000000 08:05 1461815    /var/cache/fontconfig/41d598709ec5cc4c9ba1df9a59d93441-le32d4.cache-3
7b107000-7b10a000 r--s 00000000 08:05 1463308    /var/cache/fontconfig/7ef2298fde41cc6eeb7af42e48b7d293-le32d4.cache-3
7b10a000-7b10b000 r--s 00000000 08:05 1465822    /var/cache/fontconfig/c05880de57d1f5e948fdfacc138775d9-le32d4.cache-3
7b10b000-7b111000 r--s 00000000 08:05 1463331    /var/cache/fontconfig/945677eb7aeaf62f1d50efc3fb3ec7d8-le32d4.cache-3
7b111000-7b118000 r--s 00000000 08:05 1465815    /var/cache/fontconfig/6d41288fd70b0be22e8c3a91e032eec0-le32d4.cache-3
7b118000-7b123000 r--s 00000000 08:05 1465814    /var/cache/fontconfig/04aabc0a78ac019cf9454389977116d2-le32d4.cache-3
7b123000-7b142000 r-xp 00000000 08:05 395481     /usr/lib/i386-linux-gnu/libxcb.so.1.1.0
7b142000-7b143000 r--p 0001f000 08:05 395481     /usr/lib/i386-linux-gnu/libxcb.so.1.1.0
7b143000-7b144000 rw-p 00020000 08:05 395481     /usr/lib/i386-linux-gnu/libxcb.so.1.1.0
7b144000-7b145000 ---p 00000000 00:00 0 
7b145000-7b216000 rwxp 00000000 00:00 0 
7b216000-7b217000 ---p 00000000 00:00 0 
7b217000-7b297000 rwxp 00000000 00:00 0 
7b297000-7b298000 ---p 00000000 00:00 0 
7b298000-7b369000 rwxp 00000000 00:00 0 
7b369000-7b569000 r--p 00000000 08:05 396324     /usr/lib/locale/locale-archive
7b569000-7b5ba000 rwxp 00000000 00:00 0 
7b5ba000-7b5bb000 ---p 00000000 00:00 0 
7b5bb000-7b63b000 rwxp 00000000 00:00 0 
7b63b000-7b66e000 rw-p 00000000 00:00 0 
7b66e000-7b800000 r--s 037c2000 08:05 1315490    /usr/lib/jvm/java-6-openjdk-i386/jre/lib/rt.jar
7b800000-7b8fd000 rw-p 00000000 00:00 0 
7b8fd000-7b900000 ---p 00000000 00:00 0 
7b900000-7b901000 r--s 00000000 08:05 1992181    /home/cj/.cache/dconf/user
7b901000-7b903000 r--s 00000000 08:05 1465820    /var/cache/fontconfig/99e8ed0e538f840c565b6ed5dad60d56-le32d4.cache-3
7b903000-7b906000 r--s 00000000 08:05 1465819    /var/cache/fontconfig/2cd17615ca594fa2959ae173292e504c-le32d4.cache-3
7b906000-7b90a000 r--s 00000000 08:05 1465816    /var/cache/fontconfig/a755afe4a08bf5b97852ceb7400b47bc-le32d4.cache-3
7b90a000-7b90d000 r--s 00000000 08:05 1465813    /var/cache/fontconfig/385c0604a188198f04d133e54aba7fe7-le32d4.cache-3
7b90d000-7b90e000 r--s 00000000 08:05 1465812    /var/cache/fontconfig/4794a0821666d79190d59a36cb4f44b5-le32d4.cache-3
7b90e000-7b911000 r--s 00000000 08:05 1465811    /var/cache/fontconfig/8801497958630a81b71ace7c5f9b32a8-le32d4.cache-3
7b911000-7b91e000 r--s 00000000 08:05 1465799    /var/cache/fontconfig/d52a8644073d54c13679302ca1180695-le32d4.cache-3
7b91e000-7b92c000 r-xp 00000000 08:05 395618     /usr/lib/i386-linux-gnu/libXi.so.6.1.0
7b92c000-7b92d000 r--p 0000d000 08:05 395618     /usr/lib/i386-linux-gnu/libXi.so.6.1.0
7b92d000-7b92e000 rw-p 0000e000 08:05 395618     /usr/lib/i386-linux-gnu/libXi.so.6.1.0
7b92e000-7b97f000 rwxp 00000000 00:00 0 
7b97f000-7b980000 ---p 00000000 00:00 0 
7b980000-7ba00000 rwxp 00000000 00:00 0 
7ba00000-7baec000 rw-p 00000000 00:00 0 
7baec000-7bb00000 ---p 00000000 00:00 0 
7bb00000-7bb05000 r-xp 00000000 08:05 395610     /usr/lib/i386-linux-gnu/libXdmcp.so.6.0.0
7bb05000-7bb06000 r--p 00004000 08:05 395610     /usr/lib/i386-linux-gnu/libXdmcp.so.6.0.0
7bb06000-7bb07000 rw-p 00005000 08:05 395610     /usr/lib/i386-linux-gnu/libXdmcp.so.6.0.0
7bb07000-7bb09000 r-xp 00000000 08:05 395599     /usr/lib/i386-linux-gnu/libXau.so.6.0.0
7bb09000-7bb0a000 r--p 00001000 08:05 395599     /usr/lib/i386-linux-gnu/libXau.so.6.0.0
7bb0a000-7bb0b000 rw-p 00002000 08:05 395599     /usr/lib/i386-linux-gnu/libXau.so.6.0.0
7bb0b000-7bb10000 r-xp 00000000 08:05 395636     /usr/lib/i386-linux-gnu/libXtst.so.6.1.0
7bb10000-7bb11000 r--p 00004000 08:05 395636     /usr/lib/i386-linux-gnu/libXtst.so.6.1.0
7bb11000-7bb12000 rw-p 00005000 08:05 395636     /usr/lib/i386-linux-gnu/libXtst.so.6.1.0
7bb12000-7bb1a000 r-xp 00000000 08:05 395632     /usr/lib/i386-linux-gnu/libXrender.so.1.3.0
7bb1a000-7bb1b000 r--p 00007000 08:05 395632     /usr/lib/i386-linux-gnu/libXrender.so.1.3.0
7bb1b000-7bb1c000 rw-p 00008000 08:05 395632     /usr/lib/i386-linux-gnu/libXrender.so.1.3.0
7bb1c000-7bb2c000 r-xp 00000000 08:05 395612     /usr/lib/i386-linux-gnu/libXext.so.6.4.0
7bb2c000-7bb2d000 r--p 0000f000 08:05 395612     /usr/lib/i386-linux-gnu/libXext.so.6.4.0
7bb2d000-7bb2e000 rw-p 00010000 08:05 395612     /usr/lib/i386-linux-gnu/libXext.so.6.4.0
7bb2e000-7bb2f000 r--s 00000000 08:05 1465818    /var/cache/fontconfig/e7071f4a29fa870f4323321c154eba04-le32d4.cache-3
7bb2f000-7bb30000 r--s 00000000 08:05 1465817    /var/cache/fontconfig/0d8c3b2ac0904cb8a57a757ad11a4a08-le32d4.cache-3
7bb30000-7bb34000 r--s 00000000 08:05 1465810    /var/cache/fontconfig/3047814df9a2f067bd2d96a2b9c36e5a-le32d4.cache-3
7bb34000-7bb38000 r--s 00000000 08:05 1465800    /var/cache/fontconfig/b47c4e1ecd0709278f4910c18777a504-le32d4.cache-3
7bb38000-7bb40000 r--s 00000000 08:05 1475047    /var/cache/fontconfig/e13b20fdb08344e0e664864cc2ede53d-le32d4.cache-3
7bb40000-7bb46000 r--s 00000000 08:05 1461815    /var/cache/fontconfig/41d598709ec5cc4c9ba1df9a59d93441-le32d4.cache-3
7bb46000-7bb47000 ---p 00000000 00:00 0 
7bb47000-7bbc7000 rwxp 00000000 00:00 0 
7bbc7000-7bbcf000 rw-p 00000000 00:00 0 
7bbcf000-7bc07000 rw-p 00000000 00:00 0 
7bc07000-7bc17000 rw-p 00000000 00:00 0 
7bc17000-7bd04000 rw-p 00000000 00:00 0 
7bd04000-7bd0c000 rw-p 00000000 00:00 0 
7bd0c000-7bd44000 rw-p 00000000 00:00 0 
7bd44000-7bd54000 rw-p 00000000 00:00 0 
7bd54000-7be40000 rw-p 00000000 00:00 0 
7be40000-7be50000 rw-p 00000000 00:00 0 
7be50000-7bebf000 rw-p 00000000 00:00 0 
7bebf000-7cec0000 rw-p 00000000 00:00 0 
7cec0000-83ec0000 rw-p 00000000 00:00 0 
83ec0000-85e50000 rw-p 00000000 00:00 0 
85e50000-a3820000 rw-p 00000000 00:00 0 
a3820000-a5500000 rw-p 00000000 00:00 0 
a5500000-b34c0000 rw-p 00000000 00:00 0 
b34c0000-b34c3000 r--s 00000000 08:05 1463308    /var/cache/fontconfig/7ef2298fde41cc6eeb7af42e48b7d293-le32d4.cache-3
b34c3000-b34cc000 rw-p 00000000 00:00 0 
b34cc000-b3583000 rw-p 00000000 00:00 0 
b3583000-b37c3000 rwxp 00000000 00:00 0 
b37c3000-b6583000 rw-p 00000000 00:00 0 
b6583000-b658e000 r-xp 00000000 08:05 2230103    /lib/i386-linux-gnu/libnss_files-2.15.so
b658e000-b658f000 r--p 0000a000 08:05 2230103    /lib/i386-linux-gnu/libnss_files-2.15.so
b658f000-b6590000 rw-p 0000b000 08:05 2230103    /lib/i386-linux-gnu/libnss_files-2.15.so
b6590000-b659a000 r-xp 00000000 08:05 2230115    /lib/i386-linux-gnu/libnss_nis-2.15.so
b659a000-b659b000 r--p 00009000 08:05 2230115    /lib/i386-linux-gnu/libnss_nis-2.15.so
b659b000-b659c000 rw-p 0000a000 08:05 2230115    /lib/i386-linux-gnu/libnss_nis-2.15.so
b659c000-b65b2000 r-xp 00000000 08:05 2230192    /lib/i386-linux-gnu/libnsl-2.15.so
b65b2000-b65b3000 r--p 00015000 08:05 2230192    /lib/i386-linux-gnu/libnsl-2.15.so
b65b3000-b65b4000 rw-p 00016000 08:05 2230192    /lib/i386-linux-gnu/libnsl-2.15.so
b65b4000-b65b6000 rw-p 00000000 00:00 0 
b65b6000-b65bd000 r-xp 00000000 08:05 2230098    /lib/i386-linux-gnu/libnss_compat-2.15.so
b65bd000-b65be000 r--p 00006000 08:05 2230098    /lib/i386-linux-gnu/libnss_compat-2.15.so
b65be000-b65bf000 rw-p 00007000 08:05 2230098    /lib/i386-linux-gnu/libnss_compat-2.15.so
b65bf000-b65c0000 r--s 00000000 08:05 1465809    /var/cache/fontconfig/56cf4f4769d0f4abc89a4895d7bd3ae1-le32d4.cache-3
b65c0000-b65c1000 r--s 00000000 08:05 1465801    /var/cache/fontconfig/b9d506c9ac06c20b433354fa67a72993-le32d4.cache-3
b65c1000-b65c2000 r--s 00000000 08:05 1998185    /home/cj/.netbeans/7.0/modules/ext/AbsoluteLayout.jar
b65c2000-b65c3000 r--s 0001c000 08:05 942735     /usr/share/java/swing-layout-1.0.4.jar
b65c3000-b65c7000 r--s 0001c000 08:05 161351     /usr/download/OpenNI/Platform/Linux/Bin/x86-Release/org.OpenNI.jar
b65c7000-b65cb000 r--s 00038000 08:05 1315760    /usr/lib/jvm/java-6-openjdk-common/jre/lib/ext/sunpkcs11.jar
b65cb000-b65ce000 r--s 00031000 08:05 1315755    /usr/lib/jvm/java-6-openjdk-common/jre/lib/ext/sunjce_provider.jar
b65ce000-b65d1000 r--s 00077000 08:05 1317122    /usr/lib/jvm/java-6-openjdk-common/jre/lib/ext/localedata.jar
b65d1000-b65d3000 r--s 00001000 08:05 1315762    /usr/lib/jvm/java-6-openjdk-common/jre/lib/ext/dnsns.jar
b65d3000-b65d5000 r--s 0000f000 08:05 1315757    /usr/lib/jvm/java-6-openjdk-common/jre/lib/ext/pulse-java.jar
b65d5000-b65d6000 r--s 00007000 08:05 935309     /usr/share/java/java-atk-wrapper.jar
b65d6000-b65d7000 r--p 005e0000 08:05 396324     /usr/lib/locale/locale-archive
b65d7000-b65fd000 r-xp 00000000 08:05 1317129    /usr/lib/jvm/java-6-openjdk-i386/jre/lib/i386/libjava.so
b65fd000-b65fe000 r--p 00025000 08:05 1317129    /usr/lib/jvm/java-6-openjdk-i386/jre/lib/i386/libjava.so
b65fe000-b6600000 rw-p 00026000 08:05 1317129    /usr/lib/jvm/java-6-openjdk-i386/jre/lib/i386/libjava.so
b6600000-b66f3000 rw-p 00000000 00:00 0 
b66f3000-b6700000 ---p 00000000 00:00 0 
b6700000-b6707000 r-xp 00000000 08:05 1317130    /usr/lib/jvm/java-6-openjdk-i386/jre/lib/i386/libzip.so
b6707000-b6708000 r--p 00006000 08:05 1317130    /usr/lib/jvm/java-6-openjdk-i386/jre/lib/i386/libzip.so
b6708000-b6709000 rw-p 00007000 08:05 1317130    /usr/lib/jvm/java-6-openjdk-i386/jre/lib/i386/libzip.so
b6709000-b6710000 r-xp 00000000 08:05 2230109    /lib/i386-linux-gnu/librt-2.15.so
b6710000-b6711000 r--p 00006000 08:05 2230109    /lib/i386-linux-gnu/librt-2.15.so
b6711000-b6712000 rw-p 00007000 08:05 2230109    /lib/i386-linux-gnu/librt-2.15.so
b6712000-b6713000 ---p 00000000 00:00 0 
b6713000-b6763000 rwxp 00000000 00:00 0 
b6763000-b677f000 r-xp 00000000 08:05 2233843    /lib/i386-linux-gnu/libgcc_s.so.1
b677f000-b6780000 r--p 0001b000 08:05 2233843    /lib/i386-linux-gnu/libgcc_s.so.1
b6780000-b6781000 rw-p 0001c000 08:05 2233843    /lib/i386-linux-gnu/libgcc_s.so.1
b6781000-b67ab000 r-xp 00000000 08:05 2230159    /lib/i386-linux-gnu/libm-2.15.so
b67ab000-b67ac000 r--p 00029000 08:05 2230159    /lib/i386-linux-gnu/libm-2.15.so
b67ac000-b67ad000 rw-p 0002a000 08:05 2230159    /lib/i386-linux-gnu/libm-2.15.so
b67ad000-b6885000 r-xp 00000000 08:05 396126     /usr/lib/i386-linux-gnu/libstdc++.so.6.0.16
b6885000-b6886000 ---p 000d8000 08:05 396126     /usr/lib/i386-linux-gnu/libstdc++.so.6.0.16
b6886000-b688a000 r--p 000d8000 08:05 396126     /usr/lib/i386-linux-gnu/libstdc++.so.6.0.16
b688a000-b688b000 rw-p 000dc000 08:05 396126     /usr/lib/i386-linux-gnu/libstdc++.so.6.0.16
b688b000-b6892000 rw-p 00000000 00:00 0 
b6892000-b70b1000 r-xp 00000000 08:05 1317232    /usr/lib/jvm/java-6-openjdk-i386/jre/lib/i386/server/libjvm.so
b70b1000-b70b2000 ---p 0081f000 08:05 1317232    /usr/lib/jvm/java-6-openjdk-i386/jre/lib/i386/server/libjvm.so
b70b2000-b70f7000 r--p 0081f000 08:05 1317232    /usr/lib/jvm/java-6-openjdk-i386/jre/lib/i386/server/libjvm.so
b70f7000-b7106000 rw-p 00864000 08:05 1317232    /usr/lib/jvm/java-6-openjdk-i386/jre/lib/i386/server/libjvm.so
b7106000-b7522000 rw-p 00000000 00:00 0 
b7522000-b7536000 r-xp 00000000 08:05 2233933    /lib/i386-linux-gnu/libz.so.1.2.3.4
b7536000-b7537000 r--p 00013000 08:05 2233933    /lib/i386-linux-gnu/libz.so.1.2.3.4
b7537000-b7538000 rw-p 00014000 08:05 2233933    /lib/i386-linux-gnu/libz.so.1.2.3.4
b7538000-b76db000 r-xp 00000000 08:05 2230056    /lib/i386-linux-gnu/libc-2.15.so
b76db000-b76dc000 ---p 001a3000 08:05 2230056    /lib/i386-linux-gnu/libc-2.15.so
b76dc000-b76de000 r--p 001a3000 08:05 2230056    /lib/i386-linux-gnu/libc-2.15.so
b76de000-b76df000 rw-p 001a5000 08:05 2230056    /lib/i386-linux-gnu/libc-2.15.so
b76df000-b76e2000 rw-p 00000000 00:00 0 
b76e2000-b76e5000 r-xp 00000000 08:05 2230177    /lib/i386-linux-gnu/libdl-2.15.so
b76e5000-b76e6000 r--p 00002000 08:05 2230177    /lib/i386-linux-gnu/libdl-2.15.so
b76e6000-b76e7000 rw-p 00003000 08:05 2230177    /lib/i386-linux-gnu/libdl-2.15.so
b76e7000-b76eb000 r-xp 00000000 08:05 1317329    /usr/lib/jvm/java-6-openjdk-i386/jre/lib/i386/jli/libjli.so
b76eb000-b76ec000 r--p 00003000 08:05 1317329    /usr/lib/jvm/java-6-openjdk-i386/jre/lib/i386/jli/libjli.so
b76ec000-b76ed000 rw-p 00004000 08:05 1317329    /usr/lib/jvm/java-6-openjdk-i386/jre/lib/i386/jli/libjli.so
b76ed000-b76ee000 rw-p 00000000 00:00 0 
b76ee000-b7705000 r-xp 00000000 08:05 2230155    /lib/i386-linux-gnu/libpthread-2.15.so
b7705000-b7706000 r--p 00016000 08:05 2230155    /lib/i386-linux-gnu/libpthread-2.15.so
b7706000-b7707000 rw-p 00017000 08:05 2230155    /lib/i386-linux-gnu/libpthread-2.15.so
b7707000-b7709000 rw-p 00000000 00:00 0 
b7709000-b7711000 rw-s 00000000 08:05 2257826    /tmp/hsperfdata_cj/16847
b7711000-b7712000 rw-p 00000000 00:00 0 
b7712000-b7713000 r--p 00000000 00:00 0 
b7713000-b771e000 r-xp 00000000 08:05 1317306    /usr/lib/jvm/java-6-openjdk-i386/jre/lib/i386/libverify.so
b771e000-b771f000 ---p 0000b000 08:05 1317306    /usr/lib/jvm/java-6-openjdk-i386/jre/lib/i386/libverify.so
b771f000-b7720000 r--p 0000b000 08:05 1317306    /usr/lib/jvm/java-6-openjdk-i386/jre/lib/i386/libverify.so
b7720000-b7721000 rw-p 0000c000 08:05 1317306    /usr/lib/jvm/java-6-openjdk-i386/jre/lib/i386/libverify.so
b7721000-b7723000 rw-p 00000000 00:00 0 
b7723000-b7724000 r-xp 00000000 00:00 0          [vdso]
b7724000-b7744000 r-xp 00000000 08:05 2230160    /lib/i386-linux-gnu/ld-2.15.so
b7744000-b7745000 r--p 0001f000 08:05 2230160    /lib/i386-linux-gnu/ld-2.15.so
b7745000-b7746000 rw-p 00020000 08:05 2230160    /lib/i386-linux-gnu/ld-2.15.so
bfa28000-bfa48000 rwxp 00000000 00:00 0          [stack]
bfa48000-bfa49000 rw-p 00000000 00:00 0 

VM Arguments:
jvm_args: -Dfile.encoding=UTF-8 
java_command: openGeppetto.controlGUI
Launcher Type: SUN_STANDARD

Environment Variables:
PATH=/usr/local/Tekkotsu/tools/bin:/usr/local/Tekkotsu/tools/sbin:/usr/lib/lightdm/lightdm:/usr/local/sbin:/usr/local/bin:/usr/sbin:/usr/bin:/sbin:/bin:/usr/games
LD_LIBRARY_PATH=/usr/lib/jvm/java-6-openjdk-i386/jre/lib/i386/server:/usr/lib/jvm/java-6-openjdk-i386/jre/lib/i386:/usr/lib/jvm/java-6-openjdk-i386/jre/../lib/i386:/usr/lib/jvm/java-6-openjdk-i386/jre/lib/i386/client:/usr/lib/jvm/java-6-openjdk-i386/jre/lib/i386:/usr/lib/jvm/java-6-openjdk-i386/jre/../lib/i386
SHELL=/bin/bash
DISPLAY=:0

Signal Handlers:
SIGSEGV: [libjvm.so+0x66b320], sa_mask[0]=0x7ffbfeff, sa_flags=0x10000004
SIGBUS: [libjvm.so+0x66b320], sa_mask[0]=0x7ffbfeff, sa_flags=0x10000004
SIGFPE: [libjvm.so+0x52e8c0], sa_mask[0]=0x7ffbfeff, sa_flags=0x10000004
SIGPIPE: SIG_IGN, sa_mask[0]=0x00001000, sa_flags=0x10000000
SIGXFSZ: [libjvm.so+0x52e8c0], sa_mask[0]=0x7ffbfeff, sa_flags=0x10000004
SIGILL: [libjvm.so+0x52e8c0], sa_mask[0]=0x7ffbfeff, sa_flags=0x10000004
SIGUSR1: SIG_DFL, sa_mask[0]=0x00000000, sa_flags=0x00000000
SIGUSR2: [libjvm.so+0x52e750], sa_mask[0]=0x00000004, sa_flags=0x10000004
SIGHUP: [libjvm.so+0x5317f0], sa_mask[0]=0x7ffbfeff, sa_flags=0x10000004
SIGINT: SIG_IGN, sa_mask[0]=0x00000000, sa_flags=0x00000000
SIGTERM: [libjvm.so+0x5317f0], sa_mask[0]=0x7ffbfeff, sa_flags=0x10000004
SIGQUIT: [libjvm.so+0x5317f0], sa_mask[0]=0x7ffbfeff, sa_flags=0x10000004


---------------  S Y S T E M  ---------------

OS:Ubuntu 12.04 (precise)
uname:Linux 3.2.0-32-generic-pae #51-Ubuntu SMP Wed Sep 26 21:54:23 UTC 2012 i686
libc:glibc 2.15 NPTL 2.15 
rlimit: STACK 8192k, CORE 0k, NPROC 24083, NOFILE 4096, AS infinity
load average:1.26 0.75 0.95

/proc/meminfo:
MemTotal:        3097280 kB
MemFree:         1241280 kB
Buffers:           25448 kB
Cached:           333472 kB
SwapCached:        38312 kB
Active:           848576 kB
Inactive:         441720 kB
Active(anon):     729232 kB
Inactive(anon):   228096 kB
Active(file):     119344 kB
Inactive(file):   213624 kB
Unevictable:          68 kB
Mlocked:              68 kB
HighTotal:       2231816 kB
HighFree:         687872 kB
LowTotal:         865464 kB
LowFree:          553408 kB
SwapTotal:        999900 kB
SwapFree:         709860 kB
Dirty:               180 kB
Writeback:             0 kB
AnonPages:        915852 kB
Mapped:           118024 kB
Shmem:             25904 kB
Slab:              43944 kB
SReclaimable:      21140 kB
SUnreclaim:        22804 kB
KernelStack:        4264 kB
PageTables:        14048 kB
NFS_Unstable:          0 kB
Bounce:                0 kB
WritebackTmp:          0 kB
CommitLimit:     2548540 kB
Committed_AS:    4255324 kB
VmallocTotal:     122880 kB
VmallocUsed:       15640 kB
VmallocChunk:      83872 kB
HardwareCorrupted:     0 kB
AnonHugePages:         0 kB
HugePages_Total:       0
HugePages_Free:        0
HugePages_Rsvd:        0
HugePages_Surp:        0
Hugepagesize:       2048 kB
DirectMap4k:      139256 kB
DirectMap2M:      774144 kB


CPU:total 2 (2 cores per cpu, 1 threads per core) family 6 model 23 stepping 6, cmov, cx8, fxsr, mmx, sse, sse2, sse3, ssse3, sse4.1

Memory: 4k page, physical 3097280k(1241280k free), swap 999900k(709860k free)

vm_info: OpenJDK Server VM (20.0-b12) for linux-x86 JRE (1.6.0_24-b24), built on Oct 24 2012 16:19:13 by "buildd" with gcc 4.6.3

time: Wed Nov 14 14:30:19 2012
elapsed time: 40 seconds

